TpTrace Verbose: 0 : 37048, 1, 2026/01/30, 16:37:15.432, 302464623339, testhost.net48.exe, Version: 17.14.1-release-25411-02 Current process architecture: X64
TpTrace Verbose: 0 : 37048, 1, 2026/01/30, 16:37:15.435, 302464652771, testhost.net48.exe, Runtime location: C:\Windows\Microsoft.NET\Framework64\v4.0.30319
TpTrace Information: 0 : 37048, 1, 2026/01/30, 16:37:15.437, 302464666332, testhost.net48.exe, DefaultEngineInvoker.Invoke: Testhost process started with args :[--port, 62234],[--endpoint, 127.0.0.1:062234],[--role, client],[--parentprocessid, 30080],[--diag, C:\Proyectos\Code - Logger\ModularisTest\diag.host.26-01-30_16-37-14_97076_5.log],[--tracelevel, 4],[--telemetryoptedin, false]
TpTrace Information: 0 : 37048, 1, 2026/01/30, 16:37:15.437, 302464671619, testhost.net48.exe, DefaultEngineInvoker: Using Application Configuration: '<?xml version="1.0" encoding="utf-8"?>
<configuration>
  <startup useLegacyV2RuntimeActivationPolicy="true">
    <supportedRuntime version="v4.0" sku=".NETFramework,Version=v4.0" />
  </startup>
  <runtime>
    <legacyUnhandledExceptionPolicy enabled="1" />
    <legacyCorruptedStateExceptionsPolicy enabled="true" />
    <!-- To get stacktrace information for portable and embedded pdbs when net472 installed on machine.
          More details https://github.com/dotnet/designs/blob/master/accepted/diagnostics/debugging-with-symbols-and-sources.md#stack-traces -->
    <AppContextSwitchOverrides value="Switch.System.Diagnostics.IgnorePortablePDBsInStackTraces=false" />
    <assemblyBinding xmlns="urn:schemas-microsoft-com:asm.v1">
      <probing privatePath="Extensions" />
      <!-- Test adapters compiled against version 11-14, need to be redirected to version 15. -->
      <dependentAssembly>
        <assemblyIdentity name="Microsoft.VisualStudio.TestPlatform.ObjectModel" publicKeyToken="b03f5f7f11d50a3a" culture="neutral" />
        <bindingRedirect oldVersion="11.0.0.0-14.0.0.0" newVersion="15.0.0.0" />
      </dependentAssembly>
      <dependentAssembly>
        <assemblyIdentity name="Microsoft.VisualStudio.TestWindow.Interfaces" publicKeyToken="b03f5f7f11d50a3a" culture="neutral" />
        <bindingRedirect oldVersion="11.0.0.0-16.0.0.0" newVersion="17.0.0.0" />
      </dependentAssembly>
      <dependentAssembly>
        <assemblyIdentity name="Microsoft.VisualStudio.QualityTools.UnitTestFramework" publicKeyToken="b03f5f7f11d50a3a" culture="neutral" />
        <bindingRedirect oldVersion="10.1.0.0" newVersion="10.0.0.0" />
      </dependentAssembly>
      <dependentAssembly>
        <assemblyIdentity name="Microsoft.VisualStudio.QualityTools.Resource" publicKeyToken="b03f5f7f11d50a3a" culture="neutral" />
        <bindingRedirect oldVersion="10.0.0.0-16.0.0.0" newVersion="17.0.0.0" />
      </dependentAssembly>
      <dependentAssembly>
        <assemblyIdentity name="Microsoft.VisualStudio.QualityTools.ControllerObject" publicKeyToken="b03f5f7f11d50a3a" culture="neutral" />
        <bindingRedirect oldVersion="10.0.0.0-16.0.0.0" newVersion="17.0.0.0" />
      </dependentAssembly>
      <dependentAssembly>
        <assemblyIdentity name="Microsoft.VisualStudio.QualityTools.ExecutionCommon" publicKeyToken="b03f5f7f11d50a3a" culture="neutral" />
        <bindingRedirect oldVersion="10.0.0.0-16.0.0.0" newVersion="17.0.0.0" />
      </dependentAssembly>
      <dependentAssembly>
        <assemblyIdentity name="Microsoft.VisualStudio.QualityTools.Common" publicKeyToken="b03f5f7f11d50a3a" culture="neutral" />
        <bindingRedirect oldVersion="10.0.0.0-16.0.0.0" newVersion="17.0.0.0" />
      </dependentAssembly>
      <dependentAssembly>
        <assemblyIdentity name="Microsoft.VisualStudio.QualityTools.Tips.UnitTest.ObjectModel" publicKeyToken="b03f5f7f11d50a3a" culture="neutral" />
        <bindingRedirect oldVersion="10.0.0.0-16.0.0.0" newVersion="17.0.0.0" />
      </dependentAssembly>
      <dependentAssembly>
        <!-- Microsoft.Extensions.DependencyModel depends on version 9.0.0, and newer versions of that nuget don't support all the frameworks we need anymore. -->
        <assemblyIdentity name="Newtonsoft.Json" publicKeyToken="30ad4fe6b2a6aeed" culture="neutral" />
        <bindingRedirect oldVersion="9.0.0.0-13.0.0.0" newVersion="13.0.0.0" />
      </dependentAssembly>
      <dependentAssembly>
        <assemblyIdentity name="Microsoft.Extensions.FileSystemGlobbing" publicKeyToken="adb9793829ddae60" culture="neutral" />
        <bindingRedirect oldVersion="1.0.0.0-2.0.0.0" newVersion="2.0.0.0" />
      </dependentAssembly>
      <dependentAssembly>
        <assemblyIdentity name="System.Runtime.CompilerServices.Unsafe" publicKeyToken="b03f5f7f11d50a3a" culture="neutral" />
        <bindingRedirect oldVersion="1.0.0.0-6.0.0.0" newVersion="6.0.0.0" />
      </dependentAssembly>
      <dependentAssembly>
        <assemblyIdentity name="System.Collections.Immutable" publicKeyToken="b03f5f7f11d50a3a" culture="neutral" />
        <bindingRedirect oldVersion="1.0.0.0-8.0.0.0" newVersion="8.0.0.0" />
      </dependentAssembly>
      <dependentAssembly>
        <assemblyIdentity name="System.Reflection.Metadata" publicKeyToken="b03f5f7f11d50a3a" culture="neutral" />
        <bindingRedirect oldVersion="1.0.0.0-8.0.0.0" newVersion="8.0.0.0" />
      </dependentAssembly>
    </assemblyBinding>
  </runtime>
  <system.diagnostics>
    <switches>
      <add name="TpTraceLevel" value="0" />
    </switches>
  </system.diagnostics>
  <appSettings>
    <!--<add key="ExecutionThreadApartmentState" value ="MTA"/>-->
    <!--<add key="TraceLogMaxFileSizeInKb" value ="10240"/>-->
    <!-- MsTest Adapter Specific AppSettings -->
    <!-- This flag is added to support test execution for net35 tests through TMI adapter. -->
    <add key="TestProjectRetargetTo35Allowed" value="true" />
  </appSettings>
</configuration>'
TpTrace Information: 0 : 37048, 1, 2026/01/30, 16:37:15.438, 302464679264, testhost.net48.exe, DefaultEngineInvoker.SetParentProcessExitCallback: Monitoring parent process with id: '30080'
TpTrace Information: 0 : 37048, 1, 2026/01/30, 16:37:15.440, 302464699203, testhost.net48.exe, DefaultEngineInvoker.GetConnectionInfo: Initialize communication on endpoint address: '127.0.0.1:062234'
TpTrace Information: 0 : 37048, 1, 2026/01/30, 16:37:15.445, 302464747060, testhost.net48.exe, SocketClient.Start: connecting to server endpoint: 127.0.0.1:062234
TpTrace Information: 0 : 37048, 1, 2026/01/30, 16:37:15.447, 302464764604, testhost.net48.exe, DefaultEngineInvoker.Invoke: Start Request Processing.
TpTrace Information: 0 : 37048, 8, 2026/01/30, 16:37:15.448, 302464777507, testhost.net48.exe, SocketClient.OnServerConnected: connected to server endpoint: 127.0.0.1:062234
TpTrace Information: 0 : 37048, 7, 2026/01/30, 16:37:15.450, 302464799161, testhost.net48.exe, DefaultEngineInvoker.StartProcessingAsync: Connected to vstest.console, Starting process requests.
TpTrace Verbose: 0 : 37048, 8, 2026/01/30, 16:37:15.450, 302464800325, testhost.net48.exe, MulticastDelegateUtilities.SafeInvoke: SocketClient: ServerConnected: Invoking callback 1/1 for Microsoft.VisualStudio.TestPlatform.CommunicationUtilities.TestRequestHandler., took 0 ms.
TpTrace Verbose: 0 : 37048, 8, 2026/01/30, 16:37:15.450, 302464800828, testhost.net48.exe, Connected to server, and starting MessageLoopAsync
TpTrace Verbose: 0 : 37048, 8, 2026/01/30, 16:37:15.452, 302464818319, testhost.net48.exe, TcpClientExtensions.MessageLoopAsync: Polling on remoteEndPoint: 127.0.0.1:62234 localEndPoint: 127.0.0.1:62235 after 0 ms
TpTrace Verbose: 0 : 37048, 8, 2026/01/30, 16:37:15.477, 302465061462, testhost.net48.exe, TcpClientExtensions.MessageLoopAsync: NotifyDataAvailable remoteEndPoint: 127.0.0.1:62234 localEndPoint: 127.0.0.1:62235
TpTrace Information: 0 : 37048, 8, 2026/01/30, 16:37:15.480, 302465108022, testhost.net48.exe, TestRequestHandler.OnMessageReceived: received message: (ProtocolVersion) -> {"MessageType":"ProtocolVersion","Payload":7}
TpTrace Verbose: 0 : 37048, 8, 2026/01/30, 16:37:15.581, 302466103088, testhost.net48.exe, TestRequestHandler.SendData: sending data from testhost: {"Version":7,"MessageType":"TestSession.Message","Payload":{"MessageLevel":0,"Message":"Registrando diagnóstico de TestHost en el archivo: C:\\Proyectos\\Code - Logger\\ModularisTest\\diag.host.26-01-30_16-37-14_97076_5.log"}}
TpTrace Verbose: 0 : 37048, 8, 2026/01/30, 16:37:15.581, 302466105057, testhost.net48.exe, MulticastDelegateUtilities.SafeInvoke: LengthPrefixCommunicationChannel: MessageReceived: Invoking callback 1/1 for Microsoft.VisualStudio.TestPlatform.CommunicationUtilities.TestRequestHandler., took 103 ms.
TpTrace Verbose: 0 : 37048, 8, 2026/01/30, 16:37:15.581, 302466105572, testhost.net48.exe, TcpClientExtensions.MessageLoopAsync: Polling on remoteEndPoint: 127.0.0.1:62234 localEndPoint: 127.0.0.1:62235 after 128 ms
TpTrace Verbose: 0 : 37048, 8, 2026/01/30, 16:37:15.581, 302466105778, testhost.net48.exe, TcpClientExtensions.MessageLoopAsync: NotifyDataAvailable remoteEndPoint: 127.0.0.1:62234 localEndPoint: 127.0.0.1:62235
TpTrace Information: 0 : 37048, 8, 2026/01/30, 16:37:15.581, 302466106234, testhost.net48.exe, TestRequestHandler.OnMessageReceived: received message: (TestExecution.Initialize) -> {"Version":7,"MessageType":"TestExecution.Initialize","Payload":["C:\\Program Files\\dotnet\\sdk\\9.0.305\\Extensions\\Microsoft.Diagnostics.NETCore.Client.dll","C:\\Program Files\\dotnet\\sdk\\9.0.305\\Extensions\\Microsoft.TestPlatform.Extensions.BlameDataCollector.dll","C:\\Program Files\\dotnet\\sdk\\9.0.305\\Extensions\\Microsoft.TestPlatform.Extensions.EventLogCollector.dll","C:\\Program Files\\dotnet\\sdk\\9.0.305\\Extensions\\Microsoft.TestPlatform.TestHostRuntimeProvider.dll","C:\\Program Files\\dotnet\\sdk\\9.0.305\\Extensions\\Microsoft.VisualStudio.TestPlatform.Extensions.Html.TestLogger.dll","C:\\Program Files\\dotnet\\sdk\\9.0.305\\Extensions\\Microsoft.VisualStudio.TestPlatform.Extensions.Trx.TestLogger.dll","C:\\Proyectos\\Code - Logger\\ModularisTestUnitTests\\bin\\Debug\\Microsoft.VisualStudio.TestPlatform.MSTest.TestAdapter.dll"]}
TpTrace Verbose: 0 : 37048, 8, 2026/01/30, 16:37:15.583, 302466129591, testhost.net48.exe, MulticastDelegateUtilities.SafeInvoke: LengthPrefixCommunicationChannel: MessageReceived: Invoking callback 1/1 for Microsoft.VisualStudio.TestPlatform.CommunicationUtilities.TestRequestHandler., took 2 ms.
TpTrace Verbose: 0 : 37048, 8, 2026/01/30, 16:37:15.584, 302466130389, testhost.net48.exe, TcpClientExtensions.MessageLoopAsync: Polling on remoteEndPoint: 127.0.0.1:62234 localEndPoint: 127.0.0.1:62235 after 2 ms
TpTrace Verbose: 0 : 37048, 8, 2026/01/30, 16:37:15.584, 302466130709, testhost.net48.exe, TcpClientExtensions.MessageLoopAsync: NotifyDataAvailable remoteEndPoint: 127.0.0.1:62234 localEndPoint: 127.0.0.1:62235
TpTrace Information: 0 : 37048, 8, 2026/01/30, 16:37:15.584, 302466131170, testhost.net48.exe, TestRequestHandler.OnMessageReceived: received message: (TestExecution.StartWithSources) -> {"Version":7,"MessageType":"TestExecution.StartWithSources","Payload":{"AdapterSourceMap":{"_none_":["C:\\Proyectos\\Code - Logger\\ModularisTestUnitTests\\bin\\Debug\\ModularisTestUnitTests.dll"]},"RunSettings":"<RunSettings>\r\n  <RunConfiguration>\r\n    <ResultsDirectory>C:\\Proyectos\\Code - Logger\\ModularisTestUnitTests\\TestResults</ResultsDirectory>\r\n    <TargetFrameworkVersion>.NETFramework,Version=v4.8</TargetFrameworkVersion>\r\n    <DesignMode>False</DesignMode>\r\n    <CollectSourceInformation>False</CollectSourceInformation>\r\n  </RunConfiguration>\r\n  <LoggerRunSettings>\r\n    <Loggers>\r\n      <Logger friendlyName=\"Microsoft.TestPlatform.MSBuildLogger\" assemblyQualifiedName=\"Microsoft.VisualStudio.TestPlatform.CommandLine.Internal.MSBuildLogger, vstest.console, Version=15.0.0.0, Culture=neutral, PublicKeyToken=b03f5f7f11d50a3a\" codeBase=\"C:\\Program Files\\dotnet\\sdk\\9.0.305\\vstest.console.dll\" enabled=\"True\">\r\n        <Configuration>\r\n          <Verbosity>minimal</Verbosity>\r\n        </Configuration>\r\n      </Logger>\r\n    </Loggers>\r\n  </LoggerRunSettings>\r\n</RunSettings>","TestExecutionContext":{"FrequencyOfRunStatsChangeEvent":10,"RunStatsChangeEventTimeout":"00:00:01.5000000","InIsolation":false,"KeepAlive":false,"AreTestCaseLevelEventsRequired":false,"IsDebug":false,"TestCaseFilter":null,"FilterOptions":null},"Package":null}}
TpTrace Information: 0 : 37048, 3, 2026/01/30, 16:37:15.584, 302466135448, testhost.net48.exe, TestRequestHandler.OnMessageReceived: Running job 'TestExecution.Initialize'.
TpTrace Verbose: 0 : 37048, 3, 2026/01/30, 16:37:15.589, 302466196618, testhost.net48.exe, TestExecutorService: Loading the extensions
TpTrace Verbose: 0 : 37048, 8, 2026/01/30, 16:37:15.591, 302466218749, testhost.net48.exe, MulticastDelegateUtilities.SafeInvoke: LengthPrefixCommunicationChannel: MessageReceived: Invoking callback 1/1 for Microsoft.VisualStudio.TestPlatform.CommunicationUtilities.TestRequestHandler., took 8 ms.
TpTrace Verbose: 0 : 37048, 8, 2026/01/30, 16:37:15.592, 302466219835, testhost.net48.exe, TcpClientExtensions.MessageLoopAsync: Polling on remoteEndPoint: 127.0.0.1:62234 localEndPoint: 127.0.0.1:62235 after 8 ms
TpTrace Verbose: 0 : 37048, 3, 2026/01/30, 16:37:15.592, 302466224895, testhost.net48.exe, TestPluginCache.DiscoverTestExtensions: finding test extensions in assemblies ends with: TestAdapter.dll TPluginInfo: Microsoft.VisualStudio.TestPlatform.Common.ExtensionFramework.Utilities.TestExecutorPluginInformation TExtension: Microsoft.VisualStudio.TestPlatform.ObjectModel.Adapter.ITestExecutor
TpTrace Verbose: 0 : 37048, 3, 2026/01/30, 16:37:15.614, 302466434586, testhost.net48.exe, TestPluginCache.GetExtensionPaths: Filtered extension paths: 
TpTrace Verbose: 0 : 37048, 3, 2026/01/30, 16:37:15.614, 302466435743, testhost.net48.exe, TestPluginCache.GetExtensionPaths: Added default extension paths: C:\Program Files\dotnet\sdk\9.0.305\Extensions\Microsoft.Diagnostics.NETCore.Client.dll
C:\Program Files\dotnet\sdk\9.0.305\Extensions\Microsoft.TestPlatform.Extensions.BlameDataCollector.dll
C:\Program Files\dotnet\sdk\9.0.305\Extensions\Microsoft.TestPlatform.Extensions.EventLogCollector.dll
C:\Program Files\dotnet\sdk\9.0.305\Extensions\Microsoft.TestPlatform.TestHostRuntimeProvider.dll
C:\Program Files\dotnet\sdk\9.0.305\Extensions\Microsoft.VisualStudio.TestPlatform.Extensions.Html.TestLogger.dll
C:\Program Files\dotnet\sdk\9.0.305\Extensions\Microsoft.VisualStudio.TestPlatform.Extensions.Trx.TestLogger.dll
C:\Proyectos\Code - Logger\ModularisTestUnitTests\bin\Debug\Microsoft.VisualStudio.TestPlatform.MSTest.TestAdapter.dll
TpTrace Verbose: 0 : 37048, 3, 2026/01/30, 16:37:15.614, 302466436014, testhost.net48.exe, TestPluginCache.GetExtensionPaths: Added unfilterableExtensionPaths: 
TpTrace Information: 0 : 37048, 3, 2026/01/30, 16:37:15.615, 302466446516, testhost.net48.exe, AssemblyResolver.ctor: Creating AssemblyResolver with searchDirectories C:\Program Files\dotnet\sdk\9.0.305\Extensions,C:\Proyectos\Code - Logger\ModularisTestUnitTests\bin\Debug,C:\Program Files\dotnet\sdk\9.0.305\TestHostNetFramework
TpTrace Verbose: 0 : 37048, 3, 2026/01/30, 16:37:15.616, 302466450672, testhost.net48.exe, TestPluginCache.DiscoverTestExtensions: Discovering the extensions using extension path.
TpTrace Verbose: 0 : 37048, 3, 2026/01/30, 16:37:15.616, 302466451411, testhost.net48.exe, TestPluginCache.GetExtensionPaths: Filtered extension paths: 
TpTrace Verbose: 0 : 37048, 3, 2026/01/30, 16:37:15.616, 302466451648, testhost.net48.exe, TestPluginCache.GetExtensionPaths: Added default extension paths: C:\Program Files\dotnet\sdk\9.0.305\Extensions\Microsoft.Diagnostics.NETCore.Client.dll
C:\Program Files\dotnet\sdk\9.0.305\Extensions\Microsoft.TestPlatform.Extensions.BlameDataCollector.dll
C:\Program Files\dotnet\sdk\9.0.305\Extensions\Microsoft.TestPlatform.Extensions.EventLogCollector.dll
C:\Program Files\dotnet\sdk\9.0.305\Extensions\Microsoft.TestPlatform.TestHostRuntimeProvider.dll
C:\Program Files\dotnet\sdk\9.0.305\Extensions\Microsoft.VisualStudio.TestPlatform.Extensions.Html.TestLogger.dll
C:\Program Files\dotnet\sdk\9.0.305\Extensions\Microsoft.VisualStudio.TestPlatform.Extensions.Trx.TestLogger.dll
C:\Proyectos\Code - Logger\ModularisTestUnitTests\bin\Debug\Microsoft.VisualStudio.TestPlatform.MSTest.TestAdapter.dll
TpTrace Verbose: 0 : 37048, 3, 2026/01/30, 16:37:15.616, 302466452267, testhost.net48.exe, TestPluginCache.GetExtensionPaths: Added unfilterableExtensionPaths: 
TpTrace Verbose: 0 : 37048, 3, 2026/01/30, 16:37:15.616, 302466452563, testhost.net48.exe, TestPluginCache.DiscoverTestExtensions: Discovering the extensions using allExtensionPaths: C:\Program Files\dotnet\sdk\9.0.305\Extensions\Microsoft.Diagnostics.NETCore.Client.dll
C:\Program Files\dotnet\sdk\9.0.305\Extensions\Microsoft.TestPlatform.Extensions.BlameDataCollector.dll
C:\Program Files\dotnet\sdk\9.0.305\Extensions\Microsoft.TestPlatform.Extensions.EventLogCollector.dll
C:\Program Files\dotnet\sdk\9.0.305\Extensions\Microsoft.TestPlatform.TestHostRuntimeProvider.dll
C:\Program Files\dotnet\sdk\9.0.305\Extensions\Microsoft.VisualStudio.TestPlatform.Extensions.Html.TestLogger.dll
C:\Program Files\dotnet\sdk\9.0.305\Extensions\Microsoft.VisualStudio.TestPlatform.Extensions.Trx.TestLogger.dll
C:\Proyectos\Code - Logger\ModularisTestUnitTests\bin\Debug\Microsoft.VisualStudio.TestPlatform.MSTest.TestAdapter.dll
TpTrace Information: 0 : 37048, 3, 2026/01/30, 16:37:15.616, 302466459837, testhost.net48.exe, AssemblyResolver.AddSearchDirectories: Adding more searchDirectories C:\Program Files\dotnet\sdk\9.0.305\Extensions,C:\Program Files\dotnet\sdk\9.0.305\TestHostNetFramework
TpTrace Information: 0 : 37048, 3, 2026/01/30, 16:37:15.617, 302466460582, testhost.net48.exe, AssemblyResolver.AddSearchDirectories: Adding more searchDirectories C:\Program Files\dotnet\sdk\9.0.305\Extensions,C:\Program Files\dotnet\sdk\9.0.305\TestHostNetFramework
TpTrace Information: 0 : 37048, 3, 2026/01/30, 16:37:15.617, 302466460841, testhost.net48.exe, AssemblyResolver.AddSearchDirectories: Adding more searchDirectories C:\Program Files\dotnet\sdk\9.0.305\Extensions,C:\Program Files\dotnet\sdk\9.0.305\TestHostNetFramework
TpTrace Information: 0 : 37048, 3, 2026/01/30, 16:37:15.617, 302466461060, testhost.net48.exe, AssemblyResolver.AddSearchDirectories: Adding more searchDirectories C:\Program Files\dotnet\sdk\9.0.305\Extensions,C:\Program Files\dotnet\sdk\9.0.305\TestHostNetFramework
TpTrace Information: 0 : 37048, 3, 2026/01/30, 16:37:15.617, 302466461282, testhost.net48.exe, AssemblyResolver.AddSearchDirectories: Adding more searchDirectories C:\Program Files\dotnet\sdk\9.0.305\Extensions,C:\Program Files\dotnet\sdk\9.0.305\TestHostNetFramework
TpTrace Information: 0 : 37048, 3, 2026/01/30, 16:37:15.617, 302466461485, testhost.net48.exe, AssemblyResolver.AddSearchDirectories: Adding more searchDirectories C:\Program Files\dotnet\sdk\9.0.305\Extensions,C:\Program Files\dotnet\sdk\9.0.305\TestHostNetFramework
TpTrace Information: 0 : 37048, 3, 2026/01/30, 16:37:15.617, 302466461662, testhost.net48.exe, AssemblyResolver.AddSearchDirectories: Adding more searchDirectories C:\Proyectos\Code - Logger\ModularisTestUnitTests\bin\Debug,C:\Program Files\dotnet\sdk\9.0.305\TestHostNetFramework
TpTrace Information: 0 : 37048, 3, 2026/01/30, 16:37:15.624, 302466541255, testhost.net48.exe, AssemblyResolver.OnResolve: Microsoft.Diagnostics.NETCore.Client: Resolving assembly.
TpTrace Information: 0 : 37048, 3, 2026/01/30, 16:37:15.624, 302466542500, testhost.net48.exe, AssemblyResolver.OnResolve: Microsoft.Diagnostics.NETCore.Client: Searching in: 'C:\Program Files\dotnet\sdk\9.0.305\Extensions'.
TpTrace Information: 0 : 37048, 3, 2026/01/30, 16:37:15.625, 302466552057, testhost.net48.exe, AssemblyResolver.OnResolve: Microsoft.Diagnostics.NETCore.Client: Loading assembly 'C:\Program Files\dotnet\sdk\9.0.305\Extensions\Microsoft.Diagnostics.NETCore.Client.dll'.
TpTrace Information: 0 : 37048, 3, 2026/01/30, 16:37:15.638, 302466679028, testhost.net48.exe, AssemblyResolver.OnResolve: Resolved assembly: Microsoft.Diagnostics.NETCore.Client, from path: C:\Program Files\dotnet\sdk\9.0.305\Extensions\Microsoft.Diagnostics.NETCore.Client.dll
TpTrace Verbose: 0 : 37048, 3, 2026/01/30, 16:37:15.685, 302467153446, testhost.net48.exe, MetadataReaderExtensionsHelper: Discovering extensions inside assembly 'Microsoft.Diagnostics.NETCore.Client, Version=0.2.12.17301, Culture=neutral, PublicKeyToken=31bf3856ad364e35' file path 'C:\Program Files\dotnet\sdk\9.0.305\Extensions\Microsoft.Diagnostics.NETCore.Client.dll'
TpTrace Information: 0 : 37048, 3, 2026/01/30, 16:37:15.791, 302468206036, testhost.net48.exe, AssemblyResolver.OnResolve: Microsoft.Bcl.AsyncInterfaces, Version=6.0.0.0, Culture=neutral, PublicKeyToken=cc7b13ffcd2ddd51: Resolving assembly.
TpTrace Information: 0 : 37048, 3, 2026/01/30, 16:37:15.791, 302468207227, testhost.net48.exe, AssemblyResolver.OnResolve: Microsoft.Bcl.AsyncInterfaces, Version=6.0.0.0, Culture=neutral, PublicKeyToken=cc7b13ffcd2ddd51: Searching in: 'C:\Program Files\dotnet\sdk\9.0.305\Extensions'.
TpTrace Information: 0 : 37048, 3, 2026/01/30, 16:37:15.791, 302468207859, testhost.net48.exe, AssemblyResolver.OnResolve: Microsoft.Bcl.AsyncInterfaces, Version=6.0.0.0, Culture=neutral, PublicKeyToken=cc7b13ffcd2ddd51: Assembly path does not exist: 'C:\Program Files\dotnet\sdk\9.0.305\Extensions\Microsoft.Bcl.AsyncInterfaces.dll', returning.
TpTrace Information: 0 : 37048, 3, 2026/01/30, 16:37:15.791, 302468208221, testhost.net48.exe, AssemblyResolver.OnResolve: Microsoft.Bcl.AsyncInterfaces, Version=6.0.0.0, Culture=neutral, PublicKeyToken=cc7b13ffcd2ddd51: Assembly path does not exist: 'C:\Program Files\dotnet\sdk\9.0.305\Extensions\Microsoft.Bcl.AsyncInterfaces.exe', returning.
TpTrace Information: 0 : 37048, 3, 2026/01/30, 16:37:15.791, 302468208389, testhost.net48.exe, AssemblyResolver.OnResolve: Microsoft.Bcl.AsyncInterfaces, Version=6.0.0.0, Culture=neutral, PublicKeyToken=cc7b13ffcd2ddd51: Searching in: 'C:\Proyectos\Code - Logger\ModularisTestUnitTests\bin\Debug'.
TpTrace Information: 0 : 37048, 3, 2026/01/30, 16:37:15.791, 302468208687, testhost.net48.exe, AssemblyResolver.OnResolve: Microsoft.Bcl.AsyncInterfaces, Version=6.0.0.0, Culture=neutral, PublicKeyToken=cc7b13ffcd2ddd51: Assembly path does not exist: 'C:\Proyectos\Code - Logger\ModularisTestUnitTests\bin\Debug\Microsoft.Bcl.AsyncInterfaces.dll', returning.
TpTrace Information: 0 : 37048, 3, 2026/01/30, 16:37:15.791, 302468208983, testhost.net48.exe, AssemblyResolver.OnResolve: Microsoft.Bcl.AsyncInterfaces, Version=6.0.0.0, Culture=neutral, PublicKeyToken=cc7b13ffcd2ddd51: Assembly path does not exist: 'C:\Proyectos\Code - Logger\ModularisTestUnitTests\bin\Debug\Microsoft.Bcl.AsyncInterfaces.exe', returning.
TpTrace Information: 0 : 37048, 3, 2026/01/30, 16:37:15.791, 302468209202, testhost.net48.exe, AssemblyResolver.OnResolve: Microsoft.Bcl.AsyncInterfaces, Version=6.0.0.0, Culture=neutral, PublicKeyToken=cc7b13ffcd2ddd51: Searching in: 'C:\Program Files\dotnet\sdk\9.0.305\TestHostNetFramework'.
TpTrace Information: 0 : 37048, 3, 2026/01/30, 16:37:15.791, 302468209524, testhost.net48.exe, AssemblyResolver.OnResolve: Microsoft.Bcl.AsyncInterfaces, Version=6.0.0.0, Culture=neutral, PublicKeyToken=cc7b13ffcd2ddd51: Assembly path does not exist: 'C:\Program Files\dotnet\sdk\9.0.305\TestHostNetFramework\Microsoft.Bcl.AsyncInterfaces.dll', returning.
TpTrace Information: 0 : 37048, 3, 2026/01/30, 16:37:15.791, 302468209827, testhost.net48.exe, AssemblyResolver.OnResolve: Microsoft.Bcl.AsyncInterfaces, Version=6.0.0.0, Culture=neutral, PublicKeyToken=cc7b13ffcd2ddd51: Assembly path does not exist: 'C:\Program Files\dotnet\sdk\9.0.305\TestHostNetFramework\Microsoft.Bcl.AsyncInterfaces.exe', returning.
TpTrace Information: 0 : 37048, 3, 2026/01/30, 16:37:15.791, 302468209997, testhost.net48.exe, AssemblyResolver.OnResolve: Microsoft.Bcl.AsyncInterfaces, Version=6.0.0.0, Culture=neutral, PublicKeyToken=cc7b13ffcd2ddd51: Failed to load assembly.
TpTrace Verbose: 0 : 37048, 3, 2026/01/30, 16:37:15.792, 302468215684, testhost.net48.exe, CurrentDomainAssemblyResolve: Resolving assembly 'Microsoft.Bcl.AsyncInterfaces, Version=6.0.0.0, Culture=neutral, PublicKeyToken=cc7b13ffcd2ddd51'.
TpTrace Information: 0 : 37048, 3, 2026/01/30, 16:37:15.796, 302468257636, testhost.net48.exe, AssemblyResolver.OnResolve: Microsoft.Bcl.AsyncInterfaces, Version=6.0.0.0, Culture=neutral, PublicKeyToken=cc7b13ffcd2ddd51: Resolving assembly.
TpTrace Information: 0 : 37048, 3, 2026/01/30, 16:37:15.796, 302468258457, testhost.net48.exe, AssemblyResolver.OnResolve: Microsoft.Bcl.AsyncInterfaces, Version=6.0.0.0, Culture=neutral, PublicKeyToken=cc7b13ffcd2ddd51: Resolved from cache.
TpTrace Verbose: 0 : 37048, 3, 2026/01/30, 16:37:15.796, 302468258836, testhost.net48.exe, CurrentDomainAssemblyResolve: Resolving assembly 'Microsoft.Bcl.AsyncInterfaces, Version=6.0.0.0, Culture=neutral, PublicKeyToken=cc7b13ffcd2ddd51'.
TpTrace Verbose: 0 : 37048, 3, 2026/01/30, 16:37:15.796, 302468259055, testhost.net48.exe, CurrentDomainAssemblyResolve: Failed to resolve assembly 'Microsoft.Bcl.AsyncInterfaces, Version=6.0.0.0, Culture=neutral, PublicKeyToken=cc7b13ffcd2ddd51'.
TpTrace Verbose: 0 : 37048, 3, 2026/01/30, 16:37:15.796, 302468260701, testhost.net48.exe, CurrentDomainAssemblyResolve: Failed to resolve assembly 'Microsoft.Bcl.AsyncInterfaces, Version=6.0.0.0, Culture=neutral, PublicKeyToken=cc7b13ffcd2ddd51'.
TpTrace Information: 0 : 37048, 3, 2026/01/30, 16:37:15.805, 302468345629, testhost.net48.exe, AssemblyResolver.OnResolve: System.Threading.Tasks.Extensions, Version=4.2.0.1, Culture=neutral, PublicKeyToken=cc7b13ffcd2ddd51: Resolving assembly.
TpTrace Information: 0 : 37048, 3, 2026/01/30, 16:37:15.805, 302468346901, testhost.net48.exe, AssemblyResolver.OnResolve: System.Threading.Tasks.Extensions, Version=4.2.0.1, Culture=neutral, PublicKeyToken=cc7b13ffcd2ddd51: Searching in: 'C:\Program Files\dotnet\sdk\9.0.305\Extensions'.
TpTrace Information: 0 : 37048, 3, 2026/01/30, 16:37:15.805, 302468347552, testhost.net48.exe, AssemblyResolver.OnResolve: System.Threading.Tasks.Extensions, Version=4.2.0.1, Culture=neutral, PublicKeyToken=cc7b13ffcd2ddd51: Assembly path does not exist: 'C:\Program Files\dotnet\sdk\9.0.305\Extensions\System.Threading.Tasks.Extensions.dll', returning.
TpTrace Information: 0 : 37048, 3, 2026/01/30, 16:37:15.805, 302468347930, testhost.net48.exe, AssemblyResolver.OnResolve: System.Threading.Tasks.Extensions, Version=4.2.0.1, Culture=neutral, PublicKeyToken=cc7b13ffcd2ddd51: Assembly path does not exist: 'C:\Program Files\dotnet\sdk\9.0.305\Extensions\System.Threading.Tasks.Extensions.exe', returning.
TpTrace Information: 0 : 37048, 3, 2026/01/30, 16:37:15.805, 302468348110, testhost.net48.exe, AssemblyResolver.OnResolve: System.Threading.Tasks.Extensions, Version=4.2.0.1, Culture=neutral, PublicKeyToken=cc7b13ffcd2ddd51: Searching in: 'C:\Proyectos\Code - Logger\ModularisTestUnitTests\bin\Debug'.
TpTrace Information: 0 : 37048, 3, 2026/01/30, 16:37:15.805, 302468348437, testhost.net48.exe, AssemblyResolver.OnResolve: System.Threading.Tasks.Extensions, Version=4.2.0.1, Culture=neutral, PublicKeyToken=cc7b13ffcd2ddd51: Assembly path does not exist: 'C:\Proyectos\Code - Logger\ModularisTestUnitTests\bin\Debug\System.Threading.Tasks.Extensions.dll', returning.
TpTrace Information: 0 : 37048, 3, 2026/01/30, 16:37:15.805, 302468348742, testhost.net48.exe, AssemblyResolver.OnResolve: System.Threading.Tasks.Extensions, Version=4.2.0.1, Culture=neutral, PublicKeyToken=cc7b13ffcd2ddd51: Assembly path does not exist: 'C:\Proyectos\Code - Logger\ModularisTestUnitTests\bin\Debug\System.Threading.Tasks.Extensions.exe', returning.
TpTrace Information: 0 : 37048, 3, 2026/01/30, 16:37:15.805, 302468348968, testhost.net48.exe, AssemblyResolver.OnResolve: System.Threading.Tasks.Extensions, Version=4.2.0.1, Culture=neutral, PublicKeyToken=cc7b13ffcd2ddd51: Searching in: 'C:\Program Files\dotnet\sdk\9.0.305\TestHostNetFramework'.
TpTrace Information: 0 : 37048, 3, 2026/01/30, 16:37:15.805, 302468349392, testhost.net48.exe, AssemblyResolver.OnResolve: System.Threading.Tasks.Extensions, Version=4.2.0.1, Culture=neutral, PublicKeyToken=cc7b13ffcd2ddd51: Assembly path does not exist: 'C:\Program Files\dotnet\sdk\9.0.305\TestHostNetFramework\System.Threading.Tasks.Extensions.dll', returning.
TpTrace Information: 0 : 37048, 3, 2026/01/30, 16:37:15.805, 302468349696, testhost.net48.exe, AssemblyResolver.OnResolve: System.Threading.Tasks.Extensions, Version=4.2.0.1, Culture=neutral, PublicKeyToken=cc7b13ffcd2ddd51: Assembly path does not exist: 'C:\Program Files\dotnet\sdk\9.0.305\TestHostNetFramework\System.Threading.Tasks.Extensions.exe', returning.
TpTrace Information: 0 : 37048, 3, 2026/01/30, 16:37:15.805, 302468349892, testhost.net48.exe, AssemblyResolver.OnResolve: System.Threading.Tasks.Extensions, Version=4.2.0.1, Culture=neutral, PublicKeyToken=cc7b13ffcd2ddd51: Failed to load assembly.
TpTrace Verbose: 0 : 37048, 3, 2026/01/30, 16:37:15.805, 302468350178, testhost.net48.exe, CurrentDomainAssemblyResolve: Resolving assembly 'System.Threading.Tasks.Extensions, Version=4.2.0.1, Culture=neutral, PublicKeyToken=cc7b13ffcd2ddd51'.
TpTrace Information: 0 : 37048, 3, 2026/01/30, 16:37:15.810, 302468399943, testhost.net48.exe, AssemblyResolver.OnResolve: System.Threading.Tasks.Extensions, Version=4.2.0.1, Culture=neutral, PublicKeyToken=cc7b13ffcd2ddd51: Resolving assembly.
TpTrace Information: 0 : 37048, 3, 2026/01/30, 16:37:15.810, 302468400703, testhost.net48.exe, AssemblyResolver.OnResolve: System.Threading.Tasks.Extensions, Version=4.2.0.1, Culture=neutral, PublicKeyToken=cc7b13ffcd2ddd51: Resolved from cache.
TpTrace Verbose: 0 : 37048, 3, 2026/01/30, 16:37:15.810, 302468401145, testhost.net48.exe, CurrentDomainAssemblyResolve: Resolving assembly 'System.Threading.Tasks.Extensions, Version=4.2.0.1, Culture=neutral, PublicKeyToken=cc7b13ffcd2ddd51'.
TpTrace Verbose: 0 : 37048, 3, 2026/01/30, 16:37:15.810, 302468401294, testhost.net48.exe, CurrentDomainAssemblyResolve: Failed to resolve assembly 'System.Threading.Tasks.Extensions, Version=4.2.0.1, Culture=neutral, PublicKeyToken=cc7b13ffcd2ddd51'.
TpTrace Verbose: 0 : 37048, 3, 2026/01/30, 16:37:15.810, 302468402407, testhost.net48.exe, CurrentDomainAssemblyResolve: Failed to resolve assembly 'System.Threading.Tasks.Extensions, Version=4.2.0.1, Culture=neutral, PublicKeyToken=cc7b13ffcd2ddd51'.
TpTrace Warning: 0 : 37048, 3, 2026/01/30, 16:37:15.833, 302468629481, testhost.net48.exe, TestPluginDiscoverer: Failed to get types from assembly 'Microsoft.Diagnostics.NETCore.Client, Version=0.2.12.17301, Culture=neutral, PublicKeyToken=31bf3856ad364e35'. Error: System.Reflection.ReflectionTypeLoadException: No se pueden cargar uno o varios tipos requeridos. Recupere la propiedad LoaderExceptions para obtener más información.
   en System.Reflection.RuntimeModule.GetTypes(RuntimeModule module)
   en System.Reflection.RuntimeModule.GetTypes()
   en System.Reflection.Assembly.GetTypes()
   en Microsoft.VisualStudio.TestPlatform.Common.ExtensionFramework.TestPluginDiscoverer.GetTestExtensionsFromAssembly[TPluginInfo,TExtension](Assembly assembly, Dictionary`2 pluginInfos, String filePath) en /_/src/Microsoft.TestPlatform.Common/ExtensionFramework/TestPluginDiscoverer.cs:línea 159
TpTrace Warning: 0 : 37048, 3, 2026/01/30, 16:37:15.835, 302468649026, testhost.net48.exe, LoaderExceptions: System.IO.FileNotFoundException: No se puede cargar el archivo o ensamblado 'Microsoft.Bcl.AsyncInterfaces, Version=6.0.0.0, Culture=neutral, PublicKeyToken=cc7b13ffcd2ddd51' ni una de sus dependencias. El sistema no puede encontrar el archivo especificado.
Nombre de archivo: 'Microsoft.Bcl.AsyncInterfaces, Version=6.0.0.0, Culture=neutral, PublicKeyToken=cc7b13ffcd2ddd51' ---> System.IO.FileNotFoundException: No se puede cargar el archivo o ensamblado 'Microsoft.Bcl.AsyncInterfaces, Version=6.0.0.0, Culture=neutral, PublicKeyToken=cc7b13ffcd2ddd51' ni una de sus dependencias. El sistema no puede encontrar el archivo especificado.
Nombre de archivo: 'Microsoft.Bcl.AsyncInterfaces, Version=6.0.0.0, Culture=neutral, PublicKeyToken=cc7b13ffcd2ddd51'
   en System.Reflection.RuntimeAssembly._nLoad(AssemblyName fileName, String codeBase, Evidence assemblySecurity, RuntimeAssembly locationHint, StackCrawlMark& stackMark, IntPtr pPrivHostBinder, Boolean throwOnFileNotFound, Boolean forIntrospection, Boolean suppressSecurityChecks)
   en System.Reflection.RuntimeAssembly.InternalLoadAssemblyName(AssemblyName assemblyRef, Evidence assemblySecurity, RuntimeAssembly reqAssembly, StackCrawlMark& stackMark, IntPtr pPrivHostBinder, Boolean throwOnFileNotFound, Boolean forIntrospection, Boolean suppressSecurityChecks)
   en System.Reflection.Assembly.Load(AssemblyName assemblyRef)
   en Microsoft.VisualStudio.TestPlatform.Common.ExtensionFramework.TestPluginCache.CurrentDomainAssemblyResolve(Object sender, AssemblyResolveEventArgs args) en /_/src/Microsoft.TestPlatform.Common/ExtensionFramework/TestPluginCache.cs:línea 514
   en System.AppDomain.OnAssemblyResolveEvent(RuntimeAssembly assembly, String assemblyFullName)

El administrador de ensamblados se cargó desde:  C:\Windows\Microsoft.NET\Framework64\v4.0.30319\clr.dll
Ejecución bajo archivo ejecutable  C:\Program Files\dotnet\sdk\9.0.305\TestHostNetFramework\testhost.net48.exe
--- Registro de errores detallado. 

=== Información de estado anterior al enlace ===
LOG: DisplayName = Microsoft.Bcl.AsyncInterfaces, Version=6.0.0.0, Culture=neutral, PublicKeyToken=cc7b13ffcd2ddd51
 (Fully-specified)
LOG: Appbase = file:///C:/Program Files/dotnet/sdk/9.0.305/TestHostNetFramework/
LOG: PrivatePath inicial = NULL
Ensamblado de llamada : Microsoft.VisualStudio.TestPlatform.Common, Version=15.0.0.0, Culture=neutral, PublicKeyToken=b03f5f7f11d50a3a.
===
LOG: Este enlace empieza en el contexto de carga default.
LOG: Utilización del archivo de configuración de la aplicación: C:\Program Files\dotnet\sdk\9.0.305\TestHostNetFramework\testhost.net48.exe.Config
LOG: Utilizando el archivo de configuración de host: 
LOG: Utilizando el archivo de configuración del equipo en C:\Windows\Microsoft.NET\Framework64\v4.0.30319\config\machine.config.
LOG: Referencia posterior a la directiva: Microsoft.Bcl.AsyncInterfaces, Version=6.0.0.0, Culture=neutral, PublicKeyToken=cc7b13ffcd2ddd51
LOG: Intento de descarga de la nueva dirección URL file:///C:/Program Files/dotnet/sdk/9.0.305/TestHostNetFramework/Microsoft.Bcl.AsyncInterfaces.DLL.
LOG: Intento de descarga de la nueva dirección URL file:///C:/Program Files/dotnet/sdk/9.0.305/TestHostNetFramework/Microsoft.Bcl.AsyncInterfaces/Microsoft.Bcl.AsyncInterfaces.DLL.
LOG: Intento de descarga de la nueva dirección URL file:///C:/Program Files/dotnet/sdk/9.0.305/TestHostNetFramework/Extensions/Microsoft.Bcl.AsyncInterfaces.DLL.
LOG: Intento de descarga de la nueva dirección URL file:///C:/Program Files/dotnet/sdk/9.0.305/TestHostNetFramework/Extensions/Microsoft.Bcl.AsyncInterfaces/Microsoft.Bcl.AsyncInterfaces.DLL.
LOG: Intento de descarga de la nueva dirección URL file:///C:/Program Files/dotnet/sdk/9.0.305/TestHostNetFramework/Microsoft.Bcl.AsyncInterfaces.EXE.
LOG: Intento de descarga de la nueva dirección URL file:///C:/Program Files/dotnet/sdk/9.0.305/TestHostNetFramework/Microsoft.Bcl.AsyncInterfaces/Microsoft.Bcl.AsyncInterfaces.EXE.
LOG: Intento de descarga de la nueva dirección URL file:///C:/Program Files/dotnet/sdk/9.0.305/TestHostNetFramework/Extensions/Microsoft.Bcl.AsyncInterfaces.EXE.
LOG: Intento de descarga de la nueva dirección URL file:///C:/Program Files/dotnet/sdk/9.0.305/TestHostNetFramework/Extensions/Microsoft.Bcl.AsyncInterfaces/Microsoft.Bcl.AsyncInterfaces.EXE.



TpTrace Warning: 0 : 37048, 3, 2026/01/30, 16:37:15.835, 302468651191, testhost.net48.exe, LoaderExceptions: System.IO.FileNotFoundException: No se puede cargar el archivo o ensamblado 'Microsoft.Bcl.AsyncInterfaces, Version=6.0.0.0, Culture=neutral, PublicKeyToken=cc7b13ffcd2ddd51' ni una de sus dependencias. El sistema no puede encontrar el archivo especificado.
Nombre de archivo: 'Microsoft.Bcl.AsyncInterfaces, Version=6.0.0.0, Culture=neutral, PublicKeyToken=cc7b13ffcd2ddd51'
   en System.Reflection.RuntimeAssembly._nLoad(AssemblyName fileName, String codeBase, Evidence assemblySecurity, RuntimeAssembly locationHint, StackCrawlMark& stackMark, IntPtr pPrivHostBinder, Boolean throwOnFileNotFound, Boolean forIntrospection, Boolean suppressSecurityChecks)
   en System.Reflection.RuntimeAssembly.InternalLoadAssemblyName(AssemblyName assemblyRef, Evidence assemblySecurity, RuntimeAssembly reqAssembly, StackCrawlMark& stackMark, IntPtr pPrivHostBinder, Boolean throwOnFileNotFound, Boolean forIntrospection, Boolean suppressSecurityChecks)
   en System.Reflection.Assembly.Load(AssemblyName assemblyRef)
   en Microsoft.VisualStudio.TestPlatform.Common.ExtensionFramework.TestPluginCache.CurrentDomainAssemblyResolve(Object sender, AssemblyResolveEventArgs args) en /_/src/Microsoft.TestPlatform.Common/ExtensionFramework/TestPluginCache.cs:línea 514
   en System.AppDomain.OnAssemblyResolveEvent(RuntimeAssembly assembly, String assemblyFullName)

El administrador de ensamblados se cargó desde:  C:\Windows\Microsoft.NET\Framework64\v4.0.30319\clr.dll
Ejecución bajo archivo ejecutable  C:\Program Files\dotnet\sdk\9.0.305\TestHostNetFramework\testhost.net48.exe
--- Registro de errores detallado. 

=== Información de estado anterior al enlace ===
LOG: DisplayName = Microsoft.Bcl.AsyncInterfaces, Version=6.0.0.0, Culture=neutral, PublicKeyToken=cc7b13ffcd2ddd51
 (Fully-specified)
LOG: Appbase = file:///C:/Program Files/dotnet/sdk/9.0.305/TestHostNetFramework/
LOG: PrivatePath inicial = NULL
Ensamblado de llamada : Microsoft.VisualStudio.TestPlatform.Common, Version=15.0.0.0, Culture=neutral, PublicKeyToken=b03f5f7f11d50a3a.
===
LOG: Este enlace empieza en el contexto de carga default.
LOG: Utilización del archivo de configuración de la aplicación: C:\Program Files\dotnet\sdk\9.0.305\TestHostNetFramework\testhost.net48.exe.Config
LOG: Utilizando el archivo de configuración de host: 
LOG: Utilizando el archivo de configuración del equipo en C:\Windows\Microsoft.NET\Framework64\v4.0.30319\config\machine.config.
LOG: Referencia posterior a la directiva: Microsoft.Bcl.AsyncInterfaces, Version=6.0.0.0, Culture=neutral, PublicKeyToken=cc7b13ffcd2ddd51
LOG: Intento de descarga de la nueva dirección URL file:///C:/Program Files/dotnet/sdk/9.0.305/TestHostNetFramework/Microsoft.Bcl.AsyncInterfaces.DLL.
LOG: Intento de descarga de la nueva dirección URL file:///C:/Program Files/dotnet/sdk/9.0.305/TestHostNetFramework/Microsoft.Bcl.AsyncInterfaces/Microsoft.Bcl.AsyncInterfaces.DLL.
LOG: Intento de descarga de la nueva dirección URL file:///C:/Program Files/dotnet/sdk/9.0.305/TestHostNetFramework/Extensions/Microsoft.Bcl.AsyncInterfaces.DLL.
LOG: Intento de descarga de la nueva dirección URL file:///C:/Program Files/dotnet/sdk/9.0.305/TestHostNetFramework/Extensions/Microsoft.Bcl.AsyncInterfaces/Microsoft.Bcl.AsyncInterfaces.DLL.
LOG: Intento de descarga de la nueva dirección URL file:///C:/Program Files/dotnet/sdk/9.0.305/TestHostNetFramework/Microsoft.Bcl.AsyncInterfaces.EXE.
LOG: Intento de descarga de la nueva dirección URL file:///C:/Program Files/dotnet/sdk/9.0.305/TestHostNetFramework/Microsoft.Bcl.AsyncInterfaces/Microsoft.Bcl.AsyncInterfaces.EXE.
LOG: Intento de descarga de la nueva dirección URL file:///C:/Program Files/dotnet/sdk/9.0.305/TestHostNetFramework/Extensions/Microsoft.Bcl.AsyncInterfaces.EXE.
LOG: Intento de descarga de la nueva dirección URL file:///C:/Program Files/dotnet/sdk/9.0.305/TestHostNetFramework/Extensions/Microsoft.Bcl.AsyncInterfaces/Microsoft.Bcl.AsyncInterfaces.EXE.

TpTrace Warning: 0 : 37048, 3, 2026/01/30, 16:37:15.835, 302468652268, testhost.net48.exe, LoaderExceptions: System.IO.FileNotFoundException: No se puede cargar el archivo o ensamblado 'System.Threading.Tasks.Extensions, Version=4.2.0.1, Culture=neutral, PublicKeyToken=cc7b13ffcd2ddd51' ni una de sus dependencias. El sistema no puede encontrar el archivo especificado.
Nombre de archivo: 'System.Threading.Tasks.Extensions, Version=4.2.0.1, Culture=neutral, PublicKeyToken=cc7b13ffcd2ddd51' ---> System.IO.FileNotFoundException: No se puede cargar el archivo o ensamblado 'System.Threading.Tasks.Extensions, Version=4.2.0.1, Culture=neutral, PublicKeyToken=cc7b13ffcd2ddd51' ni una de sus dependencias. El sistema no puede encontrar el archivo especificado.
Nombre de archivo: 'System.Threading.Tasks.Extensions, Version=4.2.0.1, Culture=neutral, PublicKeyToken=cc7b13ffcd2ddd51'
   en System.Reflection.RuntimeAssembly._nLoad(AssemblyName fileName, String codeBase, Evidence assemblySecurity, RuntimeAssembly locationHint, StackCrawlMark& stackMark, IntPtr pPrivHostBinder, Boolean throwOnFileNotFound, Boolean forIntrospection, Boolean suppressSecurityChecks)
   en System.Reflection.RuntimeAssembly.InternalLoadAssemblyName(AssemblyName assemblyRef, Evidence assemblySecurity, RuntimeAssembly reqAssembly, StackCrawlMark& stackMark, IntPtr pPrivHostBinder, Boolean throwOnFileNotFound, Boolean forIntrospection, Boolean suppressSecurityChecks)
   en System.Reflection.Assembly.Load(AssemblyName assemblyRef)
   en Microsoft.VisualStudio.TestPlatform.Common.ExtensionFramework.TestPluginCache.CurrentDomainAssemblyResolve(Object sender, AssemblyResolveEventArgs args) en /_/src/Microsoft.TestPlatform.Common/ExtensionFramework/TestPluginCache.cs:línea 514
   en System.AppDomain.OnAssemblyResolveEvent(RuntimeAssembly assembly, String assemblyFullName)

El administrador de ensamblados se cargó desde:  C:\Windows\Microsoft.NET\Framework64\v4.0.30319\clr.dll
Ejecución bajo archivo ejecutable  C:\Program Files\dotnet\sdk\9.0.305\TestHostNetFramework\testhost.net48.exe
--- Registro de errores detallado. 

=== Información de estado anterior al enlace ===
LOG: DisplayName = System.Threading.Tasks.Extensions, Version=4.2.0.1, Culture=neutral, PublicKeyToken=cc7b13ffcd2ddd51
 (Fully-specified)
LOG: Appbase = file:///C:/Program Files/dotnet/sdk/9.0.305/TestHostNetFramework/
LOG: PrivatePath inicial = NULL
Ensamblado de llamada : Microsoft.VisualStudio.TestPlatform.Common, Version=15.0.0.0, Culture=neutral, PublicKeyToken=b03f5f7f11d50a3a.
===
LOG: Este enlace empieza en el contexto de carga default.
LOG: Utilización del archivo de configuración de la aplicación: C:\Program Files\dotnet\sdk\9.0.305\TestHostNetFramework\testhost.net48.exe.Config
LOG: Utilizando el archivo de configuración de host: 
LOG: Utilizando el archivo de configuración del equipo en C:\Windows\Microsoft.NET\Framework64\v4.0.30319\config\machine.config.
LOG: Referencia posterior a la directiva: System.Threading.Tasks.Extensions, Version=4.2.0.1, Culture=neutral, PublicKeyToken=cc7b13ffcd2ddd51
LOG: Intento de descarga de la nueva dirección URL file:///C:/Program Files/dotnet/sdk/9.0.305/TestHostNetFramework/System.Threading.Tasks.Extensions.DLL.
LOG: Intento de descarga de la nueva dirección URL file:///C:/Program Files/dotnet/sdk/9.0.305/TestHostNetFramework/System.Threading.Tasks.Extensions/System.Threading.Tasks.Extensions.DLL.
LOG: Intento de descarga de la nueva dirección URL file:///C:/Program Files/dotnet/sdk/9.0.305/TestHostNetFramework/Extensions/System.Threading.Tasks.Extensions.DLL.
LOG: Intento de descarga de la nueva dirección URL file:///C:/Program Files/dotnet/sdk/9.0.305/TestHostNetFramework/Extensions/System.Threading.Tasks.Extensions/System.Threading.Tasks.Extensions.DLL.
LOG: Intento de descarga de la nueva dirección URL file:///C:/Program Files/dotnet/sdk/9.0.305/TestHostNetFramework/System.Threading.Tasks.Extensions.EXE.
LOG: Intento de descarga de la nueva dirección URL file:///C:/Program Files/dotnet/sdk/9.0.305/TestHostNetFramework/System.Threading.Tasks.Extensions/System.Threading.Tasks.Extensions.EXE.
LOG: Intento de descarga de la nueva dirección URL file:///C:/Program Files/dotnet/sdk/9.0.305/TestHostNetFramework/Extensions/System.Threading.Tasks.Extensions.EXE.
LOG: Intento de descarga de la nueva dirección URL file:///C:/Program Files/dotnet/sdk/9.0.305/TestHostNetFramework/Extensions/System.Threading.Tasks.Extensions/System.Threading.Tasks.Extensions.EXE.



TpTrace Warning: 0 : 37048, 3, 2026/01/30, 16:37:15.835, 302468653083, testhost.net48.exe, LoaderExceptions: System.IO.FileNotFoundException: No se puede cargar el archivo o ensamblado 'System.Threading.Tasks.Extensions, Version=4.2.0.1, Culture=neutral, PublicKeyToken=cc7b13ffcd2ddd51' ni una de sus dependencias. El sistema no puede encontrar el archivo especificado.
Nombre de archivo: 'System.Threading.Tasks.Extensions, Version=4.2.0.1, Culture=neutral, PublicKeyToken=cc7b13ffcd2ddd51'
   en System.Reflection.RuntimeAssembly._nLoad(AssemblyName fileName, String codeBase, Evidence assemblySecurity, RuntimeAssembly locationHint, StackCrawlMark& stackMark, IntPtr pPrivHostBinder, Boolean throwOnFileNotFound, Boolean forIntrospection, Boolean suppressSecurityChecks)
   en System.Reflection.RuntimeAssembly.InternalLoadAssemblyName(AssemblyName assemblyRef, Evidence assemblySecurity, RuntimeAssembly reqAssembly, StackCrawlMark& stackMark, IntPtr pPrivHostBinder, Boolean throwOnFileNotFound, Boolean forIntrospection, Boolean suppressSecurityChecks)
   en System.Reflection.Assembly.Load(AssemblyName assemblyRef)
   en Microsoft.VisualStudio.TestPlatform.Common.ExtensionFramework.TestPluginCache.CurrentDomainAssemblyResolve(Object sender, AssemblyResolveEventArgs args) en /_/src/Microsoft.TestPlatform.Common/ExtensionFramework/TestPluginCache.cs:línea 514
   en System.AppDomain.OnAssemblyResolveEvent(RuntimeAssembly assembly, String assemblyFullName)

El administrador de ensamblados se cargó desde:  C:\Windows\Microsoft.NET\Framework64\v4.0.30319\clr.dll
Ejecución bajo archivo ejecutable  C:\Program Files\dotnet\sdk\9.0.305\TestHostNetFramework\testhost.net48.exe
--- Registro de errores detallado. 

=== Información de estado anterior al enlace ===
LOG: DisplayName = System.Threading.Tasks.Extensions, Version=4.2.0.1, Culture=neutral, PublicKeyToken=cc7b13ffcd2ddd51
 (Fully-specified)
LOG: Appbase = file:///C:/Program Files/dotnet/sdk/9.0.305/TestHostNetFramework/
LOG: PrivatePath inicial = NULL
Ensamblado de llamada : Microsoft.VisualStudio.TestPlatform.Common, Version=15.0.0.0, Culture=neutral, PublicKeyToken=b03f5f7f11d50a3a.
===
LOG: Este enlace empieza en el contexto de carga default.
LOG: Utilización del archivo de configuración de la aplicación: C:\Program Files\dotnet\sdk\9.0.305\TestHostNetFramework\testhost.net48.exe.Config
LOG: Utilizando el archivo de configuración de host: 
LOG: Utilizando el archivo de configuración del equipo en C:\Windows\Microsoft.NET\Framework64\v4.0.30319\config\machine.config.
LOG: Referencia posterior a la directiva: System.Threading.Tasks.Extensions, Version=4.2.0.1, Culture=neutral, PublicKeyToken=cc7b13ffcd2ddd51
LOG: Intento de descarga de la nueva dirección URL file:///C:/Program Files/dotnet/sdk/9.0.305/TestHostNetFramework/System.Threading.Tasks.Extensions.DLL.
LOG: Intento de descarga de la nueva dirección URL file:///C:/Program Files/dotnet/sdk/9.0.305/TestHostNetFramework/System.Threading.Tasks.Extensions/System.Threading.Tasks.Extensions.DLL.
LOG: Intento de descarga de la nueva dirección URL file:///C:/Program Files/dotnet/sdk/9.0.305/TestHostNetFramework/Extensions/System.Threading.Tasks.Extensions.DLL.
LOG: Intento de descarga de la nueva dirección URL file:///C:/Program Files/dotnet/sdk/9.0.305/TestHostNetFramework/Extensions/System.Threading.Tasks.Extensions/System.Threading.Tasks.Extensions.DLL.
LOG: Intento de descarga de la nueva dirección URL file:///C:/Program Files/dotnet/sdk/9.0.305/TestHostNetFramework/System.Threading.Tasks.Extensions.EXE.
LOG: Intento de descarga de la nueva dirección URL file:///C:/Program Files/dotnet/sdk/9.0.305/TestHostNetFramework/System.Threading.Tasks.Extensions/System.Threading.Tasks.Extensions.EXE.
LOG: Intento de descarga de la nueva dirección URL file:///C:/Program Files/dotnet/sdk/9.0.305/TestHostNetFramework/Extensions/System.Threading.Tasks.Extensions.EXE.
LOG: Intento de descarga de la nueva dirección URL file:///C:/Program Files/dotnet/sdk/9.0.305/TestHostNetFramework/Extensions/System.Threading.Tasks.Extensions/System.Threading.Tasks.Extensions.EXE.

TpTrace Warning: 0 : 37048, 3, 2026/01/30, 16:37:15.835, 302468653907, testhost.net48.exe, LoaderExceptions: System.IO.FileNotFoundException: No se puede cargar el archivo o ensamblado 'System.Threading.Tasks.Extensions, Version=4.2.0.1, Culture=neutral, PublicKeyToken=cc7b13ffcd2ddd51' ni una de sus dependencias. El sistema no puede encontrar el archivo especificado.
Nombre de archivo: 'System.Threading.Tasks.Extensions, Version=4.2.0.1, Culture=neutral, PublicKeyToken=cc7b13ffcd2ddd51'
   en System.Reflection.RuntimeAssembly._nLoad(AssemblyName fileName, String codeBase, Evidence assemblySecurity, RuntimeAssembly locationHint, StackCrawlMark& stackMark, IntPtr pPrivHostBinder, Boolean throwOnFileNotFound, Boolean forIntrospection, Boolean suppressSecurityChecks)
   en System.Reflection.RuntimeAssembly.InternalLoadAssemblyName(AssemblyName assemblyRef, Evidence assemblySecurity, RuntimeAssembly reqAssembly, StackCrawlMark& stackMark, IntPtr pPrivHostBinder, Boolean throwOnFileNotFound, Boolean forIntrospection, Boolean suppressSecurityChecks)
   en System.Reflection.Assembly.Load(AssemblyName assemblyRef)
   en Microsoft.VisualStudio.TestPlatform.Common.ExtensionFramework.TestPluginCache.CurrentDomainAssemblyResolve(Object sender, AssemblyResolveEventArgs args) en /_/src/Microsoft.TestPlatform.Common/ExtensionFramework/TestPluginCache.cs:línea 514
   en System.AppDomain.OnAssemblyResolveEvent(RuntimeAssembly assembly, String assemblyFullName)

El administrador de ensamblados se cargó desde:  C:\Windows\Microsoft.NET\Framework64\v4.0.30319\clr.dll
Ejecución bajo archivo ejecutable  C:\Program Files\dotnet\sdk\9.0.305\TestHostNetFramework\testhost.net48.exe
--- Registro de errores detallado. 

=== Información de estado anterior al enlace ===
LOG: DisplayName = System.Threading.Tasks.Extensions, Version=4.2.0.1, Culture=neutral, PublicKeyToken=cc7b13ffcd2ddd51
 (Fully-specified)
LOG: Appbase = file:///C:/Program Files/dotnet/sdk/9.0.305/TestHostNetFramework/
LOG: PrivatePath inicial = NULL
Ensamblado de llamada : Microsoft.VisualStudio.TestPlatform.Common, Version=15.0.0.0, Culture=neutral, PublicKeyToken=b03f5f7f11d50a3a.
===
LOG: Este enlace empieza en el contexto de carga default.
LOG: Utilización del archivo de configuración de la aplicación: C:\Program Files\dotnet\sdk\9.0.305\TestHostNetFramework\testhost.net48.exe.Config
LOG: Utilizando el archivo de configuración de host: 
LOG: Utilizando el archivo de configuración del equipo en C:\Windows\Microsoft.NET\Framework64\v4.0.30319\config\machine.config.
LOG: Referencia posterior a la directiva: System.Threading.Tasks.Extensions, Version=4.2.0.1, Culture=neutral, PublicKeyToken=cc7b13ffcd2ddd51
LOG: Intento de descarga de la nueva dirección URL file:///C:/Program Files/dotnet/sdk/9.0.305/TestHostNetFramework/System.Threading.Tasks.Extensions.DLL.
LOG: Intento de descarga de la nueva dirección URL file:///C:/Program Files/dotnet/sdk/9.0.305/TestHostNetFramework/System.Threading.Tasks.Extensions/System.Threading.Tasks.Extensions.DLL.
LOG: Intento de descarga de la nueva dirección URL file:///C:/Program Files/dotnet/sdk/9.0.305/TestHostNetFramework/Extensions/System.Threading.Tasks.Extensions.DLL.
LOG: Intento de descarga de la nueva dirección URL file:///C:/Program Files/dotnet/sdk/9.0.305/TestHostNetFramework/Extensions/System.Threading.Tasks.Extensions/System.Threading.Tasks.Extensions.DLL.
LOG: Intento de descarga de la nueva dirección URL file:///C:/Program Files/dotnet/sdk/9.0.305/TestHostNetFramework/System.Threading.Tasks.Extensions.EXE.
LOG: Intento de descarga de la nueva dirección URL file:///C:/Program Files/dotnet/sdk/9.0.305/TestHostNetFramework/System.Threading.Tasks.Extensions/System.Threading.Tasks.Extensions.EXE.
LOG: Intento de descarga de la nueva dirección URL file:///C:/Program Files/dotnet/sdk/9.0.305/TestHostNetFramework/Extensions/System.Threading.Tasks.Extensions.EXE.
LOG: Intento de descarga de la nueva dirección URL file:///C:/Program Files/dotnet/sdk/9.0.305/TestHostNetFramework/Extensions/System.Threading.Tasks.Extensions/System.Threading.Tasks.Extensions.EXE.

TpTrace Warning: 0 : 37048, 3, 2026/01/30, 16:37:15.836, 302468654918, testhost.net48.exe, LoaderExceptions: System.IO.FileNotFoundException: No se puede cargar el archivo o ensamblado 'System.Threading.Tasks.Extensions, Version=4.2.0.1, Culture=neutral, PublicKeyToken=cc7b13ffcd2ddd51' ni una de sus dependencias. El sistema no puede encontrar el archivo especificado.
Nombre de archivo: 'System.Threading.Tasks.Extensions, Version=4.2.0.1, Culture=neutral, PublicKeyToken=cc7b13ffcd2ddd51'
   en System.Reflection.RuntimeAssembly._nLoad(AssemblyName fileName, String codeBase, Evidence assemblySecurity, RuntimeAssembly locationHint, StackCrawlMark& stackMark, IntPtr pPrivHostBinder, Boolean throwOnFileNotFound, Boolean forIntrospection, Boolean suppressSecurityChecks)
   en System.Reflection.RuntimeAssembly.InternalLoadAssemblyName(AssemblyName assemblyRef, Evidence assemblySecurity, RuntimeAssembly reqAssembly, StackCrawlMark& stackMark, IntPtr pPrivHostBinder, Boolean throwOnFileNotFound, Boolean forIntrospection, Boolean suppressSecurityChecks)
   en System.Reflection.Assembly.Load(AssemblyName assemblyRef)
   en Microsoft.VisualStudio.TestPlatform.Common.ExtensionFramework.TestPluginCache.CurrentDomainAssemblyResolve(Object sender, AssemblyResolveEventArgs args) en /_/src/Microsoft.TestPlatform.Common/ExtensionFramework/TestPluginCache.cs:línea 514
   en System.AppDomain.OnAssemblyResolveEvent(RuntimeAssembly assembly, String assemblyFullName)

El administrador de ensamblados se cargó desde:  C:\Windows\Microsoft.NET\Framework64\v4.0.30319\clr.dll
Ejecución bajo archivo ejecutable  C:\Program Files\dotnet\sdk\9.0.305\TestHostNetFramework\testhost.net48.exe
--- Registro de errores detallado. 

=== Información de estado anterior al enlace ===
LOG: DisplayName = System.Threading.Tasks.Extensions, Version=4.2.0.1, Culture=neutral, PublicKeyToken=cc7b13ffcd2ddd51
 (Fully-specified)
LOG: Appbase = file:///C:/Program Files/dotnet/sdk/9.0.305/TestHostNetFramework/
LOG: PrivatePath inicial = NULL
Ensamblado de llamada : Microsoft.VisualStudio.TestPlatform.Common, Version=15.0.0.0, Culture=neutral, PublicKeyToken=b03f5f7f11d50a3a.
===
LOG: Este enlace empieza en el contexto de carga default.
LOG: Utilización del archivo de configuración de la aplicación: C:\Program Files\dotnet\sdk\9.0.305\TestHostNetFramework\testhost.net48.exe.Config
LOG: Utilizando el archivo de configuración de host: 
LOG: Utilizando el archivo de configuración del equipo en C:\Windows\Microsoft.NET\Framework64\v4.0.30319\config\machine.config.
LOG: Referencia posterior a la directiva: System.Threading.Tasks.Extensions, Version=4.2.0.1, Culture=neutral, PublicKeyToken=cc7b13ffcd2ddd51
LOG: Intento de descarga de la nueva dirección URL file:///C:/Program Files/dotnet/sdk/9.0.305/TestHostNetFramework/System.Threading.Tasks.Extensions.DLL.
LOG: Intento de descarga de la nueva dirección URL file:///C:/Program Files/dotnet/sdk/9.0.305/TestHostNetFramework/System.Threading.Tasks.Extensions/System.Threading.Tasks.Extensions.DLL.
LOG: Intento de descarga de la nueva dirección URL file:///C:/Program Files/dotnet/sdk/9.0.305/TestHostNetFramework/Extensions/System.Threading.Tasks.Extensions.DLL.
LOG: Intento de descarga de la nueva dirección URL file:///C:/Program Files/dotnet/sdk/9.0.305/TestHostNetFramework/Extensions/System.Threading.Tasks.Extensions/System.Threading.Tasks.Extensions.DLL.
LOG: Intento de descarga de la nueva dirección URL file:///C:/Program Files/dotnet/sdk/9.0.305/TestHostNetFramework/System.Threading.Tasks.Extensions.EXE.
LOG: Intento de descarga de la nueva dirección URL file:///C:/Program Files/dotnet/sdk/9.0.305/TestHostNetFramework/System.Threading.Tasks.Extensions/System.Threading.Tasks.Extensions.EXE.
LOG: Intento de descarga de la nueva dirección URL file:///C:/Program Files/dotnet/sdk/9.0.305/TestHostNetFramework/Extensions/System.Threading.Tasks.Extensions.EXE.
LOG: Intento de descarga de la nueva dirección URL file:///C:/Program Files/dotnet/sdk/9.0.305/TestHostNetFramework/Extensions/System.Threading.Tasks.Extensions/System.Threading.Tasks.Extensions.EXE.

TpTrace Warning: 0 : 37048, 3, 2026/01/30, 16:37:15.836, 302468655793, testhost.net48.exe, LoaderExceptions: System.IO.FileNotFoundException: No se puede cargar el archivo o ensamblado 'System.Threading.Tasks.Extensions, Version=4.2.0.1, Culture=neutral, PublicKeyToken=cc7b13ffcd2ddd51' ni una de sus dependencias. El sistema no puede encontrar el archivo especificado.
Nombre de archivo: 'System.Threading.Tasks.Extensions, Version=4.2.0.1, Culture=neutral, PublicKeyToken=cc7b13ffcd2ddd51'
   en System.Reflection.RuntimeAssembly._nLoad(AssemblyName fileName, String codeBase, Evidence assemblySecurity, RuntimeAssembly locationHint, StackCrawlMark& stackMark, IntPtr pPrivHostBinder, Boolean throwOnFileNotFound, Boolean forIntrospection, Boolean suppressSecurityChecks)
   en System.Reflection.RuntimeAssembly.InternalLoadAssemblyName(AssemblyName assemblyRef, Evidence assemblySecurity, RuntimeAssembly reqAssembly, StackCrawlMark& stackMark, IntPtr pPrivHostBinder, Boolean throwOnFileNotFound, Boolean forIntrospection, Boolean suppressSecurityChecks)
   en System.Reflection.Assembly.Load(AssemblyName assemblyRef)
   en Microsoft.VisualStudio.TestPlatform.Common.ExtensionFramework.TestPluginCache.CurrentDomainAssemblyResolve(Object sender, AssemblyResolveEventArgs args) en /_/src/Microsoft.TestPlatform.Common/ExtensionFramework/TestPluginCache.cs:línea 514
   en System.AppDomain.OnAssemblyResolveEvent(RuntimeAssembly assembly, String assemblyFullName)

El administrador de ensamblados se cargó desde:  C:\Windows\Microsoft.NET\Framework64\v4.0.30319\clr.dll
Ejecución bajo archivo ejecutable  C:\Program Files\dotnet\sdk\9.0.305\TestHostNetFramework\testhost.net48.exe
--- Registro de errores detallado. 

=== Información de estado anterior al enlace ===
LOG: DisplayName = System.Threading.Tasks.Extensions, Version=4.2.0.1, Culture=neutral, PublicKeyToken=cc7b13ffcd2ddd51
 (Fully-specified)
LOG: Appbase = file:///C:/Program Files/dotnet/sdk/9.0.305/TestHostNetFramework/
LOG: PrivatePath inicial = NULL
Ensamblado de llamada : Microsoft.VisualStudio.TestPlatform.Common, Version=15.0.0.0, Culture=neutral, PublicKeyToken=b03f5f7f11d50a3a.
===
LOG: Este enlace empieza en el contexto de carga default.
LOG: Utilización del archivo de configuración de la aplicación: C:\Program Files\dotnet\sdk\9.0.305\TestHostNetFramework\testhost.net48.exe.Config
LOG: Utilizando el archivo de configuración de host: 
LOG: Utilizando el archivo de configuración del equipo en C:\Windows\Microsoft.NET\Framework64\v4.0.30319\config\machine.config.
LOG: Referencia posterior a la directiva: System.Threading.Tasks.Extensions, Version=4.2.0.1, Culture=neutral, PublicKeyToken=cc7b13ffcd2ddd51
LOG: Intento de descarga de la nueva dirección URL file:///C:/Program Files/dotnet/sdk/9.0.305/TestHostNetFramework/System.Threading.Tasks.Extensions.DLL.
LOG: Intento de descarga de la nueva dirección URL file:///C:/Program Files/dotnet/sdk/9.0.305/TestHostNetFramework/System.Threading.Tasks.Extensions/System.Threading.Tasks.Extensions.DLL.
LOG: Intento de descarga de la nueva dirección URL file:///C:/Program Files/dotnet/sdk/9.0.305/TestHostNetFramework/Extensions/System.Threading.Tasks.Extensions.DLL.
LOG: Intento de descarga de la nueva dirección URL file:///C:/Program Files/dotnet/sdk/9.0.305/TestHostNetFramework/Extensions/System.Threading.Tasks.Extensions/System.Threading.Tasks.Extensions.DLL.
LOG: Intento de descarga de la nueva dirección URL file:///C:/Program Files/dotnet/sdk/9.0.305/TestHostNetFramework/System.Threading.Tasks.Extensions.EXE.
LOG: Intento de descarga de la nueva dirección URL file:///C:/Program Files/dotnet/sdk/9.0.305/TestHostNetFramework/System.Threading.Tasks.Extensions/System.Threading.Tasks.Extensions.EXE.
LOG: Intento de descarga de la nueva dirección URL file:///C:/Program Files/dotnet/sdk/9.0.305/TestHostNetFramework/Extensions/System.Threading.Tasks.Extensions.EXE.
LOG: Intento de descarga de la nueva dirección URL file:///C:/Program Files/dotnet/sdk/9.0.305/TestHostNetFramework/Extensions/System.Threading.Tasks.Extensions/System.Threading.Tasks.Extensions.EXE.

TpTrace Information: 0 : 37048, 3, 2026/01/30, 16:37:15.842, 302468714246, testhost.net48.exe, AssemblyResolver.OnResolve: Microsoft.TestPlatform.Extensions.BlameDataCollector: Resolving assembly.
TpTrace Information: 0 : 37048, 3, 2026/01/30, 16:37:15.842, 302468715331, testhost.net48.exe, AssemblyResolver.OnResolve: Microsoft.TestPlatform.Extensions.BlameDataCollector: Searching in: 'C:\Program Files\dotnet\sdk\9.0.305\Extensions'.
TpTrace Information: 0 : 37048, 3, 2026/01/30, 16:37:15.842, 302468719633, testhost.net48.exe, AssemblyResolver.OnResolve: Microsoft.TestPlatform.Extensions.BlameDataCollector: Loading assembly 'C:\Program Files\dotnet\sdk\9.0.305\Extensions\Microsoft.TestPlatform.Extensions.BlameDataCollector.dll'.
TpTrace Information: 0 : 37048, 3, 2026/01/30, 16:37:15.858, 302468882116, testhost.net48.exe, AssemblyResolver.OnResolve: Resolved assembly: Microsoft.TestPlatform.Extensions.BlameDataCollector, from path: C:\Program Files\dotnet\sdk\9.0.305\Extensions\Microsoft.TestPlatform.Extensions.BlameDataCollector.dll
TpTrace Verbose: 0 : 37048, 3, 2026/01/30, 16:37:15.858, 302468884113, testhost.net48.exe, MetadataReaderExtensionsHelper: Discovering extensions inside assembly 'Microsoft.TestPlatform.Extensions.BlameDataCollector, Version=15.0.0.0, Culture=neutral, PublicKeyToken=b03f5f7f11d50a3a' file path 'C:\Program Files\dotnet\sdk\9.0.305\Extensions\Microsoft.TestPlatform.Extensions.BlameDataCollector.dll'
TpTrace Information: 0 : 37048, 3, 2026/01/30, 16:37:15.899, 302469291425, testhost.net48.exe, AssemblyResolver.OnResolve: Microsoft.TestPlatform.Extensions.EventLogCollector: Resolving assembly.
TpTrace Information: 0 : 37048, 3, 2026/01/30, 16:37:15.900, 302469292578, testhost.net48.exe, AssemblyResolver.OnResolve: Microsoft.TestPlatform.Extensions.EventLogCollector: Searching in: 'C:\Program Files\dotnet\sdk\9.0.305\Extensions'.
TpTrace Information: 0 : 37048, 3, 2026/01/30, 16:37:15.900, 302469296654, testhost.net48.exe, AssemblyResolver.OnResolve: Microsoft.TestPlatform.Extensions.EventLogCollector: Loading assembly 'C:\Program Files\dotnet\sdk\9.0.305\Extensions\Microsoft.TestPlatform.Extensions.EventLogCollector.dll'.
TpTrace Information: 0 : 37048, 3, 2026/01/30, 16:37:15.912, 302469418730, testhost.net48.exe, AssemblyResolver.OnResolve: Resolved assembly: Microsoft.TestPlatform.Extensions.EventLogCollector, from path: C:\Program Files\dotnet\sdk\9.0.305\Extensions\Microsoft.TestPlatform.Extensions.EventLogCollector.dll
TpTrace Verbose: 0 : 37048, 3, 2026/01/30, 16:37:15.912, 302469420931, testhost.net48.exe, MetadataReaderExtensionsHelper: Discovering extensions inside assembly 'Microsoft.TestPlatform.Extensions.EventLogCollector, Version=15.0.0.0, Culture=neutral, PublicKeyToken=b03f5f7f11d50a3a' file path 'C:\Program Files\dotnet\sdk\9.0.305\Extensions\Microsoft.TestPlatform.Extensions.EventLogCollector.dll'
TpTrace Information: 0 : 37048, 3, 2026/01/30, 16:37:15.931, 302469603439, testhost.net48.exe, AssemblyResolver.OnResolve: Microsoft.TestPlatform.TestHostRuntimeProvider: Resolving assembly.
TpTrace Information: 0 : 37048, 3, 2026/01/30, 16:37:15.931, 302469604631, testhost.net48.exe, AssemblyResolver.OnResolve: Microsoft.TestPlatform.TestHostRuntimeProvider: Searching in: 'C:\Program Files\dotnet\sdk\9.0.305\Extensions'.
TpTrace Information: 0 : 37048, 3, 2026/01/30, 16:37:15.931, 302469611846, testhost.net48.exe, AssemblyResolver.OnResolve: Microsoft.TestPlatform.TestHostRuntimeProvider: Loading assembly 'C:\Program Files\dotnet\sdk\9.0.305\Extensions\Microsoft.TestPlatform.TestHostRuntimeProvider.dll'.
TpTrace Information: 0 : 37048, 3, 2026/01/30, 16:37:15.943, 302469726256, testhost.net48.exe, AssemblyResolver.OnResolve: Resolved assembly: Microsoft.TestPlatform.TestHostRuntimeProvider, from path: C:\Program Files\dotnet\sdk\9.0.305\Extensions\Microsoft.TestPlatform.TestHostRuntimeProvider.dll
TpTrace Verbose: 0 : 37048, 3, 2026/01/30, 16:37:15.943, 302469728230, testhost.net48.exe, MetadataReaderExtensionsHelper: Discovering extensions inside assembly 'Microsoft.TestPlatform.TestHostRuntimeProvider, Version=15.0.0.0, Culture=neutral, PublicKeyToken=b03f5f7f11d50a3a' file path 'C:\Program Files\dotnet\sdk\9.0.305\Extensions\Microsoft.TestPlatform.TestHostRuntimeProvider.dll'
TpTrace Information: 0 : 37048, 3, 2026/01/30, 16:37:15.970, 302469998918, testhost.net48.exe, AssemblyResolver.OnResolve: Microsoft.VisualStudio.TestPlatform.Extensions.Html.TestLogger: Resolving assembly.
TpTrace Information: 0 : 37048, 3, 2026/01/30, 16:37:15.970, 302470000619, testhost.net48.exe, AssemblyResolver.OnResolve: Microsoft.VisualStudio.TestPlatform.Extensions.Html.TestLogger: Searching in: 'C:\Program Files\dotnet\sdk\9.0.305\Extensions'.
TpTrace Information: 0 : 37048, 3, 2026/01/30, 16:37:15.971, 302470007643, testhost.net48.exe, AssemblyResolver.OnResolve: Microsoft.VisualStudio.TestPlatform.Extensions.Html.TestLogger: Loading assembly 'C:\Program Files\dotnet\sdk\9.0.305\Extensions\Microsoft.VisualStudio.TestPlatform.Extensions.Html.TestLogger.dll'.
TpTrace Information: 0 : 37048, 3, 2026/01/30, 16:37:15.984, 302470143654, testhost.net48.exe, AssemblyResolver.OnResolve: Resolved assembly: Microsoft.VisualStudio.TestPlatform.Extensions.Html.TestLogger, from path: C:\Program Files\dotnet\sdk\9.0.305\Extensions\Microsoft.VisualStudio.TestPlatform.Extensions.Html.TestLogger.dll
TpTrace Verbose: 0 : 37048, 3, 2026/01/30, 16:37:15.984, 302470146048, testhost.net48.exe, MetadataReaderExtensionsHelper: Discovering extensions inside assembly 'Microsoft.VisualStudio.TestPlatform.Extensions.Html.TestLogger, Version=15.0.0.0, Culture=neutral, PublicKeyToken=b03f5f7f11d50a3a' file path 'C:\Program Files\dotnet\sdk\9.0.305\Extensions\Microsoft.VisualStudio.TestPlatform.Extensions.Html.TestLogger.dll'
TpTrace Information: 0 : 37048, 3, 2026/01/30, 16:37:16.007, 302470370126, testhost.net48.exe, AssemblyResolver.OnResolve: Microsoft.VisualStudio.TestPlatform.Extensions.Trx.TestLogger: Resolving assembly.
TpTrace Information: 0 : 37048, 3, 2026/01/30, 16:37:16.007, 302470372305, testhost.net48.exe, AssemblyResolver.OnResolve: Microsoft.VisualStudio.TestPlatform.Extensions.Trx.TestLogger: Searching in: 'C:\Program Files\dotnet\sdk\9.0.305\Extensions'.
TpTrace Information: 0 : 37048, 3, 2026/01/30, 16:37:16.008, 302470381939, testhost.net48.exe, AssemblyResolver.OnResolve: Microsoft.VisualStudio.TestPlatform.Extensions.Trx.TestLogger: Loading assembly 'C:\Program Files\dotnet\sdk\9.0.305\Extensions\Microsoft.VisualStudio.TestPlatform.Extensions.Trx.TestLogger.dll'.
TpTrace Information: 0 : 37048, 3, 2026/01/30, 16:37:16.022, 302470518893, testhost.net48.exe, AssemblyResolver.OnResolve: Resolved assembly: Microsoft.VisualStudio.TestPlatform.Extensions.Trx.TestLogger, from path: C:\Program Files\dotnet\sdk\9.0.305\Extensions\Microsoft.VisualStudio.TestPlatform.Extensions.Trx.TestLogger.dll
TpTrace Verbose: 0 : 37048, 3, 2026/01/30, 16:37:16.022, 302470523124, testhost.net48.exe, MetadataReaderExtensionsHelper: Discovering extensions inside assembly 'Microsoft.VisualStudio.TestPlatform.Extensions.Trx.TestLogger, Version=15.0.0.0, Culture=neutral, PublicKeyToken=b03f5f7f11d50a3a' file path 'C:\Program Files\dotnet\sdk\9.0.305\Extensions\Microsoft.VisualStudio.TestPlatform.Extensions.Trx.TestLogger.dll'
TpTrace Information: 0 : 37048, 3, 2026/01/30, 16:37:16.041, 302470710409, testhost.net48.exe, AssemblyResolver.OnResolve: Microsoft.VisualStudio.TestPlatform.MSTest.TestAdapter: Resolving assembly.
TpTrace Information: 0 : 37048, 3, 2026/01/30, 16:37:16.041, 302470711478, testhost.net48.exe, AssemblyResolver.OnResolve: Microsoft.VisualStudio.TestPlatform.MSTest.TestAdapter: Searching in: 'C:\Program Files\dotnet\sdk\9.0.305\Extensions'.
TpTrace Information: 0 : 37048, 3, 2026/01/30, 16:37:16.042, 302470712239, testhost.net48.exe, AssemblyResolver.OnResolve: Microsoft.VisualStudio.TestPlatform.MSTest.TestAdapter: Assembly path does not exist: 'C:\Program Files\dotnet\sdk\9.0.305\Extensions\Microsoft.VisualStudio.TestPlatform.MSTest.TestAdapter.dll', returning.
TpTrace Information: 0 : 37048, 3, 2026/01/30, 16:37:16.042, 302470712943, testhost.net48.exe, AssemblyResolver.OnResolve: Microsoft.VisualStudio.TestPlatform.MSTest.TestAdapter: Assembly path does not exist: 'C:\Program Files\dotnet\sdk\9.0.305\Extensions\Microsoft.VisualStudio.TestPlatform.MSTest.TestAdapter.exe', returning.
TpTrace Information: 0 : 37048, 3, 2026/01/30, 16:37:16.042, 302470713688, testhost.net48.exe, AssemblyResolver.OnResolve: Microsoft.VisualStudio.TestPlatform.MSTest.TestAdapter: Searching in: 'C:\Proyectos\Code - Logger\ModularisTestUnitTests\bin\Debug'.
TpTrace Information: 0 : 37048, 3, 2026/01/30, 16:37:16.042, 302470719801, testhost.net48.exe, AssemblyResolver.OnResolve: Microsoft.VisualStudio.TestPlatform.MSTest.TestAdapter: Loading assembly 'C:\Proyectos\Code - Logger\ModularisTestUnitTests\bin\Debug\Microsoft.VisualStudio.TestPlatform.MSTest.TestAdapter.dll'.
TpTrace Error: 0 : 37048, 3, 2026/01/30, 16:37:16.053, 302470827292, testhost.net48.exe, AssemblyResolver.OnResolve: Microsoft.VisualStudio.TestPlatform.MSTest.TestAdapter: Failed to load assembly. Reason:System.IO.FileLoadException: No se puede cargar el archivo o ensamblado 'file:///C:\Proyectos\Code - Logger\ModularisTestUnitTests\bin\Debug\Microsoft.VisualStudio.TestPlatform.MSTest.TestAdapter.dll' ni una de sus dependencias. Operación no admitida. (Excepción de HRESULT: 0x80131515)
Nombre de archivo: 'file:///C:\Proyectos\Code - Logger\ModularisTestUnitTests\bin\Debug\Microsoft.VisualStudio.TestPlatform.MSTest.TestAdapter.dll' ---> System.NotSupportedException: Se intentó cargar un ensamblado desde una ubicación de red, por lo que el ensamblado habría sido incluido en un espacio aislado de versiones anteriores de .NET Framework. Esta versión de .NET Framework no habilita la directiva CAS de forma predeterminada, por lo que esta carga puede ser peligrosa. Si esta carga no va a incluir el ensamblado en un espacio aislado, habilite el modificador loadFromRemoteSources. Vea http://go.microsoft.com/fwlink/?LinkId=155569 para obtener más información.
   en System.Reflection.RuntimeAssembly._nLoad(AssemblyName fileName, String codeBase, Evidence assemblySecurity, RuntimeAssembly locationHint, StackCrawlMark& stackMark, IntPtr pPrivHostBinder, Boolean throwOnFileNotFound, Boolean forIntrospection, Boolean suppressSecurityChecks)
   en System.Reflection.RuntimeAssembly.InternalLoadAssemblyName(AssemblyName assemblyRef, Evidence assemblySecurity, RuntimeAssembly reqAssembly, StackCrawlMark& stackMark, IntPtr pPrivHostBinder, Boolean throwOnFileNotFound, Boolean forIntrospection, Boolean suppressSecurityChecks)
   en System.Reflection.RuntimeAssembly.InternalLoadFrom(String assemblyFile, Evidence securityEvidence, Byte[] hashValue, AssemblyHashAlgorithm hashAlgorithm, Boolean forIntrospection, Boolean suppressSecurityChecks, StackCrawlMark& stackMark)
   en System.Reflection.Assembly.LoadFrom(String assemblyFile)
   en Microsoft.VisualStudio.TestPlatform.PlatformAbstractions.PlatformAssemblyLoadContext.LoadAssemblyFromPath(String assemblyPath) en /_/src/Microsoft.TestPlatform.PlatformAbstractions/net462/Runtime/PlatformAssemblyLoadContext.cs:línea 23
   en Microsoft.VisualStudio.TestPlatform.Common.Utilities.AssemblyResolver.OnResolve(Object sender, AssemblyResolveEventArgs args) en /_/src/Microsoft.TestPlatform.Common/Utilities/AssemblyResolver.cs:línea 179

 
TpTrace Warning: 0 : 37048, 3, 2026/01/30, 16:37:16.054, 302470837956, testhost.net48.exe, TestPluginDiscoverer-FileLoadException: Failed to load extensions from file 'C:\Proyectos\Code - Logger\ModularisTestUnitTests\bin\Debug\Microsoft.VisualStudio.TestPlatform.MSTest.TestAdapter.dll'.  Skipping test extension scan for this file.  Error: System.IO.FileLoadException: No se puede cargar el archivo o ensamblado 'Microsoft.VisualStudio.TestPlatform.MSTest.TestAdapter' ni una de sus dependencias. Operación no admitida. (Excepción de HRESULT: 0x80131515)
Nombre de archivo: 'Microsoft.VisualStudio.TestPlatform.MSTest.TestAdapter' ---> System.IO.FileLoadException: No se puede cargar el archivo o ensamblado 'file:///C:\Proyectos\Code - Logger\ModularisTestUnitTests\bin\Debug\Microsoft.VisualStudio.TestPlatform.MSTest.TestAdapter.dll' ni una de sus dependencias. Operación no admitida. (Excepción de HRESULT: 0x80131515)
Nombre de archivo: 'file:///C:\Proyectos\Code - Logger\ModularisTestUnitTests\bin\Debug\Microsoft.VisualStudio.TestPlatform.MSTest.TestAdapter.dll' ---> System.NotSupportedException: Se intentó cargar un ensamblado desde una ubicación de red, por lo que el ensamblado habría sido incluido en un espacio aislado de versiones anteriores de .NET Framework. Esta versión de .NET Framework no habilita la directiva CAS de forma predeterminada, por lo que esta carga puede ser peligrosa. Si esta carga no va a incluir el ensamblado en un espacio aislado, habilite el modificador loadFromRemoteSources. Vea http://go.microsoft.com/fwlink/?LinkId=155569 para obtener más información.
   en System.Reflection.RuntimeAssembly._nLoad(AssemblyName fileName, String codeBase, Evidence assemblySecurity, RuntimeAssembly locationHint, StackCrawlMark& stackMark, IntPtr pPrivHostBinder, Boolean throwOnFileNotFound, Boolean forIntrospection, Boolean suppressSecurityChecks)
   en System.Reflection.RuntimeAssembly.InternalLoadAssemblyName(AssemblyName assemblyRef, Evidence assemblySecurity, RuntimeAssembly reqAssembly, StackCrawlMark& stackMark, IntPtr pPrivHostBinder, Boolean throwOnFileNotFound, Boolean forIntrospection, Boolean suppressSecurityChecks)
   en System.Reflection.RuntimeAssembly.InternalLoadFrom(String assemblyFile, Evidence securityEvidence, Byte[] hashValue, AssemblyHashAlgorithm hashAlgorithm, Boolean forIntrospection, Boolean suppressSecurityChecks, StackCrawlMark& stackMark)
   en System.Reflection.Assembly.LoadFrom(String assemblyFile)
   en Microsoft.VisualStudio.TestPlatform.PlatformAbstractions.PlatformAssemblyLoadContext.LoadAssemblyFromPath(String assemblyPath) en /_/src/Microsoft.TestPlatform.PlatformAbstractions/net462/Runtime/PlatformAssemblyLoadContext.cs:línea 23
   en Microsoft.VisualStudio.TestPlatform.Common.Utilities.AssemblyResolver.OnResolve(Object sender, AssemblyResolveEventArgs args) en /_/src/Microsoft.TestPlatform.Common/Utilities/AssemblyResolver.cs:línea 202
   en System.AppDomain.OnAssemblyResolveEvent(RuntimeAssembly assembly, String assemblyFullName)


   en System.Reflection.RuntimeAssembly._nLoad(AssemblyName fileName, String codeBase, Evidence assemblySecurity, RuntimeAssembly locationHint, StackCrawlMark& stackMark, IntPtr pPrivHostBinder, Boolean throwOnFileNotFound, Boolean forIntrospection, Boolean suppressSecurityChecks)
   en System.Reflection.RuntimeAssembly.InternalLoadAssemblyName(AssemblyName assemblyRef, Evidence assemblySecurity, RuntimeAssembly reqAssembly, StackCrawlMark& stackMark, IntPtr pPrivHostBinder, Boolean throwOnFileNotFound, Boolean forIntrospection, Boolean suppressSecurityChecks)
   en System.Reflection.Assembly.Load(AssemblyName assemblyRef)
   en Microsoft.VisualStudio.TestPlatform.Common.ExtensionFramework.TestPluginDiscoverer.GetTestExtensionsFromFiles[TPluginInfo,TExtension](String[] files, Dictionary`2 pluginInfos) en /_/src/Microsoft.TestPlatform.Common/ExtensionFramework/TestPluginDiscoverer.cs:línea 95


TpTrace Warning: 0 : 37048, 3, 2026/01/30, 16:37:16.055, 302470847081, testhost.net48.exe, No se pudieron cargar las extensiones del archivo "C:\Proyectos\Code - Logger\ModularisTestUnitTests\bin\Debug\Microsoft.VisualStudio.TestPlatform.MSTest.TestAdapter.dll". Use /diag para obtener más información.
TpTrace Verbose: 0 : 37048, 3, 2026/01/30, 16:37:16.055, 302470848117, testhost.net48.exe, TestRequestHandler.SendData: sending data from testhost: {"Version":7,"MessageType":"TestSession.Message","Payload":{"MessageLevel":1,"Message":"No se pudieron cargar las extensiones del archivo \"C:\\Proyectos\\Code - Logger\\ModularisTestUnitTests\\bin\\Debug\\Microsoft.VisualStudio.TestPlatform.MSTest.TestAdapter.dll\". Use /diag para obtener más información."}}
TpTrace Verbose: 0 : 37048, 3, 2026/01/30, 16:37:16.055, 302470849357, testhost.net48.exe, MulticastDelegateUtilities.SafeInvoke: TestRunMessageLoggerProxy.SendMessage: Invoking callback 1/1 for Microsoft.VisualStudio.TestPlatform.CrossPlatEngine.Execution.ExecutionManager., took 0 ms.
TpTrace Verbose: 0 : 37048, 3, 2026/01/30, 16:37:16.060, 302470892796, testhost.net48.exe, TestPluginCache: Discovered the extensions using extension path ''.
TpTrace Verbose: 0 : 37048, 3, 2026/01/30, 16:37:16.061, 302470903810, testhost.net48.exe, TestPluginCache: Discoverers are ''.
TpTrace Verbose: 0 : 37048, 3, 2026/01/30, 16:37:16.061, 302470904445, testhost.net48.exe, TestPluginCache: Executors are ''.
TpTrace Verbose: 0 : 37048, 3, 2026/01/30, 16:37:16.061, 302470904686, testhost.net48.exe, TestPluginCache: Executors2 are ''.
TpTrace Verbose: 0 : 37048, 3, 2026/01/30, 16:37:16.061, 302470904815, testhost.net48.exe, TestPluginCache: Setting providers are ''.
TpTrace Verbose: 0 : 37048, 3, 2026/01/30, 16:37:16.061, 302470904984, testhost.net48.exe, TestPluginCache: Loggers are ''.
TpTrace Verbose: 0 : 37048, 3, 2026/01/30, 16:37:16.061, 302470905108, testhost.net48.exe, TestPluginCache: TestHosts are ''.
TpTrace Verbose: 0 : 37048, 3, 2026/01/30, 16:37:16.061, 302470905229, testhost.net48.exe, TestPluginCache: DataCollectors are ''.
TpTrace Verbose: 0 : 37048, 3, 2026/01/30, 16:37:16.063, 302470927074, testhost.net48.exe, TestPluginCache.DiscoverTestExtensions: finding test extensions in assemblies ends with: TestAdapter.dll TPluginInfo: Microsoft.VisualStudio.TestPlatform.Common.ExtensionFramework.Utilities.TestExecutorPluginInformation2 TExtension: Microsoft.VisualStudio.TestPlatform.ObjectModel.Adapter.ITestExecutor2
TpTrace Verbose: 0 : 37048, 3, 2026/01/30, 16:37:16.063, 302470930710, testhost.net48.exe, TestPluginCache.GetExtensionPaths: Filtered extension paths: 
TpTrace Verbose: 0 : 37048, 3, 2026/01/30, 16:37:16.063, 302470931378, testhost.net48.exe, TestPluginCache.GetExtensionPaths: Added default extension paths: C:\Program Files\dotnet\sdk\9.0.305\Extensions\Microsoft.Diagnostics.NETCore.Client.dll
C:\Program Files\dotnet\sdk\9.0.305\Extensions\Microsoft.TestPlatform.Extensions.BlameDataCollector.dll
C:\Program Files\dotnet\sdk\9.0.305\Extensions\Microsoft.TestPlatform.Extensions.EventLogCollector.dll
C:\Program Files\dotnet\sdk\9.0.305\Extensions\Microsoft.TestPlatform.TestHostRuntimeProvider.dll
C:\Program Files\dotnet\sdk\9.0.305\Extensions\Microsoft.VisualStudio.TestPlatform.Extensions.Html.TestLogger.dll
C:\Program Files\dotnet\sdk\9.0.305\Extensions\Microsoft.VisualStudio.TestPlatform.Extensions.Trx.TestLogger.dll
C:\Proyectos\Code - Logger\ModularisTestUnitTests\bin\Debug\Microsoft.VisualStudio.TestPlatform.MSTest.TestAdapter.dll
TpTrace Verbose: 0 : 37048, 3, 2026/01/30, 16:37:16.063, 302470931601, testhost.net48.exe, TestPluginCache.GetExtensionPaths: Added unfilterableExtensionPaths: 
TpTrace Information: 0 : 37048, 3, 2026/01/30, 16:37:16.064, 302470933100, testhost.net48.exe, AssemblyResolver.AddSearchDirectories: Adding more searchDirectories C:\Program Files\dotnet\sdk\9.0.305\Extensions,C:\Proyectos\Code - Logger\ModularisTestUnitTests\bin\Debug,C:\Program Files\dotnet\sdk\9.0.305\TestHostNetFramework
TpTrace Verbose: 0 : 37048, 3, 2026/01/30, 16:37:16.064, 302470933394, testhost.net48.exe, TestPluginCache.DiscoverTestExtensions: Discovering the extensions using extension path.
TpTrace Verbose: 0 : 37048, 3, 2026/01/30, 16:37:16.064, 302470933630, testhost.net48.exe, TestPluginCache.GetExtensionPaths: Filtered extension paths: 
TpTrace Verbose: 0 : 37048, 3, 2026/01/30, 16:37:16.064, 302470933830, testhost.net48.exe, TestPluginCache.GetExtensionPaths: Added default extension paths: C:\Program Files\dotnet\sdk\9.0.305\Extensions\Microsoft.Diagnostics.NETCore.Client.dll
C:\Program Files\dotnet\sdk\9.0.305\Extensions\Microsoft.TestPlatform.Extensions.BlameDataCollector.dll
C:\Program Files\dotnet\sdk\9.0.305\Extensions\Microsoft.TestPlatform.Extensions.EventLogCollector.dll
C:\Program Files\dotnet\sdk\9.0.305\Extensions\Microsoft.TestPlatform.TestHostRuntimeProvider.dll
C:\Program Files\dotnet\sdk\9.0.305\Extensions\Microsoft.VisualStudio.TestPlatform.Extensions.Html.TestLogger.dll
C:\Program Files\dotnet\sdk\9.0.305\Extensions\Microsoft.VisualStudio.TestPlatform.Extensions.Trx.TestLogger.dll
C:\Proyectos\Code - Logger\ModularisTestUnitTests\bin\Debug\Microsoft.VisualStudio.TestPlatform.MSTest.TestAdapter.dll
TpTrace Verbose: 0 : 37048, 3, 2026/01/30, 16:37:16.064, 302470934083, testhost.net48.exe, TestPluginCache.GetExtensionPaths: Added unfilterableExtensionPaths: 
TpTrace Verbose: 0 : 37048, 3, 2026/01/30, 16:37:16.064, 302470934329, testhost.net48.exe, TestPluginCache.DiscoverTestExtensions: Discovering the extensions using allExtensionPaths: C:\Program Files\dotnet\sdk\9.0.305\Extensions\Microsoft.Diagnostics.NETCore.Client.dll
C:\Program Files\dotnet\sdk\9.0.305\Extensions\Microsoft.TestPlatform.Extensions.BlameDataCollector.dll
C:\Program Files\dotnet\sdk\9.0.305\Extensions\Microsoft.TestPlatform.Extensions.EventLogCollector.dll
C:\Program Files\dotnet\sdk\9.0.305\Extensions\Microsoft.TestPlatform.TestHostRuntimeProvider.dll
C:\Program Files\dotnet\sdk\9.0.305\Extensions\Microsoft.VisualStudio.TestPlatform.Extensions.Html.TestLogger.dll
C:\Program Files\dotnet\sdk\9.0.305\Extensions\Microsoft.VisualStudio.TestPlatform.Extensions.Trx.TestLogger.dll
C:\Proyectos\Code - Logger\ModularisTestUnitTests\bin\Debug\Microsoft.VisualStudio.TestPlatform.MSTest.TestAdapter.dll
TpTrace Information: 0 : 37048, 3, 2026/01/30, 16:37:16.064, 302470934860, testhost.net48.exe, AssemblyResolver.AddSearchDirectories: Adding more searchDirectories C:\Program Files\dotnet\sdk\9.0.305\Extensions,C:\Program Files\dotnet\sdk\9.0.305\TestHostNetFramework
TpTrace Information: 0 : 37048, 3, 2026/01/30, 16:37:16.064, 302470935094, testhost.net48.exe, AssemblyResolver.AddSearchDirectories: Adding more searchDirectories C:\Program Files\dotnet\sdk\9.0.305\Extensions,C:\Program Files\dotnet\sdk\9.0.305\TestHostNetFramework
TpTrace Information: 0 : 37048, 3, 2026/01/30, 16:37:16.064, 302470935288, testhost.net48.exe, AssemblyResolver.AddSearchDirectories: Adding more searchDirectories C:\Program Files\dotnet\sdk\9.0.305\Extensions,C:\Program Files\dotnet\sdk\9.0.305\TestHostNetFramework
TpTrace Information: 0 : 37048, 3, 2026/01/30, 16:37:16.064, 302470935450, testhost.net48.exe, AssemblyResolver.AddSearchDirectories: Adding more searchDirectories C:\Program Files\dotnet\sdk\9.0.305\Extensions,C:\Program Files\dotnet\sdk\9.0.305\TestHostNetFramework
TpTrace Information: 0 : 37048, 3, 2026/01/30, 16:37:16.064, 302470935652, testhost.net48.exe, AssemblyResolver.AddSearchDirectories: Adding more searchDirectories C:\Program Files\dotnet\sdk\9.0.305\Extensions,C:\Program Files\dotnet\sdk\9.0.305\TestHostNetFramework
TpTrace Information: 0 : 37048, 3, 2026/01/30, 16:37:16.064, 302470935851, testhost.net48.exe, AssemblyResolver.AddSearchDirectories: Adding more searchDirectories C:\Program Files\dotnet\sdk\9.0.305\Extensions,C:\Program Files\dotnet\sdk\9.0.305\TestHostNetFramework
TpTrace Information: 0 : 37048, 3, 2026/01/30, 16:37:16.064, 302470936017, testhost.net48.exe, AssemblyResolver.AddSearchDirectories: Adding more searchDirectories C:\Proyectos\Code - Logger\ModularisTestUnitTests\bin\Debug,C:\Program Files\dotnet\sdk\9.0.305\TestHostNetFramework
TpTrace Verbose: 0 : 37048, 3, 2026/01/30, 16:37:16.064, 302470936900, testhost.net48.exe, MetadataReaderExtensionsHelper: Discovering extensions inside assembly 'Microsoft.Diagnostics.NETCore.Client, Version=0.2.12.17301, Culture=neutral, PublicKeyToken=31bf3856ad364e35' file path 'C:\Program Files\dotnet\sdk\9.0.305\Extensions\Microsoft.Diagnostics.NETCore.Client.dll'
TpTrace Warning: 0 : 37048, 3, 2026/01/30, 16:37:16.074, 302471046842, testhost.net48.exe, TestPluginDiscoverer: Failed to get types from assembly 'Microsoft.Diagnostics.NETCore.Client, Version=0.2.12.17301, Culture=neutral, PublicKeyToken=31bf3856ad364e35'. Error: System.Reflection.ReflectionTypeLoadException: No se pueden cargar uno o varios tipos requeridos. Recupere la propiedad LoaderExceptions para obtener más información.
   en System.Reflection.RuntimeModule.GetTypes(RuntimeModule module)
   en System.Reflection.RuntimeModule.GetTypes()
   en System.Reflection.Assembly.GetTypes()
   en Microsoft.VisualStudio.TestPlatform.Common.ExtensionFramework.TestPluginDiscoverer.GetTestExtensionsFromAssembly[TPluginInfo,TExtension](Assembly assembly, Dictionary`2 pluginInfos, String filePath) en /_/src/Microsoft.TestPlatform.Common/ExtensionFramework/TestPluginDiscoverer.cs:línea 159
TpTrace Warning: 0 : 37048, 3, 2026/01/30, 16:37:16.074, 302471048800, testhost.net48.exe, LoaderExceptions: System.IO.FileNotFoundException: No se puede cargar el archivo o ensamblado 'Microsoft.Bcl.AsyncInterfaces, Version=6.0.0.0, Culture=neutral, PublicKeyToken=cc7b13ffcd2ddd51' ni una de sus dependencias. El sistema no puede encontrar el archivo especificado.
Nombre de archivo: 'Microsoft.Bcl.AsyncInterfaces, Version=6.0.0.0, Culture=neutral, PublicKeyToken=cc7b13ffcd2ddd51'
   en System.Reflection.RuntimeAssembly._nLoad(AssemblyName fileName, String codeBase, Evidence assemblySecurity, RuntimeAssembly locationHint, StackCrawlMark& stackMark, IntPtr pPrivHostBinder, Boolean throwOnFileNotFound, Boolean forIntrospection, Boolean suppressSecurityChecks)
   en System.Reflection.RuntimeAssembly.InternalLoadAssemblyName(AssemblyName assemblyRef, Evidence assemblySecurity, RuntimeAssembly reqAssembly, StackCrawlMark& stackMark, IntPtr pPrivHostBinder, Boolean throwOnFileNotFound, Boolean forIntrospection, Boolean suppressSecurityChecks)
   en System.Reflection.Assembly.Load(AssemblyName assemblyRef)
   en Microsoft.VisualStudio.TestPlatform.Common.ExtensionFramework.TestPluginCache.CurrentDomainAssemblyResolve(Object sender, AssemblyResolveEventArgs args) en /_/src/Microsoft.TestPlatform.Common/ExtensionFramework/TestPluginCache.cs:línea 514
   en System.AppDomain.OnAssemblyResolveEvent(RuntimeAssembly assembly, String assemblyFullName)

El administrador de ensamblados se cargó desde:  C:\Windows\Microsoft.NET\Framework64\v4.0.30319\clr.dll
Ejecución bajo archivo ejecutable  C:\Program Files\dotnet\sdk\9.0.305\TestHostNetFramework\testhost.net48.exe
--- Registro de errores detallado. 

=== Información de estado anterior al enlace ===
LOG: DisplayName = Microsoft.Bcl.AsyncInterfaces, Version=6.0.0.0, Culture=neutral, PublicKeyToken=cc7b13ffcd2ddd51
 (Fully-specified)
LOG: Appbase = file:///C:/Program Files/dotnet/sdk/9.0.305/TestHostNetFramework/
LOG: PrivatePath inicial = NULL
Ensamblado de llamada : Microsoft.VisualStudio.TestPlatform.Common, Version=15.0.0.0, Culture=neutral, PublicKeyToken=b03f5f7f11d50a3a.
===
LOG: Este enlace empieza en el contexto de carga default.
LOG: Utilización del archivo de configuración de la aplicación: C:\Program Files\dotnet\sdk\9.0.305\TestHostNetFramework\testhost.net48.exe.Config
LOG: Utilizando el archivo de configuración de host: 
LOG: Utilizando el archivo de configuración del equipo en C:\Windows\Microsoft.NET\Framework64\v4.0.30319\config\machine.config.
LOG: Referencia posterior a la directiva: Microsoft.Bcl.AsyncInterfaces, Version=6.0.0.0, Culture=neutral, PublicKeyToken=cc7b13ffcd2ddd51
LOG: Intento de descarga de la nueva dirección URL file:///C:/Program Files/dotnet/sdk/9.0.305/TestHostNetFramework/Microsoft.Bcl.AsyncInterfaces.DLL.
LOG: Intento de descarga de la nueva dirección URL file:///C:/Program Files/dotnet/sdk/9.0.305/TestHostNetFramework/Microsoft.Bcl.AsyncInterfaces/Microsoft.Bcl.AsyncInterfaces.DLL.
LOG: Intento de descarga de la nueva dirección URL file:///C:/Program Files/dotnet/sdk/9.0.305/TestHostNetFramework/Extensions/Microsoft.Bcl.AsyncInterfaces.DLL.
LOG: Intento de descarga de la nueva dirección URL file:///C:/Program Files/dotnet/sdk/9.0.305/TestHostNetFramework/Extensions/Microsoft.Bcl.AsyncInterfaces/Microsoft.Bcl.AsyncInterfaces.DLL.
LOG: Intento de descarga de la nueva dirección URL file:///C:/Program Files/dotnet/sdk/9.0.305/TestHostNetFramework/Microsoft.Bcl.AsyncInterfaces.EXE.
LOG: Intento de descarga de la nueva dirección URL file:///C:/Program Files/dotnet/sdk/9.0.305/TestHostNetFramework/Microsoft.Bcl.AsyncInterfaces/Microsoft.Bcl.AsyncInterfaces.EXE.
LOG: Intento de descarga de la nueva dirección URL file:///C:/Program Files/dotnet/sdk/9.0.305/TestHostNetFramework/Extensions/Microsoft.Bcl.AsyncInterfaces.EXE.
LOG: Intento de descarga de la nueva dirección URL file:///C:/Program Files/dotnet/sdk/9.0.305/TestHostNetFramework/Extensions/Microsoft.Bcl.AsyncInterfaces/Microsoft.Bcl.AsyncInterfaces.EXE.

TpTrace Warning: 0 : 37048, 3, 2026/01/30, 16:37:16.074, 302471049875, testhost.net48.exe, LoaderExceptions: System.IO.FileNotFoundException: No se puede cargar el archivo o ensamblado 'Microsoft.Bcl.AsyncInterfaces, Version=6.0.0.0, Culture=neutral, PublicKeyToken=cc7b13ffcd2ddd51' ni una de sus dependencias. El sistema no puede encontrar el archivo especificado.
Nombre de archivo: 'Microsoft.Bcl.AsyncInterfaces, Version=6.0.0.0, Culture=neutral, PublicKeyToken=cc7b13ffcd2ddd51'
   en System.Reflection.RuntimeAssembly._nLoad(AssemblyName fileName, String codeBase, Evidence assemblySecurity, RuntimeAssembly locationHint, StackCrawlMark& stackMark, IntPtr pPrivHostBinder, Boolean throwOnFileNotFound, Boolean forIntrospection, Boolean suppressSecurityChecks)
   en System.Reflection.RuntimeAssembly.InternalLoadAssemblyName(AssemblyName assemblyRef, Evidence assemblySecurity, RuntimeAssembly reqAssembly, StackCrawlMark& stackMark, IntPtr pPrivHostBinder, Boolean throwOnFileNotFound, Boolean forIntrospection, Boolean suppressSecurityChecks)
   en System.Reflection.Assembly.Load(AssemblyName assemblyRef)
   en Microsoft.VisualStudio.TestPlatform.Common.ExtensionFramework.TestPluginCache.CurrentDomainAssemblyResolve(Object sender, AssemblyResolveEventArgs args) en /_/src/Microsoft.TestPlatform.Common/ExtensionFramework/TestPluginCache.cs:línea 514
   en System.AppDomain.OnAssemblyResolveEvent(RuntimeAssembly assembly, String assemblyFullName)

El administrador de ensamblados se cargó desde:  C:\Windows\Microsoft.NET\Framework64\v4.0.30319\clr.dll
Ejecución bajo archivo ejecutable  C:\Program Files\dotnet\sdk\9.0.305\TestHostNetFramework\testhost.net48.exe
--- Registro de errores detallado. 

=== Información de estado anterior al enlace ===
LOG: DisplayName = Microsoft.Bcl.AsyncInterfaces, Version=6.0.0.0, Culture=neutral, PublicKeyToken=cc7b13ffcd2ddd51
 (Fully-specified)
LOG: Appbase = file:///C:/Program Files/dotnet/sdk/9.0.305/TestHostNetFramework/
LOG: PrivatePath inicial = NULL
Ensamblado de llamada : Microsoft.VisualStudio.TestPlatform.Common, Version=15.0.0.0, Culture=neutral, PublicKeyToken=b03f5f7f11d50a3a.
===
LOG: Este enlace empieza en el contexto de carga default.
LOG: Utilización del archivo de configuración de la aplicación: C:\Program Files\dotnet\sdk\9.0.305\TestHostNetFramework\testhost.net48.exe.Config
LOG: Utilizando el archivo de configuración de host: 
LOG: Utilizando el archivo de configuración del equipo en C:\Windows\Microsoft.NET\Framework64\v4.0.30319\config\machine.config.
LOG: Referencia posterior a la directiva: Microsoft.Bcl.AsyncInterfaces, Version=6.0.0.0, Culture=neutral, PublicKeyToken=cc7b13ffcd2ddd51
LOG: Intento de descarga de la nueva dirección URL file:///C:/Program Files/dotnet/sdk/9.0.305/TestHostNetFramework/Microsoft.Bcl.AsyncInterfaces.DLL.
LOG: Intento de descarga de la nueva dirección URL file:///C:/Program Files/dotnet/sdk/9.0.305/TestHostNetFramework/Microsoft.Bcl.AsyncInterfaces/Microsoft.Bcl.AsyncInterfaces.DLL.
LOG: Intento de descarga de la nueva dirección URL file:///C:/Program Files/dotnet/sdk/9.0.305/TestHostNetFramework/Extensions/Microsoft.Bcl.AsyncInterfaces.DLL.
LOG: Intento de descarga de la nueva dirección URL file:///C:/Program Files/dotnet/sdk/9.0.305/TestHostNetFramework/Extensions/Microsoft.Bcl.AsyncInterfaces/Microsoft.Bcl.AsyncInterfaces.DLL.
LOG: Intento de descarga de la nueva dirección URL file:///C:/Program Files/dotnet/sdk/9.0.305/TestHostNetFramework/Microsoft.Bcl.AsyncInterfaces.EXE.
LOG: Intento de descarga de la nueva dirección URL file:///C:/Program Files/dotnet/sdk/9.0.305/TestHostNetFramework/Microsoft.Bcl.AsyncInterfaces/Microsoft.Bcl.AsyncInterfaces.EXE.
LOG: Intento de descarga de la nueva dirección URL file:///C:/Program Files/dotnet/sdk/9.0.305/TestHostNetFramework/Extensions/Microsoft.Bcl.AsyncInterfaces.EXE.
LOG: Intento de descarga de la nueva dirección URL file:///C:/Program Files/dotnet/sdk/9.0.305/TestHostNetFramework/Extensions/Microsoft.Bcl.AsyncInterfaces/Microsoft.Bcl.AsyncInterfaces.EXE.

TpTrace Warning: 0 : 37048, 3, 2026/01/30, 16:37:16.074, 302471050732, testhost.net48.exe, LoaderExceptions: System.IO.FileNotFoundException: No se puede cargar el archivo o ensamblado 'System.Threading.Tasks.Extensions, Version=4.2.0.1, Culture=neutral, PublicKeyToken=cc7b13ffcd2ddd51' ni una de sus dependencias. El sistema no puede encontrar el archivo especificado.
Nombre de archivo: 'System.Threading.Tasks.Extensions, Version=4.2.0.1, Culture=neutral, PublicKeyToken=cc7b13ffcd2ddd51'
   en System.Reflection.RuntimeAssembly._nLoad(AssemblyName fileName, String codeBase, Evidence assemblySecurity, RuntimeAssembly locationHint, StackCrawlMark& stackMark, IntPtr pPrivHostBinder, Boolean throwOnFileNotFound, Boolean forIntrospection, Boolean suppressSecurityChecks)
   en System.Reflection.RuntimeAssembly.InternalLoadAssemblyName(AssemblyName assemblyRef, Evidence assemblySecurity, RuntimeAssembly reqAssembly, StackCrawlMark& stackMark, IntPtr pPrivHostBinder, Boolean throwOnFileNotFound, Boolean forIntrospection, Boolean suppressSecurityChecks)
   en System.Reflection.Assembly.Load(AssemblyName assemblyRef)
   en Microsoft.VisualStudio.TestPlatform.Common.ExtensionFramework.TestPluginCache.CurrentDomainAssemblyResolve(Object sender, AssemblyResolveEventArgs args) en /_/src/Microsoft.TestPlatform.Common/ExtensionFramework/TestPluginCache.cs:línea 514
   en System.AppDomain.OnAssemblyResolveEvent(RuntimeAssembly assembly, String assemblyFullName)

El administrador de ensamblados se cargó desde:  C:\Windows\Microsoft.NET\Framework64\v4.0.30319\clr.dll
Ejecución bajo archivo ejecutable  C:\Program Files\dotnet\sdk\9.0.305\TestHostNetFramework\testhost.net48.exe
--- Registro de errores detallado. 

=== Información de estado anterior al enlace ===
LOG: DisplayName = System.Threading.Tasks.Extensions, Version=4.2.0.1, Culture=neutral, PublicKeyToken=cc7b13ffcd2ddd51
 (Fully-specified)
LOG: Appbase = file:///C:/Program Files/dotnet/sdk/9.0.305/TestHostNetFramework/
LOG: PrivatePath inicial = NULL
Ensamblado de llamada : Microsoft.VisualStudio.TestPlatform.Common, Version=15.0.0.0, Culture=neutral, PublicKeyToken=b03f5f7f11d50a3a.
===
LOG: Este enlace empieza en el contexto de carga default.
LOG: Utilización del archivo de configuración de la aplicación: C:\Program Files\dotnet\sdk\9.0.305\TestHostNetFramework\testhost.net48.exe.Config
LOG: Utilizando el archivo de configuración de host: 
LOG: Utilizando el archivo de configuración del equipo en C:\Windows\Microsoft.NET\Framework64\v4.0.30319\config\machine.config.
LOG: Referencia posterior a la directiva: System.Threading.Tasks.Extensions, Version=4.2.0.1, Culture=neutral, PublicKeyToken=cc7b13ffcd2ddd51
LOG: Intento de descarga de la nueva dirección URL file:///C:/Program Files/dotnet/sdk/9.0.305/TestHostNetFramework/System.Threading.Tasks.Extensions.DLL.
LOG: Intento de descarga de la nueva dirección URL file:///C:/Program Files/dotnet/sdk/9.0.305/TestHostNetFramework/System.Threading.Tasks.Extensions/System.Threading.Tasks.Extensions.DLL.
LOG: Intento de descarga de la nueva dirección URL file:///C:/Program Files/dotnet/sdk/9.0.305/TestHostNetFramework/Extensions/System.Threading.Tasks.Extensions.DLL.
LOG: Intento de descarga de la nueva dirección URL file:///C:/Program Files/dotnet/sdk/9.0.305/TestHostNetFramework/Extensions/System.Threading.Tasks.Extensions/System.Threading.Tasks.Extensions.DLL.
LOG: Intento de descarga de la nueva dirección URL file:///C:/Program Files/dotnet/sdk/9.0.305/TestHostNetFramework/System.Threading.Tasks.Extensions.EXE.
LOG: Intento de descarga de la nueva dirección URL file:///C:/Program Files/dotnet/sdk/9.0.305/TestHostNetFramework/System.Threading.Tasks.Extensions/System.Threading.Tasks.Extensions.EXE.
LOG: Intento de descarga de la nueva dirección URL file:///C:/Program Files/dotnet/sdk/9.0.305/TestHostNetFramework/Extensions/System.Threading.Tasks.Extensions.EXE.
LOG: Intento de descarga de la nueva dirección URL file:///C:/Program Files/dotnet/sdk/9.0.305/TestHostNetFramework/Extensions/System.Threading.Tasks.Extensions/System.Threading.Tasks.Extensions.EXE.

TpTrace Warning: 0 : 37048, 3, 2026/01/30, 16:37:16.074, 302471051422, testhost.net48.exe, LoaderExceptions: System.IO.FileNotFoundException: No se puede cargar el archivo o ensamblado 'System.Threading.Tasks.Extensions, Version=4.2.0.1, Culture=neutral, PublicKeyToken=cc7b13ffcd2ddd51' ni una de sus dependencias. El sistema no puede encontrar el archivo especificado.
Nombre de archivo: 'System.Threading.Tasks.Extensions, Version=4.2.0.1, Culture=neutral, PublicKeyToken=cc7b13ffcd2ddd51'
   en System.Reflection.RuntimeAssembly._nLoad(AssemblyName fileName, String codeBase, Evidence assemblySecurity, RuntimeAssembly locationHint, StackCrawlMark& stackMark, IntPtr pPrivHostBinder, Boolean throwOnFileNotFound, Boolean forIntrospection, Boolean suppressSecurityChecks)
   en System.Reflection.RuntimeAssembly.InternalLoadAssemblyName(AssemblyName assemblyRef, Evidence assemblySecurity, RuntimeAssembly reqAssembly, StackCrawlMark& stackMark, IntPtr pPrivHostBinder, Boolean throwOnFileNotFound, Boolean forIntrospection, Boolean suppressSecurityChecks)
   en System.Reflection.Assembly.Load(AssemblyName assemblyRef)
   en Microsoft.VisualStudio.TestPlatform.Common.ExtensionFramework.TestPluginCache.CurrentDomainAssemblyResolve(Object sender, AssemblyResolveEventArgs args) en /_/src/Microsoft.TestPlatform.Common/ExtensionFramework/TestPluginCache.cs:línea 514
   en System.AppDomain.OnAssemblyResolveEvent(RuntimeAssembly assembly, String assemblyFullName)

El administrador de ensamblados se cargó desde:  C:\Windows\Microsoft.NET\Framework64\v4.0.30319\clr.dll
Ejecución bajo archivo ejecutable  C:\Program Files\dotnet\sdk\9.0.305\TestHostNetFramework\testhost.net48.exe
--- Registro de errores detallado. 

=== Información de estado anterior al enlace ===
LOG: DisplayName = System.Threading.Tasks.Extensions, Version=4.2.0.1, Culture=neutral, PublicKeyToken=cc7b13ffcd2ddd51
 (Fully-specified)
LOG: Appbase = file:///C:/Program Files/dotnet/sdk/9.0.305/TestHostNetFramework/
LOG: PrivatePath inicial = NULL
Ensamblado de llamada : Microsoft.VisualStudio.TestPlatform.Common, Version=15.0.0.0, Culture=neutral, PublicKeyToken=b03f5f7f11d50a3a.
===
LOG: Este enlace empieza en el contexto de carga default.
LOG: Utilización del archivo de configuración de la aplicación: C:\Program Files\dotnet\sdk\9.0.305\TestHostNetFramework\testhost.net48.exe.Config
LOG: Utilizando el archivo de configuración de host: 
LOG: Utilizando el archivo de configuración del equipo en C:\Windows\Microsoft.NET\Framework64\v4.0.30319\config\machine.config.
LOG: Referencia posterior a la directiva: System.Threading.Tasks.Extensions, Version=4.2.0.1, Culture=neutral, PublicKeyToken=cc7b13ffcd2ddd51
LOG: Intento de descarga de la nueva dirección URL file:///C:/Program Files/dotnet/sdk/9.0.305/TestHostNetFramework/System.Threading.Tasks.Extensions.DLL.
LOG: Intento de descarga de la nueva dirección URL file:///C:/Program Files/dotnet/sdk/9.0.305/TestHostNetFramework/System.Threading.Tasks.Extensions/System.Threading.Tasks.Extensions.DLL.
LOG: Intento de descarga de la nueva dirección URL file:///C:/Program Files/dotnet/sdk/9.0.305/TestHostNetFramework/Extensions/System.Threading.Tasks.Extensions.DLL.
LOG: Intento de descarga de la nueva dirección URL file:///C:/Program Files/dotnet/sdk/9.0.305/TestHostNetFramework/Extensions/System.Threading.Tasks.Extensions/System.Threading.Tasks.Extensions.DLL.
LOG: Intento de descarga de la nueva dirección URL file:///C:/Program Files/dotnet/sdk/9.0.305/TestHostNetFramework/System.Threading.Tasks.Extensions.EXE.
LOG: Intento de descarga de la nueva dirección URL file:///C:/Program Files/dotnet/sdk/9.0.305/TestHostNetFramework/System.Threading.Tasks.Extensions/System.Threading.Tasks.Extensions.EXE.
LOG: Intento de descarga de la nueva dirección URL file:///C:/Program Files/dotnet/sdk/9.0.305/TestHostNetFramework/Extensions/System.Threading.Tasks.Extensions.EXE.
LOG: Intento de descarga de la nueva dirección URL file:///C:/Program Files/dotnet/sdk/9.0.305/TestHostNetFramework/Extensions/System.Threading.Tasks.Extensions/System.Threading.Tasks.Extensions.EXE.

TpTrace Warning: 0 : 37048, 3, 2026/01/30, 16:37:16.074, 302471052185, testhost.net48.exe, LoaderExceptions: System.IO.FileNotFoundException: No se puede cargar el archivo o ensamblado 'System.Threading.Tasks.Extensions, Version=4.2.0.1, Culture=neutral, PublicKeyToken=cc7b13ffcd2ddd51' ni una de sus dependencias. El sistema no puede encontrar el archivo especificado.
Nombre de archivo: 'System.Threading.Tasks.Extensions, Version=4.2.0.1, Culture=neutral, PublicKeyToken=cc7b13ffcd2ddd51'
   en System.Reflection.RuntimeAssembly._nLoad(AssemblyName fileName, String codeBase, Evidence assemblySecurity, RuntimeAssembly locationHint, StackCrawlMark& stackMark, IntPtr pPrivHostBinder, Boolean throwOnFileNotFound, Boolean forIntrospection, Boolean suppressSecurityChecks)
   en System.Reflection.RuntimeAssembly.InternalLoadAssemblyName(AssemblyName assemblyRef, Evidence assemblySecurity, RuntimeAssembly reqAssembly, StackCrawlMark& stackMark, IntPtr pPrivHostBinder, Boolean throwOnFileNotFound, Boolean forIntrospection, Boolean suppressSecurityChecks)
   en System.Reflection.Assembly.Load(AssemblyName assemblyRef)
   en Microsoft.VisualStudio.TestPlatform.Common.ExtensionFramework.TestPluginCache.CurrentDomainAssemblyResolve(Object sender, AssemblyResolveEventArgs args) en /_/src/Microsoft.TestPlatform.Common/ExtensionFramework/TestPluginCache.cs:línea 514
   en System.AppDomain.OnAssemblyResolveEvent(RuntimeAssembly assembly, String assemblyFullName)

El administrador de ensamblados se cargó desde:  C:\Windows\Microsoft.NET\Framework64\v4.0.30319\clr.dll
Ejecución bajo archivo ejecutable  C:\Program Files\dotnet\sdk\9.0.305\TestHostNetFramework\testhost.net48.exe
--- Registro de errores detallado. 

=== Información de estado anterior al enlace ===
LOG: DisplayName = System.Threading.Tasks.Extensions, Version=4.2.0.1, Culture=neutral, PublicKeyToken=cc7b13ffcd2ddd51
 (Fully-specified)
LOG: Appbase = file:///C:/Program Files/dotnet/sdk/9.0.305/TestHostNetFramework/
LOG: PrivatePath inicial = NULL
Ensamblado de llamada : Microsoft.VisualStudio.TestPlatform.Common, Version=15.0.0.0, Culture=neutral, PublicKeyToken=b03f5f7f11d50a3a.
===
LOG: Este enlace empieza en el contexto de carga default.
LOG: Utilización del archivo de configuración de la aplicación: C:\Program Files\dotnet\sdk\9.0.305\TestHostNetFramework\testhost.net48.exe.Config
LOG: Utilizando el archivo de configuración de host: 
LOG: Utilizando el archivo de configuración del equipo en C:\Windows\Microsoft.NET\Framework64\v4.0.30319\config\machine.config.
LOG: Referencia posterior a la directiva: System.Threading.Tasks.Extensions, Version=4.2.0.1, Culture=neutral, PublicKeyToken=cc7b13ffcd2ddd51
LOG: Intento de descarga de la nueva dirección URL file:///C:/Program Files/dotnet/sdk/9.0.305/TestHostNetFramework/System.Threading.Tasks.Extensions.DLL.
LOG: Intento de descarga de la nueva dirección URL file:///C:/Program Files/dotnet/sdk/9.0.305/TestHostNetFramework/System.Threading.Tasks.Extensions/System.Threading.Tasks.Extensions.DLL.
LOG: Intento de descarga de la nueva dirección URL file:///C:/Program Files/dotnet/sdk/9.0.305/TestHostNetFramework/Extensions/System.Threading.Tasks.Extensions.DLL.
LOG: Intento de descarga de la nueva dirección URL file:///C:/Program Files/dotnet/sdk/9.0.305/TestHostNetFramework/Extensions/System.Threading.Tasks.Extensions/System.Threading.Tasks.Extensions.DLL.
LOG: Intento de descarga de la nueva dirección URL file:///C:/Program Files/dotnet/sdk/9.0.305/TestHostNetFramework/System.Threading.Tasks.Extensions.EXE.
LOG: Intento de descarga de la nueva dirección URL file:///C:/Program Files/dotnet/sdk/9.0.305/TestHostNetFramework/System.Threading.Tasks.Extensions/System.Threading.Tasks.Extensions.EXE.
LOG: Intento de descarga de la nueva dirección URL file:///C:/Program Files/dotnet/sdk/9.0.305/TestHostNetFramework/Extensions/System.Threading.Tasks.Extensions.EXE.
LOG: Intento de descarga de la nueva dirección URL file:///C:/Program Files/dotnet/sdk/9.0.305/TestHostNetFramework/Extensions/System.Threading.Tasks.Extensions/System.Threading.Tasks.Extensions.EXE.

TpTrace Warning: 0 : 37048, 3, 2026/01/30, 16:37:16.074, 302471052950, testhost.net48.exe, LoaderExceptions: System.IO.FileNotFoundException: No se puede cargar el archivo o ensamblado 'System.Threading.Tasks.Extensions, Version=4.2.0.1, Culture=neutral, PublicKeyToken=cc7b13ffcd2ddd51' ni una de sus dependencias. El sistema no puede encontrar el archivo especificado.
Nombre de archivo: 'System.Threading.Tasks.Extensions, Version=4.2.0.1, Culture=neutral, PublicKeyToken=cc7b13ffcd2ddd51'
   en System.Reflection.RuntimeAssembly._nLoad(AssemblyName fileName, String codeBase, Evidence assemblySecurity, RuntimeAssembly locationHint, StackCrawlMark& stackMark, IntPtr pPrivHostBinder, Boolean throwOnFileNotFound, Boolean forIntrospection, Boolean suppressSecurityChecks)
   en System.Reflection.RuntimeAssembly.InternalLoadAssemblyName(AssemblyName assemblyRef, Evidence assemblySecurity, RuntimeAssembly reqAssembly, StackCrawlMark& stackMark, IntPtr pPrivHostBinder, Boolean throwOnFileNotFound, Boolean forIntrospection, Boolean suppressSecurityChecks)
   en System.Reflection.Assembly.Load(AssemblyName assemblyRef)
   en Microsoft.VisualStudio.TestPlatform.Common.ExtensionFramework.TestPluginCache.CurrentDomainAssemblyResolve(Object sender, AssemblyResolveEventArgs args) en /_/src/Microsoft.TestPlatform.Common/ExtensionFramework/TestPluginCache.cs:línea 514
   en System.AppDomain.OnAssemblyResolveEvent(RuntimeAssembly assembly, String assemblyFullName)

El administrador de ensamblados se cargó desde:  C:\Windows\Microsoft.NET\Framework64\v4.0.30319\clr.dll
Ejecución bajo archivo ejecutable  C:\Program Files\dotnet\sdk\9.0.305\TestHostNetFramework\testhost.net48.exe
--- Registro de errores detallado. 

=== Información de estado anterior al enlace ===
LOG: DisplayName = System.Threading.Tasks.Extensions, Version=4.2.0.1, Culture=neutral, PublicKeyToken=cc7b13ffcd2ddd51
 (Fully-specified)
LOG: Appbase = file:///C:/Program Files/dotnet/sdk/9.0.305/TestHostNetFramework/
LOG: PrivatePath inicial = NULL
Ensamblado de llamada : Microsoft.VisualStudio.TestPlatform.Common, Version=15.0.0.0, Culture=neutral, PublicKeyToken=b03f5f7f11d50a3a.
===
LOG: Este enlace empieza en el contexto de carga default.
LOG: Utilización del archivo de configuración de la aplicación: C:\Program Files\dotnet\sdk\9.0.305\TestHostNetFramework\testhost.net48.exe.Config
LOG: Utilizando el archivo de configuración de host: 
LOG: Utilizando el archivo de configuración del equipo en C:\Windows\Microsoft.NET\Framework64\v4.0.30319\config\machine.config.
LOG: Referencia posterior a la directiva: System.Threading.Tasks.Extensions, Version=4.2.0.1, Culture=neutral, PublicKeyToken=cc7b13ffcd2ddd51
LOG: Intento de descarga de la nueva dirección URL file:///C:/Program Files/dotnet/sdk/9.0.305/TestHostNetFramework/System.Threading.Tasks.Extensions.DLL.
LOG: Intento de descarga de la nueva dirección URL file:///C:/Program Files/dotnet/sdk/9.0.305/TestHostNetFramework/System.Threading.Tasks.Extensions/System.Threading.Tasks.Extensions.DLL.
LOG: Intento de descarga de la nueva dirección URL file:///C:/Program Files/dotnet/sdk/9.0.305/TestHostNetFramework/Extensions/System.Threading.Tasks.Extensions.DLL.
LOG: Intento de descarga de la nueva dirección URL file:///C:/Program Files/dotnet/sdk/9.0.305/TestHostNetFramework/Extensions/System.Threading.Tasks.Extensions/System.Threading.Tasks.Extensions.DLL.
LOG: Intento de descarga de la nueva dirección URL file:///C:/Program Files/dotnet/sdk/9.0.305/TestHostNetFramework/System.Threading.Tasks.Extensions.EXE.
LOG: Intento de descarga de la nueva dirección URL file:///C:/Program Files/dotnet/sdk/9.0.305/TestHostNetFramework/System.Threading.Tasks.Extensions/System.Threading.Tasks.Extensions.EXE.
LOG: Intento de descarga de la nueva dirección URL file:///C:/Program Files/dotnet/sdk/9.0.305/TestHostNetFramework/Extensions/System.Threading.Tasks.Extensions.EXE.
LOG: Intento de descarga de la nueva dirección URL file:///C:/Program Files/dotnet/sdk/9.0.305/TestHostNetFramework/Extensions/System.Threading.Tasks.Extensions/System.Threading.Tasks.Extensions.EXE.

TpTrace Warning: 0 : 37048, 3, 2026/01/30, 16:37:16.074, 302471053688, testhost.net48.exe, LoaderExceptions: System.IO.FileNotFoundException: No se puede cargar el archivo o ensamblado 'System.Threading.Tasks.Extensions, Version=4.2.0.1, Culture=neutral, PublicKeyToken=cc7b13ffcd2ddd51' ni una de sus dependencias. El sistema no puede encontrar el archivo especificado.
Nombre de archivo: 'System.Threading.Tasks.Extensions, Version=4.2.0.1, Culture=neutral, PublicKeyToken=cc7b13ffcd2ddd51'
   en System.Reflection.RuntimeAssembly._nLoad(AssemblyName fileName, String codeBase, Evidence assemblySecurity, RuntimeAssembly locationHint, StackCrawlMark& stackMark, IntPtr pPrivHostBinder, Boolean throwOnFileNotFound, Boolean forIntrospection, Boolean suppressSecurityChecks)
   en System.Reflection.RuntimeAssembly.InternalLoadAssemblyName(AssemblyName assemblyRef, Evidence assemblySecurity, RuntimeAssembly reqAssembly, StackCrawlMark& stackMark, IntPtr pPrivHostBinder, Boolean throwOnFileNotFound, Boolean forIntrospection, Boolean suppressSecurityChecks)
   en System.Reflection.Assembly.Load(AssemblyName assemblyRef)
   en Microsoft.VisualStudio.TestPlatform.Common.ExtensionFramework.TestPluginCache.CurrentDomainAssemblyResolve(Object sender, AssemblyResolveEventArgs args) en /_/src/Microsoft.TestPlatform.Common/ExtensionFramework/TestPluginCache.cs:línea 514
   en System.AppDomain.OnAssemblyResolveEvent(RuntimeAssembly assembly, String assemblyFullName)

El administrador de ensamblados se cargó desde:  C:\Windows\Microsoft.NET\Framework64\v4.0.30319\clr.dll
Ejecución bajo archivo ejecutable  C:\Program Files\dotnet\sdk\9.0.305\TestHostNetFramework\testhost.net48.exe
--- Registro de errores detallado. 

=== Información de estado anterior al enlace ===
LOG: DisplayName = System.Threading.Tasks.Extensions, Version=4.2.0.1, Culture=neutral, PublicKeyToken=cc7b13ffcd2ddd51
 (Fully-specified)
LOG: Appbase = file:///C:/Program Files/dotnet/sdk/9.0.305/TestHostNetFramework/
LOG: PrivatePath inicial = NULL
Ensamblado de llamada : Microsoft.VisualStudio.TestPlatform.Common, Version=15.0.0.0, Culture=neutral, PublicKeyToken=b03f5f7f11d50a3a.
===
LOG: Este enlace empieza en el contexto de carga default.
LOG: Utilización del archivo de configuración de la aplicación: C:\Program Files\dotnet\sdk\9.0.305\TestHostNetFramework\testhost.net48.exe.Config
LOG: Utilizando el archivo de configuración de host: 
LOG: Utilizando el archivo de configuración del equipo en C:\Windows\Microsoft.NET\Framework64\v4.0.30319\config\machine.config.
LOG: Referencia posterior a la directiva: System.Threading.Tasks.Extensions, Version=4.2.0.1, Culture=neutral, PublicKeyToken=cc7b13ffcd2ddd51
LOG: Intento de descarga de la nueva dirección URL file:///C:/Program Files/dotnet/sdk/9.0.305/TestHostNetFramework/System.Threading.Tasks.Extensions.DLL.
LOG: Intento de descarga de la nueva dirección URL file:///C:/Program Files/dotnet/sdk/9.0.305/TestHostNetFramework/System.Threading.Tasks.Extensions/System.Threading.Tasks.Extensions.DLL.
LOG: Intento de descarga de la nueva dirección URL file:///C:/Program Files/dotnet/sdk/9.0.305/TestHostNetFramework/Extensions/System.Threading.Tasks.Extensions.DLL.
LOG: Intento de descarga de la nueva dirección URL file:///C:/Program Files/dotnet/sdk/9.0.305/TestHostNetFramework/Extensions/System.Threading.Tasks.Extensions/System.Threading.Tasks.Extensions.DLL.
LOG: Intento de descarga de la nueva dirección URL file:///C:/Program Files/dotnet/sdk/9.0.305/TestHostNetFramework/System.Threading.Tasks.Extensions.EXE.
LOG: Intento de descarga de la nueva dirección URL file:///C:/Program Files/dotnet/sdk/9.0.305/TestHostNetFramework/System.Threading.Tasks.Extensions/System.Threading.Tasks.Extensions.EXE.
LOG: Intento de descarga de la nueva dirección URL file:///C:/Program Files/dotnet/sdk/9.0.305/TestHostNetFramework/Extensions/System.Threading.Tasks.Extensions.EXE.
LOG: Intento de descarga de la nueva dirección URL file:///C:/Program Files/dotnet/sdk/9.0.305/TestHostNetFramework/Extensions/System.Threading.Tasks.Extensions/System.Threading.Tasks.Extensions.EXE.

TpTrace Verbose: 0 : 37048, 3, 2026/01/30, 16:37:16.074, 302471054716, testhost.net48.exe, MetadataReaderExtensionsHelper: Discovering extensions inside assembly 'Microsoft.TestPlatform.Extensions.BlameDataCollector, Version=15.0.0.0, Culture=neutral, PublicKeyToken=b03f5f7f11d50a3a' file path 'C:\Program Files\dotnet\sdk\9.0.305\Extensions\Microsoft.TestPlatform.Extensions.BlameDataCollector.dll'
TpTrace Verbose: 0 : 37048, 3, 2026/01/30, 16:37:16.085, 302471150897, testhost.net48.exe, MetadataReaderExtensionsHelper: Discovering extensions inside assembly 'Microsoft.TestPlatform.Extensions.EventLogCollector, Version=15.0.0.0, Culture=neutral, PublicKeyToken=b03f5f7f11d50a3a' file path 'C:\Program Files\dotnet\sdk\9.0.305\Extensions\Microsoft.TestPlatform.Extensions.EventLogCollector.dll'
TpTrace Verbose: 0 : 37048, 3, 2026/01/30, 16:37:16.093, 302471231058, testhost.net48.exe, MetadataReaderExtensionsHelper: Discovering extensions inside assembly 'Microsoft.TestPlatform.TestHostRuntimeProvider, Version=15.0.0.0, Culture=neutral, PublicKeyToken=b03f5f7f11d50a3a' file path 'C:\Program Files\dotnet\sdk\9.0.305\Extensions\Microsoft.TestPlatform.TestHostRuntimeProvider.dll'
TpTrace Verbose: 0 : 37048, 3, 2026/01/30, 16:37:16.101, 302471305816, testhost.net48.exe, MetadataReaderExtensionsHelper: Discovering extensions inside assembly 'Microsoft.VisualStudio.TestPlatform.Extensions.Html.TestLogger, Version=15.0.0.0, Culture=neutral, PublicKeyToken=b03f5f7f11d50a3a' file path 'C:\Program Files\dotnet\sdk\9.0.305\Extensions\Microsoft.VisualStudio.TestPlatform.Extensions.Html.TestLogger.dll'
TpTrace Verbose: 0 : 37048, 3, 2026/01/30, 16:37:16.109, 302471388205, testhost.net48.exe, MetadataReaderExtensionsHelper: Discovering extensions inside assembly 'Microsoft.VisualStudio.TestPlatform.Extensions.Trx.TestLogger, Version=15.0.0.0, Culture=neutral, PublicKeyToken=b03f5f7f11d50a3a' file path 'C:\Program Files\dotnet\sdk\9.0.305\Extensions\Microsoft.VisualStudio.TestPlatform.Extensions.Trx.TestLogger.dll'
TpTrace Verbose: 0 : 37048, 3, 2026/01/30, 16:37:16.118, 302471481789, testhost.net48.exe, TestPluginCache: Discovered the extensions using extension path ''.
TpTrace Verbose: 0 : 37048, 3, 2026/01/30, 16:37:16.118, 302471483036, testhost.net48.exe, TestPluginCache: Discoverers are ''.
TpTrace Verbose: 0 : 37048, 3, 2026/01/30, 16:37:16.118, 302471483353, testhost.net48.exe, TestPluginCache: Executors are ''.
TpTrace Verbose: 0 : 37048, 3, 2026/01/30, 16:37:16.118, 302471483633, testhost.net48.exe, TestPluginCache: Executors2 are ''.
TpTrace Verbose: 0 : 37048, 3, 2026/01/30, 16:37:16.118, 302471483896, testhost.net48.exe, TestPluginCache: Setting providers are ''.
TpTrace Verbose: 0 : 37048, 3, 2026/01/30, 16:37:16.118, 302471484110, testhost.net48.exe, TestPluginCache: Loggers are ''.
TpTrace Verbose: 0 : 37048, 3, 2026/01/30, 16:37:16.118, 302471484357, testhost.net48.exe, TestPluginCache: TestHosts are ''.
TpTrace Verbose: 0 : 37048, 3, 2026/01/30, 16:37:16.118, 302471484566, testhost.net48.exe, TestPluginCache: DataCollectors are ''.
TpTrace Verbose: 0 : 37048, 3, 2026/01/30, 16:37:16.121, 302471512395, testhost.net48.exe, TestExecutorService: Loaded the executors
TpTrace Verbose: 0 : 37048, 3, 2026/01/30, 16:37:16.122, 302471522016, testhost.net48.exe, TestPluginCache.DiscoverTestExtensions: finding test extensions in assemblies ends with: TestAdapter.dll TPluginInfo: Microsoft.VisualStudio.TestPlatform.Common.ExtensionFramework.Utilities.TestSettingsProviderPluginInformation TExtension: Microsoft.VisualStudio.TestPlatform.ObjectModel.Adapter.ISettingsProvider
TpTrace Verbose: 0 : 37048, 3, 2026/01/30, 16:37:16.122, 302471522770, testhost.net48.exe, TestPluginCache.GetExtensionPaths: Filtered extension paths: 
TpTrace Verbose: 0 : 37048, 3, 2026/01/30, 16:37:16.122, 302471523052, testhost.net48.exe, TestPluginCache.GetExtensionPaths: Added default extension paths: C:\Program Files\dotnet\sdk\9.0.305\Extensions\Microsoft.Diagnostics.NETCore.Client.dll
C:\Program Files\dotnet\sdk\9.0.305\Extensions\Microsoft.TestPlatform.Extensions.BlameDataCollector.dll
C:\Program Files\dotnet\sdk\9.0.305\Extensions\Microsoft.TestPlatform.Extensions.EventLogCollector.dll
C:\Program Files\dotnet\sdk\9.0.305\Extensions\Microsoft.TestPlatform.TestHostRuntimeProvider.dll
C:\Program Files\dotnet\sdk\9.0.305\Extensions\Microsoft.VisualStudio.TestPlatform.Extensions.Html.TestLogger.dll
C:\Program Files\dotnet\sdk\9.0.305\Extensions\Microsoft.VisualStudio.TestPlatform.Extensions.Trx.TestLogger.dll
C:\Proyectos\Code - Logger\ModularisTestUnitTests\bin\Debug\Microsoft.VisualStudio.TestPlatform.MSTest.TestAdapter.dll
TpTrace Verbose: 0 : 37048, 3, 2026/01/30, 16:37:16.122, 302471523245, testhost.net48.exe, TestPluginCache.GetExtensionPaths: Added unfilterableExtensionPaths: 
TpTrace Information: 0 : 37048, 3, 2026/01/30, 16:37:16.122, 302471524392, testhost.net48.exe, AssemblyResolver.AddSearchDirectories: Adding more searchDirectories C:\Program Files\dotnet\sdk\9.0.305\Extensions,C:\Proyectos\Code - Logger\ModularisTestUnitTests\bin\Debug,C:\Program Files\dotnet\sdk\9.0.305\TestHostNetFramework
TpTrace Verbose: 0 : 37048, 3, 2026/01/30, 16:37:16.122, 302471524613, testhost.net48.exe, TestPluginCache.DiscoverTestExtensions: Discovering the extensions using extension path.
TpTrace Verbose: 0 : 37048, 3, 2026/01/30, 16:37:16.122, 302471524800, testhost.net48.exe, TestPluginCache.GetExtensionPaths: Filtered extension paths: 
TpTrace Verbose: 0 : 37048, 3, 2026/01/30, 16:37:16.122, 302471524967, testhost.net48.exe, TestPluginCache.GetExtensionPaths: Added default extension paths: C:\Program Files\dotnet\sdk\9.0.305\Extensions\Microsoft.Diagnostics.NETCore.Client.dll
C:\Program Files\dotnet\sdk\9.0.305\Extensions\Microsoft.TestPlatform.Extensions.BlameDataCollector.dll
C:\Program Files\dotnet\sdk\9.0.305\Extensions\Microsoft.TestPlatform.Extensions.EventLogCollector.dll
C:\Program Files\dotnet\sdk\9.0.305\Extensions\Microsoft.TestPlatform.TestHostRuntimeProvider.dll
C:\Program Files\dotnet\sdk\9.0.305\Extensions\Microsoft.VisualStudio.TestPlatform.Extensions.Html.TestLogger.dll
C:\Program Files\dotnet\sdk\9.0.305\Extensions\Microsoft.VisualStudio.TestPlatform.Extensions.Trx.TestLogger.dll
C:\Proyectos\Code - Logger\ModularisTestUnitTests\bin\Debug\Microsoft.VisualStudio.TestPlatform.MSTest.TestAdapter.dll
TpTrace Verbose: 0 : 37048, 3, 2026/01/30, 16:37:16.122, 302471525156, testhost.net48.exe, TestPluginCache.GetExtensionPaths: Added unfilterableExtensionPaths: 
TpTrace Verbose: 0 : 37048, 3, 2026/01/30, 16:37:16.122, 302471525378, testhost.net48.exe, TestPluginCache.DiscoverTestExtensions: Discovering the extensions using allExtensionPaths: C:\Program Files\dotnet\sdk\9.0.305\Extensions\Microsoft.Diagnostics.NETCore.Client.dll
C:\Program Files\dotnet\sdk\9.0.305\Extensions\Microsoft.TestPlatform.Extensions.BlameDataCollector.dll
C:\Program Files\dotnet\sdk\9.0.305\Extensions\Microsoft.TestPlatform.Extensions.EventLogCollector.dll
C:\Program Files\dotnet\sdk\9.0.305\Extensions\Microsoft.TestPlatform.TestHostRuntimeProvider.dll
C:\Program Files\dotnet\sdk\9.0.305\Extensions\Microsoft.VisualStudio.TestPlatform.Extensions.Html.TestLogger.dll
C:\Program Files\dotnet\sdk\9.0.305\Extensions\Microsoft.VisualStudio.TestPlatform.Extensions.Trx.TestLogger.dll
C:\Proyectos\Code - Logger\ModularisTestUnitTests\bin\Debug\Microsoft.VisualStudio.TestPlatform.MSTest.TestAdapter.dll
TpTrace Information: 0 : 37048, 3, 2026/01/30, 16:37:16.122, 302471525989, testhost.net48.exe, AssemblyResolver.AddSearchDirectories: Adding more searchDirectories C:\Program Files\dotnet\sdk\9.0.305\Extensions,C:\Program Files\dotnet\sdk\9.0.305\TestHostNetFramework
TpTrace Information: 0 : 37048, 3, 2026/01/30, 16:37:16.122, 302471526222, testhost.net48.exe, AssemblyResolver.AddSearchDirectories: Adding more searchDirectories C:\Program Files\dotnet\sdk\9.0.305\Extensions,C:\Program Files\dotnet\sdk\9.0.305\TestHostNetFramework
TpTrace Information: 0 : 37048, 3, 2026/01/30, 16:37:16.122, 302471526425, testhost.net48.exe, AssemblyResolver.AddSearchDirectories: Adding more searchDirectories C:\Program Files\dotnet\sdk\9.0.305\Extensions,C:\Program Files\dotnet\sdk\9.0.305\TestHostNetFramework
TpTrace Information: 0 : 37048, 3, 2026/01/30, 16:37:16.123, 302471526596, testhost.net48.exe, AssemblyResolver.AddSearchDirectories: Adding more searchDirectories C:\Program Files\dotnet\sdk\9.0.305\Extensions,C:\Program Files\dotnet\sdk\9.0.305\TestHostNetFramework
TpTrace Information: 0 : 37048, 3, 2026/01/30, 16:37:16.123, 302471526794, testhost.net48.exe, AssemblyResolver.AddSearchDirectories: Adding more searchDirectories C:\Program Files\dotnet\sdk\9.0.305\Extensions,C:\Program Files\dotnet\sdk\9.0.305\TestHostNetFramework
TpTrace Information: 0 : 37048, 3, 2026/01/30, 16:37:16.123, 302471526988, testhost.net48.exe, AssemblyResolver.AddSearchDirectories: Adding more searchDirectories C:\Program Files\dotnet\sdk\9.0.305\Extensions,C:\Program Files\dotnet\sdk\9.0.305\TestHostNetFramework
TpTrace Information: 0 : 37048, 3, 2026/01/30, 16:37:16.123, 302471527163, testhost.net48.exe, AssemblyResolver.AddSearchDirectories: Adding more searchDirectories C:\Proyectos\Code - Logger\ModularisTestUnitTests\bin\Debug,C:\Program Files\dotnet\sdk\9.0.305\TestHostNetFramework
TpTrace Verbose: 0 : 37048, 3, 2026/01/30, 16:37:16.123, 302471527955, testhost.net48.exe, MetadataReaderExtensionsHelper: Discovering extensions inside assembly 'Microsoft.Diagnostics.NETCore.Client, Version=0.2.12.17301, Culture=neutral, PublicKeyToken=31bf3856ad364e35' file path 'C:\Program Files\dotnet\sdk\9.0.305\Extensions\Microsoft.Diagnostics.NETCore.Client.dll'
TpTrace Warning: 0 : 37048, 3, 2026/01/30, 16:37:16.133, 302471630521, testhost.net48.exe, TestPluginDiscoverer: Failed to get types from assembly 'Microsoft.Diagnostics.NETCore.Client, Version=0.2.12.17301, Culture=neutral, PublicKeyToken=31bf3856ad364e35'. Error: System.Reflection.ReflectionTypeLoadException: No se pueden cargar uno o varios tipos requeridos. Recupere la propiedad LoaderExceptions para obtener más información.
   en System.Reflection.RuntimeModule.GetTypes(RuntimeModule module)
   en System.Reflection.RuntimeModule.GetTypes()
   en System.Reflection.Assembly.GetTypes()
   en Microsoft.VisualStudio.TestPlatform.Common.ExtensionFramework.TestPluginDiscoverer.GetTestExtensionsFromAssembly[TPluginInfo,TExtension](Assembly assembly, Dictionary`2 pluginInfos, String filePath) en /_/src/Microsoft.TestPlatform.Common/ExtensionFramework/TestPluginDiscoverer.cs:línea 159
TpTrace Warning: 0 : 37048, 3, 2026/01/30, 16:37:16.133, 302471632352, testhost.net48.exe, LoaderExceptions: System.IO.FileNotFoundException: No se puede cargar el archivo o ensamblado 'Microsoft.Bcl.AsyncInterfaces, Version=6.0.0.0, Culture=neutral, PublicKeyToken=cc7b13ffcd2ddd51' ni una de sus dependencias. El sistema no puede encontrar el archivo especificado.
Nombre de archivo: 'Microsoft.Bcl.AsyncInterfaces, Version=6.0.0.0, Culture=neutral, PublicKeyToken=cc7b13ffcd2ddd51'
   en System.Reflection.RuntimeAssembly._nLoad(AssemblyName fileName, String codeBase, Evidence assemblySecurity, RuntimeAssembly locationHint, StackCrawlMark& stackMark, IntPtr pPrivHostBinder, Boolean throwOnFileNotFound, Boolean forIntrospection, Boolean suppressSecurityChecks)
   en System.Reflection.RuntimeAssembly.InternalLoadAssemblyName(AssemblyName assemblyRef, Evidence assemblySecurity, RuntimeAssembly reqAssembly, StackCrawlMark& stackMark, IntPtr pPrivHostBinder, Boolean throwOnFileNotFound, Boolean forIntrospection, Boolean suppressSecurityChecks)
   en System.Reflection.Assembly.Load(AssemblyName assemblyRef)
   en Microsoft.VisualStudio.TestPlatform.Common.ExtensionFramework.TestPluginCache.CurrentDomainAssemblyResolve(Object sender, AssemblyResolveEventArgs args) en /_/src/Microsoft.TestPlatform.Common/ExtensionFramework/TestPluginCache.cs:línea 514
   en System.AppDomain.OnAssemblyResolveEvent(RuntimeAssembly assembly, String assemblyFullName)

El administrador de ensamblados se cargó desde:  C:\Windows\Microsoft.NET\Framework64\v4.0.30319\clr.dll
Ejecución bajo archivo ejecutable  C:\Program Files\dotnet\sdk\9.0.305\TestHostNetFramework\testhost.net48.exe
--- Registro de errores detallado. 

=== Información de estado anterior al enlace ===
LOG: DisplayName = Microsoft.Bcl.AsyncInterfaces, Version=6.0.0.0, Culture=neutral, PublicKeyToken=cc7b13ffcd2ddd51
 (Fully-specified)
LOG: Appbase = file:///C:/Program Files/dotnet/sdk/9.0.305/TestHostNetFramework/
LOG: PrivatePath inicial = NULL
Ensamblado de llamada : Microsoft.VisualStudio.TestPlatform.Common, Version=15.0.0.0, Culture=neutral, PublicKeyToken=b03f5f7f11d50a3a.
===
LOG: Este enlace empieza en el contexto de carga default.
LOG: Utilización del archivo de configuración de la aplicación: C:\Program Files\dotnet\sdk\9.0.305\TestHostNetFramework\testhost.net48.exe.Config
LOG: Utilizando el archivo de configuración de host: 
LOG: Utilizando el archivo de configuración del equipo en C:\Windows\Microsoft.NET\Framework64\v4.0.30319\config\machine.config.
LOG: Referencia posterior a la directiva: Microsoft.Bcl.AsyncInterfaces, Version=6.0.0.0, Culture=neutral, PublicKeyToken=cc7b13ffcd2ddd51
LOG: Intento de descarga de la nueva dirección URL file:///C:/Program Files/dotnet/sdk/9.0.305/TestHostNetFramework/Microsoft.Bcl.AsyncInterfaces.DLL.
LOG: Intento de descarga de la nueva dirección URL file:///C:/Program Files/dotnet/sdk/9.0.305/TestHostNetFramework/Microsoft.Bcl.AsyncInterfaces/Microsoft.Bcl.AsyncInterfaces.DLL.
LOG: Intento de descarga de la nueva dirección URL file:///C:/Program Files/dotnet/sdk/9.0.305/TestHostNetFramework/Extensions/Microsoft.Bcl.AsyncInterfaces.DLL.
LOG: Intento de descarga de la nueva dirección URL file:///C:/Program Files/dotnet/sdk/9.0.305/TestHostNetFramework/Extensions/Microsoft.Bcl.AsyncInterfaces/Microsoft.Bcl.AsyncInterfaces.DLL.
LOG: Intento de descarga de la nueva dirección URL file:///C:/Program Files/dotnet/sdk/9.0.305/TestHostNetFramework/Microsoft.Bcl.AsyncInterfaces.EXE.
LOG: Intento de descarga de la nueva dirección URL file:///C:/Program Files/dotnet/sdk/9.0.305/TestHostNetFramework/Microsoft.Bcl.AsyncInterfaces/Microsoft.Bcl.AsyncInterfaces.EXE.
LOG: Intento de descarga de la nueva dirección URL file:///C:/Program Files/dotnet/sdk/9.0.305/TestHostNetFramework/Extensions/Microsoft.Bcl.AsyncInterfaces.EXE.
LOG: Intento de descarga de la nueva dirección URL file:///C:/Program Files/dotnet/sdk/9.0.305/TestHostNetFramework/Extensions/Microsoft.Bcl.AsyncInterfaces/Microsoft.Bcl.AsyncInterfaces.EXE.

TpTrace Warning: 0 : 37048, 3, 2026/01/30, 16:37:16.134, 302471633315, testhost.net48.exe, LoaderExceptions: System.IO.FileNotFoundException: No se puede cargar el archivo o ensamblado 'Microsoft.Bcl.AsyncInterfaces, Version=6.0.0.0, Culture=neutral, PublicKeyToken=cc7b13ffcd2ddd51' ni una de sus dependencias. El sistema no puede encontrar el archivo especificado.
Nombre de archivo: 'Microsoft.Bcl.AsyncInterfaces, Version=6.0.0.0, Culture=neutral, PublicKeyToken=cc7b13ffcd2ddd51'
   en System.Reflection.RuntimeAssembly._nLoad(AssemblyName fileName, String codeBase, Evidence assemblySecurity, RuntimeAssembly locationHint, StackCrawlMark& stackMark, IntPtr pPrivHostBinder, Boolean throwOnFileNotFound, Boolean forIntrospection, Boolean suppressSecurityChecks)
   en System.Reflection.RuntimeAssembly.InternalLoadAssemblyName(AssemblyName assemblyRef, Evidence assemblySecurity, RuntimeAssembly reqAssembly, StackCrawlMark& stackMark, IntPtr pPrivHostBinder, Boolean throwOnFileNotFound, Boolean forIntrospection, Boolean suppressSecurityChecks)
   en System.Reflection.Assembly.Load(AssemblyName assemblyRef)
   en Microsoft.VisualStudio.TestPlatform.Common.ExtensionFramework.TestPluginCache.CurrentDomainAssemblyResolve(Object sender, AssemblyResolveEventArgs args) en /_/src/Microsoft.TestPlatform.Common/ExtensionFramework/TestPluginCache.cs:línea 514
   en System.AppDomain.OnAssemblyResolveEvent(RuntimeAssembly assembly, String assemblyFullName)

El administrador de ensamblados se cargó desde:  C:\Windows\Microsoft.NET\Framework64\v4.0.30319\clr.dll
Ejecución bajo archivo ejecutable  C:\Program Files\dotnet\sdk\9.0.305\TestHostNetFramework\testhost.net48.exe
--- Registro de errores detallado. 

=== Información de estado anterior al enlace ===
LOG: DisplayName = Microsoft.Bcl.AsyncInterfaces, Version=6.0.0.0, Culture=neutral, PublicKeyToken=cc7b13ffcd2ddd51
 (Fully-specified)
LOG: Appbase = file:///C:/Program Files/dotnet/sdk/9.0.305/TestHostNetFramework/
LOG: PrivatePath inicial = NULL
Ensamblado de llamada : Microsoft.VisualStudio.TestPlatform.Common, Version=15.0.0.0, Culture=neutral, PublicKeyToken=b03f5f7f11d50a3a.
===
LOG: Este enlace empieza en el contexto de carga default.
LOG: Utilización del archivo de configuración de la aplicación: C:\Program Files\dotnet\sdk\9.0.305\TestHostNetFramework\testhost.net48.exe.Config
LOG: Utilizando el archivo de configuración de host: 
LOG: Utilizando el archivo de configuración del equipo en C:\Windows\Microsoft.NET\Framework64\v4.0.30319\config\machine.config.
LOG: Referencia posterior a la directiva: Microsoft.Bcl.AsyncInterfaces, Version=6.0.0.0, Culture=neutral, PublicKeyToken=cc7b13ffcd2ddd51
LOG: Intento de descarga de la nueva dirección URL file:///C:/Program Files/dotnet/sdk/9.0.305/TestHostNetFramework/Microsoft.Bcl.AsyncInterfaces.DLL.
LOG: Intento de descarga de la nueva dirección URL file:///C:/Program Files/dotnet/sdk/9.0.305/TestHostNetFramework/Microsoft.Bcl.AsyncInterfaces/Microsoft.Bcl.AsyncInterfaces.DLL.
LOG: Intento de descarga de la nueva dirección URL file:///C:/Program Files/dotnet/sdk/9.0.305/TestHostNetFramework/Extensions/Microsoft.Bcl.AsyncInterfaces.DLL.
LOG: Intento de descarga de la nueva dirección URL file:///C:/Program Files/dotnet/sdk/9.0.305/TestHostNetFramework/Extensions/Microsoft.Bcl.AsyncInterfaces/Microsoft.Bcl.AsyncInterfaces.DLL.
LOG: Intento de descarga de la nueva dirección URL file:///C:/Program Files/dotnet/sdk/9.0.305/TestHostNetFramework/Microsoft.Bcl.AsyncInterfaces.EXE.
LOG: Intento de descarga de la nueva dirección URL file:///C:/Program Files/dotnet/sdk/9.0.305/TestHostNetFramework/Microsoft.Bcl.AsyncInterfaces/Microsoft.Bcl.AsyncInterfaces.EXE.
LOG: Intento de descarga de la nueva dirección URL file:///C:/Program Files/dotnet/sdk/9.0.305/TestHostNetFramework/Extensions/Microsoft.Bcl.AsyncInterfaces.EXE.
LOG: Intento de descarga de la nueva dirección URL file:///C:/Program Files/dotnet/sdk/9.0.305/TestHostNetFramework/Extensions/Microsoft.Bcl.AsyncInterfaces/Microsoft.Bcl.AsyncInterfaces.EXE.

TpTrace Warning: 0 : 37048, 3, 2026/01/30, 16:37:16.134, 302471634536, testhost.net48.exe, LoaderExceptions: System.IO.FileNotFoundException: No se puede cargar el archivo o ensamblado 'System.Threading.Tasks.Extensions, Version=4.2.0.1, Culture=neutral, PublicKeyToken=cc7b13ffcd2ddd51' ni una de sus dependencias. El sistema no puede encontrar el archivo especificado.
Nombre de archivo: 'System.Threading.Tasks.Extensions, Version=4.2.0.1, Culture=neutral, PublicKeyToken=cc7b13ffcd2ddd51'
   en System.Reflection.RuntimeAssembly._nLoad(AssemblyName fileName, String codeBase, Evidence assemblySecurity, RuntimeAssembly locationHint, StackCrawlMark& stackMark, IntPtr pPrivHostBinder, Boolean throwOnFileNotFound, Boolean forIntrospection, Boolean suppressSecurityChecks)
   en System.Reflection.RuntimeAssembly.InternalLoadAssemblyName(AssemblyName assemblyRef, Evidence assemblySecurity, RuntimeAssembly reqAssembly, StackCrawlMark& stackMark, IntPtr pPrivHostBinder, Boolean throwOnFileNotFound, Boolean forIntrospection, Boolean suppressSecurityChecks)
   en System.Reflection.Assembly.Load(AssemblyName assemblyRef)
   en Microsoft.VisualStudio.TestPlatform.Common.ExtensionFramework.TestPluginCache.CurrentDomainAssemblyResolve(Object sender, AssemblyResolveEventArgs args) en /_/src/Microsoft.TestPlatform.Common/ExtensionFramework/TestPluginCache.cs:línea 514
   en System.AppDomain.OnAssemblyResolveEvent(RuntimeAssembly assembly, String assemblyFullName)

El administrador de ensamblados se cargó desde:  C:\Windows\Microsoft.NET\Framework64\v4.0.30319\clr.dll
Ejecución bajo archivo ejecutable  C:\Program Files\dotnet\sdk\9.0.305\TestHostNetFramework\testhost.net48.exe
--- Registro de errores detallado. 

=== Información de estado anterior al enlace ===
LOG: DisplayName = System.Threading.Tasks.Extensions, Version=4.2.0.1, Culture=neutral, PublicKeyToken=cc7b13ffcd2ddd51
 (Fully-specified)
LOG: Appbase = file:///C:/Program Files/dotnet/sdk/9.0.305/TestHostNetFramework/
LOG: PrivatePath inicial = NULL
Ensamblado de llamada : Microsoft.VisualStudio.TestPlatform.Common, Version=15.0.0.0, Culture=neutral, PublicKeyToken=b03f5f7f11d50a3a.
===
LOG: Este enlace empieza en el contexto de carga default.
LOG: Utilización del archivo de configuración de la aplicación: C:\Program Files\dotnet\sdk\9.0.305\TestHostNetFramework\testhost.net48.exe.Config
LOG: Utilizando el archivo de configuración de host: 
LOG: Utilizando el archivo de configuración del equipo en C:\Windows\Microsoft.NET\Framework64\v4.0.30319\config\machine.config.
LOG: Referencia posterior a la directiva: System.Threading.Tasks.Extensions, Version=4.2.0.1, Culture=neutral, PublicKeyToken=cc7b13ffcd2ddd51
LOG: Intento de descarga de la nueva dirección URL file:///C:/Program Files/dotnet/sdk/9.0.305/TestHostNetFramework/System.Threading.Tasks.Extensions.DLL.
LOG: Intento de descarga de la nueva dirección URL file:///C:/Program Files/dotnet/sdk/9.0.305/TestHostNetFramework/System.Threading.Tasks.Extensions/System.Threading.Tasks.Extensions.DLL.
LOG: Intento de descarga de la nueva dirección URL file:///C:/Program Files/dotnet/sdk/9.0.305/TestHostNetFramework/Extensions/System.Threading.Tasks.Extensions.DLL.
LOG: Intento de descarga de la nueva dirección URL file:///C:/Program Files/dotnet/sdk/9.0.305/TestHostNetFramework/Extensions/System.Threading.Tasks.Extensions/System.Threading.Tasks.Extensions.DLL.
LOG: Intento de descarga de la nueva dirección URL file:///C:/Program Files/dotnet/sdk/9.0.305/TestHostNetFramework/System.Threading.Tasks.Extensions.EXE.
LOG: Intento de descarga de la nueva dirección URL file:///C:/Program Files/dotnet/sdk/9.0.305/TestHostNetFramework/System.Threading.Tasks.Extensions/System.Threading.Tasks.Extensions.EXE.
LOG: Intento de descarga de la nueva dirección URL file:///C:/Program Files/dotnet/sdk/9.0.305/TestHostNetFramework/Extensions/System.Threading.Tasks.Extensions.EXE.
LOG: Intento de descarga de la nueva dirección URL file:///C:/Program Files/dotnet/sdk/9.0.305/TestHostNetFramework/Extensions/System.Threading.Tasks.Extensions/System.Threading.Tasks.Extensions.EXE.

TpTrace Warning: 0 : 37048, 3, 2026/01/30, 16:37:16.134, 302471635465, testhost.net48.exe, LoaderExceptions: System.IO.FileNotFoundException: No se puede cargar el archivo o ensamblado 'System.Threading.Tasks.Extensions, Version=4.2.0.1, Culture=neutral, PublicKeyToken=cc7b13ffcd2ddd51' ni una de sus dependencias. El sistema no puede encontrar el archivo especificado.
Nombre de archivo: 'System.Threading.Tasks.Extensions, Version=4.2.0.1, Culture=neutral, PublicKeyToken=cc7b13ffcd2ddd51'
   en System.Reflection.RuntimeAssembly._nLoad(AssemblyName fileName, String codeBase, Evidence assemblySecurity, RuntimeAssembly locationHint, StackCrawlMark& stackMark, IntPtr pPrivHostBinder, Boolean throwOnFileNotFound, Boolean forIntrospection, Boolean suppressSecurityChecks)
   en System.Reflection.RuntimeAssembly.InternalLoadAssemblyName(AssemblyName assemblyRef, Evidence assemblySecurity, RuntimeAssembly reqAssembly, StackCrawlMark& stackMark, IntPtr pPrivHostBinder, Boolean throwOnFileNotFound, Boolean forIntrospection, Boolean suppressSecurityChecks)
   en System.Reflection.Assembly.Load(AssemblyName assemblyRef)
   en Microsoft.VisualStudio.TestPlatform.Common.ExtensionFramework.TestPluginCache.CurrentDomainAssemblyResolve(Object sender, AssemblyResolveEventArgs args) en /_/src/Microsoft.TestPlatform.Common/ExtensionFramework/TestPluginCache.cs:línea 514
   en System.AppDomain.OnAssemblyResolveEvent(RuntimeAssembly assembly, String assemblyFullName)

El administrador de ensamblados se cargó desde:  C:\Windows\Microsoft.NET\Framework64\v4.0.30319\clr.dll
Ejecución bajo archivo ejecutable  C:\Program Files\dotnet\sdk\9.0.305\TestHostNetFramework\testhost.net48.exe
--- Registro de errores detallado. 

=== Información de estado anterior al enlace ===
LOG: DisplayName = System.Threading.Tasks.Extensions, Version=4.2.0.1, Culture=neutral, PublicKeyToken=cc7b13ffcd2ddd51
 (Fully-specified)
LOG: Appbase = file:///C:/Program Files/dotnet/sdk/9.0.305/TestHostNetFramework/
LOG: PrivatePath inicial = NULL
Ensamblado de llamada : Microsoft.VisualStudio.TestPlatform.Common, Version=15.0.0.0, Culture=neutral, PublicKeyToken=b03f5f7f11d50a3a.
===
LOG: Este enlace empieza en el contexto de carga default.
LOG: Utilización del archivo de configuración de la aplicación: C:\Program Files\dotnet\sdk\9.0.305\TestHostNetFramework\testhost.net48.exe.Config
LOG: Utilizando el archivo de configuración de host: 
LOG: Utilizando el archivo de configuración del equipo en C:\Windows\Microsoft.NET\Framework64\v4.0.30319\config\machine.config.
LOG: Referencia posterior a la directiva: System.Threading.Tasks.Extensions, Version=4.2.0.1, Culture=neutral, PublicKeyToken=cc7b13ffcd2ddd51
LOG: Intento de descarga de la nueva dirección URL file:///C:/Program Files/dotnet/sdk/9.0.305/TestHostNetFramework/System.Threading.Tasks.Extensions.DLL.
LOG: Intento de descarga de la nueva dirección URL file:///C:/Program Files/dotnet/sdk/9.0.305/TestHostNetFramework/System.Threading.Tasks.Extensions/System.Threading.Tasks.Extensions.DLL.
LOG: Intento de descarga de la nueva dirección URL file:///C:/Program Files/dotnet/sdk/9.0.305/TestHostNetFramework/Extensions/System.Threading.Tasks.Extensions.DLL.
LOG: Intento de descarga de la nueva dirección URL file:///C:/Program Files/dotnet/sdk/9.0.305/TestHostNetFramework/Extensions/System.Threading.Tasks.Extensions/System.Threading.Tasks.Extensions.DLL.
LOG: Intento de descarga de la nueva dirección URL file:///C:/Program Files/dotnet/sdk/9.0.305/TestHostNetFramework/System.Threading.Tasks.Extensions.EXE.
LOG: Intento de descarga de la nueva dirección URL file:///C:/Program Files/dotnet/sdk/9.0.305/TestHostNetFramework/System.Threading.Tasks.Extensions/System.Threading.Tasks.Extensions.EXE.
LOG: Intento de descarga de la nueva dirección URL file:///C:/Program Files/dotnet/sdk/9.0.305/TestHostNetFramework/Extensions/System.Threading.Tasks.Extensions.EXE.
LOG: Intento de descarga de la nueva dirección URL file:///C:/Program Files/dotnet/sdk/9.0.305/TestHostNetFramework/Extensions/System.Threading.Tasks.Extensions/System.Threading.Tasks.Extensions.EXE.

TpTrace Warning: 0 : 37048, 3, 2026/01/30, 16:37:16.134, 302471636488, testhost.net48.exe, LoaderExceptions: System.IO.FileNotFoundException: No se puede cargar el archivo o ensamblado 'System.Threading.Tasks.Extensions, Version=4.2.0.1, Culture=neutral, PublicKeyToken=cc7b13ffcd2ddd51' ni una de sus dependencias. El sistema no puede encontrar el archivo especificado.
Nombre de archivo: 'System.Threading.Tasks.Extensions, Version=4.2.0.1, Culture=neutral, PublicKeyToken=cc7b13ffcd2ddd51'
   en System.Reflection.RuntimeAssembly._nLoad(AssemblyName fileName, String codeBase, Evidence assemblySecurity, RuntimeAssembly locationHint, StackCrawlMark& stackMark, IntPtr pPrivHostBinder, Boolean throwOnFileNotFound, Boolean forIntrospection, Boolean suppressSecurityChecks)
   en System.Reflection.RuntimeAssembly.InternalLoadAssemblyName(AssemblyName assemblyRef, Evidence assemblySecurity, RuntimeAssembly reqAssembly, StackCrawlMark& stackMark, IntPtr pPrivHostBinder, Boolean throwOnFileNotFound, Boolean forIntrospection, Boolean suppressSecurityChecks)
   en System.Reflection.Assembly.Load(AssemblyName assemblyRef)
   en Microsoft.VisualStudio.TestPlatform.Common.ExtensionFramework.TestPluginCache.CurrentDomainAssemblyResolve(Object sender, AssemblyResolveEventArgs args) en /_/src/Microsoft.TestPlatform.Common/ExtensionFramework/TestPluginCache.cs:línea 514
   en System.AppDomain.OnAssemblyResolveEvent(RuntimeAssembly assembly, String assemblyFullName)

El administrador de ensamblados se cargó desde:  C:\Windows\Microsoft.NET\Framework64\v4.0.30319\clr.dll
Ejecución bajo archivo ejecutable  C:\Program Files\dotnet\sdk\9.0.305\TestHostNetFramework\testhost.net48.exe
--- Registro de errores detallado. 

=== Información de estado anterior al enlace ===
LOG: DisplayName = System.Threading.Tasks.Extensions, Version=4.2.0.1, Culture=neutral, PublicKeyToken=cc7b13ffcd2ddd51
 (Fully-specified)
LOG: Appbase = file:///C:/Program Files/dotnet/sdk/9.0.305/TestHostNetFramework/
LOG: PrivatePath inicial = NULL
Ensamblado de llamada : Microsoft.VisualStudio.TestPlatform.Common, Version=15.0.0.0, Culture=neutral, PublicKeyToken=b03f5f7f11d50a3a.
===
LOG: Este enlace empieza en el contexto de carga default.
LOG: Utilización del archivo de configuración de la aplicación: C:\Program Files\dotnet\sdk\9.0.305\TestHostNetFramework\testhost.net48.exe.Config
LOG: Utilizando el archivo de configuración de host: 
LOG: Utilizando el archivo de configuración del equipo en C:\Windows\Microsoft.NET\Framework64\v4.0.30319\config\machine.config.
LOG: Referencia posterior a la directiva: System.Threading.Tasks.Extensions, Version=4.2.0.1, Culture=neutral, PublicKeyToken=cc7b13ffcd2ddd51
LOG: Intento de descarga de la nueva dirección URL file:///C:/Program Files/dotnet/sdk/9.0.305/TestHostNetFramework/System.Threading.Tasks.Extensions.DLL.
LOG: Intento de descarga de la nueva dirección URL file:///C:/Program Files/dotnet/sdk/9.0.305/TestHostNetFramework/System.Threading.Tasks.Extensions/System.Threading.Tasks.Extensions.DLL.
LOG: Intento de descarga de la nueva dirección URL file:///C:/Program Files/dotnet/sdk/9.0.305/TestHostNetFramework/Extensions/System.Threading.Tasks.Extensions.DLL.
LOG: Intento de descarga de la nueva dirección URL file:///C:/Program Files/dotnet/sdk/9.0.305/TestHostNetFramework/Extensions/System.Threading.Tasks.Extensions/System.Threading.Tasks.Extensions.DLL.
LOG: Intento de descarga de la nueva dirección URL file:///C:/Program Files/dotnet/sdk/9.0.305/TestHostNetFramework/System.Threading.Tasks.Extensions.EXE.
LOG: Intento de descarga de la nueva dirección URL file:///C:/Program Files/dotnet/sdk/9.0.305/TestHostNetFramework/System.Threading.Tasks.Extensions/System.Threading.Tasks.Extensions.EXE.
LOG: Intento de descarga de la nueva dirección URL file:///C:/Program Files/dotnet/sdk/9.0.305/TestHostNetFramework/Extensions/System.Threading.Tasks.Extensions.EXE.
LOG: Intento de descarga de la nueva dirección URL file:///C:/Program Files/dotnet/sdk/9.0.305/TestHostNetFramework/Extensions/System.Threading.Tasks.Extensions/System.Threading.Tasks.Extensions.EXE.

TpTrace Warning: 0 : 37048, 3, 2026/01/30, 16:37:16.134, 302471637291, testhost.net48.exe, LoaderExceptions: System.IO.FileNotFoundException: No se puede cargar el archivo o ensamblado 'System.Threading.Tasks.Extensions, Version=4.2.0.1, Culture=neutral, PublicKeyToken=cc7b13ffcd2ddd51' ni una de sus dependencias. El sistema no puede encontrar el archivo especificado.
Nombre de archivo: 'System.Threading.Tasks.Extensions, Version=4.2.0.1, Culture=neutral, PublicKeyToken=cc7b13ffcd2ddd51'
   en System.Reflection.RuntimeAssembly._nLoad(AssemblyName fileName, String codeBase, Evidence assemblySecurity, RuntimeAssembly locationHint, StackCrawlMark& stackMark, IntPtr pPrivHostBinder, Boolean throwOnFileNotFound, Boolean forIntrospection, Boolean suppressSecurityChecks)
   en System.Reflection.RuntimeAssembly.InternalLoadAssemblyName(AssemblyName assemblyRef, Evidence assemblySecurity, RuntimeAssembly reqAssembly, StackCrawlMark& stackMark, IntPtr pPrivHostBinder, Boolean throwOnFileNotFound, Boolean forIntrospection, Boolean suppressSecurityChecks)
   en System.Reflection.Assembly.Load(AssemblyName assemblyRef)
   en Microsoft.VisualStudio.TestPlatform.Common.ExtensionFramework.TestPluginCache.CurrentDomainAssemblyResolve(Object sender, AssemblyResolveEventArgs args) en /_/src/Microsoft.TestPlatform.Common/ExtensionFramework/TestPluginCache.cs:línea 514
   en System.AppDomain.OnAssemblyResolveEvent(RuntimeAssembly assembly, String assemblyFullName)

El administrador de ensamblados se cargó desde:  C:\Windows\Microsoft.NET\Framework64\v4.0.30319\clr.dll
Ejecución bajo archivo ejecutable  C:\Program Files\dotnet\sdk\9.0.305\TestHostNetFramework\testhost.net48.exe
--- Registro de errores detallado. 

=== Información de estado anterior al enlace ===
LOG: DisplayName = System.Threading.Tasks.Extensions, Version=4.2.0.1, Culture=neutral, PublicKeyToken=cc7b13ffcd2ddd51
 (Fully-specified)
LOG: Appbase = file:///C:/Program Files/dotnet/sdk/9.0.305/TestHostNetFramework/
LOG: PrivatePath inicial = NULL
Ensamblado de llamada : Microsoft.VisualStudio.TestPlatform.Common, Version=15.0.0.0, Culture=neutral, PublicKeyToken=b03f5f7f11d50a3a.
===
LOG: Este enlace empieza en el contexto de carga default.
LOG: Utilización del archivo de configuración de la aplicación: C:\Program Files\dotnet\sdk\9.0.305\TestHostNetFramework\testhost.net48.exe.Config
LOG: Utilizando el archivo de configuración de host: 
LOG: Utilizando el archivo de configuración del equipo en C:\Windows\Microsoft.NET\Framework64\v4.0.30319\config\machine.config.
LOG: Referencia posterior a la directiva: System.Threading.Tasks.Extensions, Version=4.2.0.1, Culture=neutral, PublicKeyToken=cc7b13ffcd2ddd51
LOG: Intento de descarga de la nueva dirección URL file:///C:/Program Files/dotnet/sdk/9.0.305/TestHostNetFramework/System.Threading.Tasks.Extensions.DLL.
LOG: Intento de descarga de la nueva dirección URL file:///C:/Program Files/dotnet/sdk/9.0.305/TestHostNetFramework/System.Threading.Tasks.Extensions/System.Threading.Tasks.Extensions.DLL.
LOG: Intento de descarga de la nueva dirección URL file:///C:/Program Files/dotnet/sdk/9.0.305/TestHostNetFramework/Extensions/System.Threading.Tasks.Extensions.DLL.
LOG: Intento de descarga de la nueva dirección URL file:///C:/Program Files/dotnet/sdk/9.0.305/TestHostNetFramework/Extensions/System.Threading.Tasks.Extensions/System.Threading.Tasks.Extensions.DLL.
LOG: Intento de descarga de la nueva dirección URL file:///C:/Program Files/dotnet/sdk/9.0.305/TestHostNetFramework/System.Threading.Tasks.Extensions.EXE.
LOG: Intento de descarga de la nueva dirección URL file:///C:/Program Files/dotnet/sdk/9.0.305/TestHostNetFramework/System.Threading.Tasks.Extensions/System.Threading.Tasks.Extensions.EXE.
LOG: Intento de descarga de la nueva dirección URL file:///C:/Program Files/dotnet/sdk/9.0.305/TestHostNetFramework/Extensions/System.Threading.Tasks.Extensions.EXE.
LOG: Intento de descarga de la nueva dirección URL file:///C:/Program Files/dotnet/sdk/9.0.305/TestHostNetFramework/Extensions/System.Threading.Tasks.Extensions/System.Threading.Tasks.Extensions.EXE.

TpTrace Warning: 0 : 37048, 3, 2026/01/30, 16:37:16.134, 302471638261, testhost.net48.exe, LoaderExceptions: System.IO.FileNotFoundException: No se puede cargar el archivo o ensamblado 'System.Threading.Tasks.Extensions, Version=4.2.0.1, Culture=neutral, PublicKeyToken=cc7b13ffcd2ddd51' ni una de sus dependencias. El sistema no puede encontrar el archivo especificado.
Nombre de archivo: 'System.Threading.Tasks.Extensions, Version=4.2.0.1, Culture=neutral, PublicKeyToken=cc7b13ffcd2ddd51'
   en System.Reflection.RuntimeAssembly._nLoad(AssemblyName fileName, String codeBase, Evidence assemblySecurity, RuntimeAssembly locationHint, StackCrawlMark& stackMark, IntPtr pPrivHostBinder, Boolean throwOnFileNotFound, Boolean forIntrospection, Boolean suppressSecurityChecks)
   en System.Reflection.RuntimeAssembly.InternalLoadAssemblyName(AssemblyName assemblyRef, Evidence assemblySecurity, RuntimeAssembly reqAssembly, StackCrawlMark& stackMark, IntPtr pPrivHostBinder, Boolean throwOnFileNotFound, Boolean forIntrospection, Boolean suppressSecurityChecks)
   en System.Reflection.Assembly.Load(AssemblyName assemblyRef)
   en Microsoft.VisualStudio.TestPlatform.Common.ExtensionFramework.TestPluginCache.CurrentDomainAssemblyResolve(Object sender, AssemblyResolveEventArgs args) en /_/src/Microsoft.TestPlatform.Common/ExtensionFramework/TestPluginCache.cs:línea 514
   en System.AppDomain.OnAssemblyResolveEvent(RuntimeAssembly assembly, String assemblyFullName)

El administrador de ensamblados se cargó desde:  C:\Windows\Microsoft.NET\Framework64\v4.0.30319\clr.dll
Ejecución bajo archivo ejecutable  C:\Program Files\dotnet\sdk\9.0.305\TestHostNetFramework\testhost.net48.exe
--- Registro de errores detallado. 

=== Información de estado anterior al enlace ===
LOG: DisplayName = System.Threading.Tasks.Extensions, Version=4.2.0.1, Culture=neutral, PublicKeyToken=cc7b13ffcd2ddd51
 (Fully-specified)
LOG: Appbase = file:///C:/Program Files/dotnet/sdk/9.0.305/TestHostNetFramework/
LOG: PrivatePath inicial = NULL
Ensamblado de llamada : Microsoft.VisualStudio.TestPlatform.Common, Version=15.0.0.0, Culture=neutral, PublicKeyToken=b03f5f7f11d50a3a.
===
LOG: Este enlace empieza en el contexto de carga default.
LOG: Utilización del archivo de configuración de la aplicación: C:\Program Files\dotnet\sdk\9.0.305\TestHostNetFramework\testhost.net48.exe.Config
LOG: Utilizando el archivo de configuración de host: 
LOG: Utilizando el archivo de configuración del equipo en C:\Windows\Microsoft.NET\Framework64\v4.0.30319\config\machine.config.
LOG: Referencia posterior a la directiva: System.Threading.Tasks.Extensions, Version=4.2.0.1, Culture=neutral, PublicKeyToken=cc7b13ffcd2ddd51
LOG: Intento de descarga de la nueva dirección URL file:///C:/Program Files/dotnet/sdk/9.0.305/TestHostNetFramework/System.Threading.Tasks.Extensions.DLL.
LOG: Intento de descarga de la nueva dirección URL file:///C:/Program Files/dotnet/sdk/9.0.305/TestHostNetFramework/System.Threading.Tasks.Extensions/System.Threading.Tasks.Extensions.DLL.
LOG: Intento de descarga de la nueva dirección URL file:///C:/Program Files/dotnet/sdk/9.0.305/TestHostNetFramework/Extensions/System.Threading.Tasks.Extensions.DLL.
LOG: Intento de descarga de la nueva dirección URL file:///C:/Program Files/dotnet/sdk/9.0.305/TestHostNetFramework/Extensions/System.Threading.Tasks.Extensions/System.Threading.Tasks.Extensions.DLL.
LOG: Intento de descarga de la nueva dirección URL file:///C:/Program Files/dotnet/sdk/9.0.305/TestHostNetFramework/System.Threading.Tasks.Extensions.EXE.
LOG: Intento de descarga de la nueva dirección URL file:///C:/Program Files/dotnet/sdk/9.0.305/TestHostNetFramework/System.Threading.Tasks.Extensions/System.Threading.Tasks.Extensions.EXE.
LOG: Intento de descarga de la nueva dirección URL file:///C:/Program Files/dotnet/sdk/9.0.305/TestHostNetFramework/Extensions/System.Threading.Tasks.Extensions.EXE.
LOG: Intento de descarga de la nueva dirección URL file:///C:/Program Files/dotnet/sdk/9.0.305/TestHostNetFramework/Extensions/System.Threading.Tasks.Extensions/System.Threading.Tasks.Extensions.EXE.

TpTrace Verbose: 0 : 37048, 3, 2026/01/30, 16:37:16.134, 302471639476, testhost.net48.exe, MetadataReaderExtensionsHelper: Discovering extensions inside assembly 'Microsoft.TestPlatform.Extensions.BlameDataCollector, Version=15.0.0.0, Culture=neutral, PublicKeyToken=b03f5f7f11d50a3a' file path 'C:\Program Files\dotnet\sdk\9.0.305\Extensions\Microsoft.TestPlatform.Extensions.BlameDataCollector.dll'
TpTrace Verbose: 0 : 37048, 3, 2026/01/30, 16:37:16.142, 302471722840, testhost.net48.exe, MetadataReaderExtensionsHelper: Discovering extensions inside assembly 'Microsoft.TestPlatform.Extensions.EventLogCollector, Version=15.0.0.0, Culture=neutral, PublicKeyToken=b03f5f7f11d50a3a' file path 'C:\Program Files\dotnet\sdk\9.0.305\Extensions\Microsoft.TestPlatform.Extensions.EventLogCollector.dll'
TpTrace Verbose: 0 : 37048, 3, 2026/01/30, 16:37:16.150, 302471804470, testhost.net48.exe, MetadataReaderExtensionsHelper: Discovering extensions inside assembly 'Microsoft.TestPlatform.TestHostRuntimeProvider, Version=15.0.0.0, Culture=neutral, PublicKeyToken=b03f5f7f11d50a3a' file path 'C:\Program Files\dotnet\sdk\9.0.305\Extensions\Microsoft.TestPlatform.TestHostRuntimeProvider.dll'
TpTrace Verbose: 0 : 37048, 3, 2026/01/30, 16:37:16.159, 302471892919, testhost.net48.exe, MetadataReaderExtensionsHelper: Discovering extensions inside assembly 'Microsoft.VisualStudio.TestPlatform.Extensions.Html.TestLogger, Version=15.0.0.0, Culture=neutral, PublicKeyToken=b03f5f7f11d50a3a' file path 'C:\Program Files\dotnet\sdk\9.0.305\Extensions\Microsoft.VisualStudio.TestPlatform.Extensions.Html.TestLogger.dll'
TpTrace Verbose: 0 : 37048, 3, 2026/01/30, 16:37:16.167, 302471967378, testhost.net48.exe, MetadataReaderExtensionsHelper: Discovering extensions inside assembly 'Microsoft.VisualStudio.TestPlatform.Extensions.Trx.TestLogger, Version=15.0.0.0, Culture=neutral, PublicKeyToken=b03f5f7f11d50a3a' file path 'C:\Program Files\dotnet\sdk\9.0.305\Extensions\Microsoft.VisualStudio.TestPlatform.Extensions.Trx.TestLogger.dll'
TpTrace Verbose: 0 : 37048, 3, 2026/01/30, 16:37:16.174, 302472038425, testhost.net48.exe, TestPluginCache: Discovered the extensions using extension path ''.
TpTrace Verbose: 0 : 37048, 3, 2026/01/30, 16:37:16.174, 302472041560, testhost.net48.exe, TestPluginCache: Discoverers are ''.
TpTrace Verbose: 0 : 37048, 3, 2026/01/30, 16:37:16.174, 302472042125, testhost.net48.exe, TestPluginCache: Executors are ''.
TpTrace Verbose: 0 : 37048, 3, 2026/01/30, 16:37:16.174, 302472042471, testhost.net48.exe, TestPluginCache: Executors2 are ''.
TpTrace Verbose: 0 : 37048, 3, 2026/01/30, 16:37:16.174, 302472043046, testhost.net48.exe, TestPluginCache: Setting providers are ''.
TpTrace Verbose: 0 : 37048, 3, 2026/01/30, 16:37:16.174, 302472043380, testhost.net48.exe, TestPluginCache: Loggers are ''.
TpTrace Verbose: 0 : 37048, 3, 2026/01/30, 16:37:16.174, 302472043794, testhost.net48.exe, TestPluginCache: TestHosts are ''.
TpTrace Verbose: 0 : 37048, 3, 2026/01/30, 16:37:16.174, 302472044121, testhost.net48.exe, TestPluginCache: DataCollectors are ''.
TpTrace Verbose: 0 : 37048, 3, 2026/01/30, 16:37:16.175, 302472056167, testhost.net48.exe, TestExecutorService: Loaded the settings providers
TpTrace Information: 0 : 37048, 3, 2026/01/30, 16:37:16.175, 302472056911, testhost.net48.exe, TestExecutorService: Loaded the extensions
TpTrace Information: 0 : 37048, 3, 2026/01/30, 16:37:16.176, 302472063034, testhost.net48.exe, TestRequestHandler.OnMessageReceived: Running job 'TestExecution.StartWithSources'.
TpTrace Information: 0 : 37048, 3, 2026/01/30, 16:37:16.243, 302472729252, testhost.net48.exe, TestDiscoveryManager: Discovering tests from sources C:\Proyectos\Code - Logger\ModularisTestUnitTests\bin\Debug\ModularisTestUnitTests.dll
TpTrace Verbose: 0 : 37048, 3, 2026/01/30, 16:37:16.245, 302472749236, testhost.net48.exe, TestPluginCache.DiscoverTestExtensions: finding test extensions in assemblies ends with: TestAdapter.dll TPluginInfo: Microsoft.VisualStudio.TestPlatform.Common.ExtensionFramework.Utilities.TestDiscovererPluginInformation TExtension: Microsoft.VisualStudio.TestPlatform.ObjectModel.Adapter.ITestDiscoverer
TpTrace Verbose: 0 : 37048, 3, 2026/01/30, 16:37:16.245, 302472750162, testhost.net48.exe, TestPluginCache.GetExtensionPaths: Filtered extension paths: 
TpTrace Verbose: 0 : 37048, 3, 2026/01/30, 16:37:16.245, 302472750431, testhost.net48.exe, TestPluginCache.GetExtensionPaths: Added default extension paths: C:\Program Files\dotnet\sdk\9.0.305\Extensions\Microsoft.Diagnostics.NETCore.Client.dll
C:\Program Files\dotnet\sdk\9.0.305\Extensions\Microsoft.TestPlatform.Extensions.BlameDataCollector.dll
C:\Program Files\dotnet\sdk\9.0.305\Extensions\Microsoft.TestPlatform.Extensions.EventLogCollector.dll
C:\Program Files\dotnet\sdk\9.0.305\Extensions\Microsoft.TestPlatform.TestHostRuntimeProvider.dll
C:\Program Files\dotnet\sdk\9.0.305\Extensions\Microsoft.VisualStudio.TestPlatform.Extensions.Html.TestLogger.dll
C:\Program Files\dotnet\sdk\9.0.305\Extensions\Microsoft.VisualStudio.TestPlatform.Extensions.Trx.TestLogger.dll
C:\Proyectos\Code - Logger\ModularisTestUnitTests\bin\Debug\Microsoft.VisualStudio.TestPlatform.MSTest.TestAdapter.dll
TpTrace Verbose: 0 : 37048, 3, 2026/01/30, 16:37:16.245, 302472750652, testhost.net48.exe, TestPluginCache.GetExtensionPaths: Added unfilterableExtensionPaths: 
TpTrace Information: 0 : 37048, 3, 2026/01/30, 16:37:16.246, 302472751681, testhost.net48.exe, AssemblyResolver.AddSearchDirectories: Adding more searchDirectories C:\Program Files\dotnet\sdk\9.0.305\Extensions,C:\Proyectos\Code - Logger\ModularisTestUnitTests\bin\Debug,C:\Program Files\dotnet\sdk\9.0.305\TestHostNetFramework
TpTrace Verbose: 0 : 37048, 3, 2026/01/30, 16:37:16.246, 302472751904, testhost.net48.exe, TestPluginCache.DiscoverTestExtensions: Discovering the extensions using extension path.
TpTrace Verbose: 0 : 37048, 3, 2026/01/30, 16:37:16.246, 302472752054, testhost.net48.exe, TestPluginCache.GetExtensionPaths: Filtered extension paths: 
TpTrace Verbose: 0 : 37048, 3, 2026/01/30, 16:37:16.246, 302472752196, testhost.net48.exe, TestPluginCache.GetExtensionPaths: Added default extension paths: C:\Program Files\dotnet\sdk\9.0.305\Extensions\Microsoft.Diagnostics.NETCore.Client.dll
C:\Program Files\dotnet\sdk\9.0.305\Extensions\Microsoft.TestPlatform.Extensions.BlameDataCollector.dll
C:\Program Files\dotnet\sdk\9.0.305\Extensions\Microsoft.TestPlatform.Extensions.EventLogCollector.dll
C:\Program Files\dotnet\sdk\9.0.305\Extensions\Microsoft.TestPlatform.TestHostRuntimeProvider.dll
C:\Program Files\dotnet\sdk\9.0.305\Extensions\Microsoft.VisualStudio.TestPlatform.Extensions.Html.TestLogger.dll
C:\Program Files\dotnet\sdk\9.0.305\Extensions\Microsoft.VisualStudio.TestPlatform.Extensions.Trx.TestLogger.dll
C:\Proyectos\Code - Logger\ModularisTestUnitTests\bin\Debug\Microsoft.VisualStudio.TestPlatform.MSTest.TestAdapter.dll
TpTrace Verbose: 0 : 37048, 3, 2026/01/30, 16:37:16.246, 302472752349, testhost.net48.exe, TestPluginCache.GetExtensionPaths: Added unfilterableExtensionPaths: 
TpTrace Verbose: 0 : 37048, 3, 2026/01/30, 16:37:16.246, 302472752495, testhost.net48.exe, TestPluginCache.DiscoverTestExtensions: Discovering the extensions using allExtensionPaths: C:\Program Files\dotnet\sdk\9.0.305\Extensions\Microsoft.Diagnostics.NETCore.Client.dll
C:\Program Files\dotnet\sdk\9.0.305\Extensions\Microsoft.TestPlatform.Extensions.BlameDataCollector.dll
C:\Program Files\dotnet\sdk\9.0.305\Extensions\Microsoft.TestPlatform.Extensions.EventLogCollector.dll
C:\Program Files\dotnet\sdk\9.0.305\Extensions\Microsoft.TestPlatform.TestHostRuntimeProvider.dll
C:\Program Files\dotnet\sdk\9.0.305\Extensions\Microsoft.VisualStudio.TestPlatform.Extensions.Html.TestLogger.dll
C:\Program Files\dotnet\sdk\9.0.305\Extensions\Microsoft.VisualStudio.TestPlatform.Extensions.Trx.TestLogger.dll
C:\Proyectos\Code - Logger\ModularisTestUnitTests\bin\Debug\Microsoft.VisualStudio.TestPlatform.MSTest.TestAdapter.dll
TpTrace Information: 0 : 37048, 3, 2026/01/30, 16:37:16.246, 302472752790, testhost.net48.exe, AssemblyResolver.AddSearchDirectories: Adding more searchDirectories C:\Program Files\dotnet\sdk\9.0.305\Extensions,C:\Program Files\dotnet\sdk\9.0.305\TestHostNetFramework
TpTrace Information: 0 : 37048, 3, 2026/01/30, 16:37:16.246, 302472752974, testhost.net48.exe, AssemblyResolver.AddSearchDirectories: Adding more searchDirectories C:\Program Files\dotnet\sdk\9.0.305\Extensions,C:\Program Files\dotnet\sdk\9.0.305\TestHostNetFramework
TpTrace Information: 0 : 37048, 3, 2026/01/30, 16:37:16.246, 302472753169, testhost.net48.exe, AssemblyResolver.AddSearchDirectories: Adding more searchDirectories C:\Program Files\dotnet\sdk\9.0.305\Extensions,C:\Program Files\dotnet\sdk\9.0.305\TestHostNetFramework
TpTrace Information: 0 : 37048, 3, 2026/01/30, 16:37:16.246, 302472753344, testhost.net48.exe, AssemblyResolver.AddSearchDirectories: Adding more searchDirectories C:\Program Files\dotnet\sdk\9.0.305\Extensions,C:\Program Files\dotnet\sdk\9.0.305\TestHostNetFramework
TpTrace Information: 0 : 37048, 3, 2026/01/30, 16:37:16.246, 302472753504, testhost.net48.exe, AssemblyResolver.AddSearchDirectories: Adding more searchDirectories C:\Program Files\dotnet\sdk\9.0.305\Extensions,C:\Program Files\dotnet\sdk\9.0.305\TestHostNetFramework
TpTrace Information: 0 : 37048, 3, 2026/01/30, 16:37:16.246, 302472753668, testhost.net48.exe, AssemblyResolver.AddSearchDirectories: Adding more searchDirectories C:\Program Files\dotnet\sdk\9.0.305\Extensions,C:\Program Files\dotnet\sdk\9.0.305\TestHostNetFramework
TpTrace Information: 0 : 37048, 3, 2026/01/30, 16:37:16.246, 302472753837, testhost.net48.exe, AssemblyResolver.AddSearchDirectories: Adding more searchDirectories C:\Proyectos\Code - Logger\ModularisTestUnitTests\bin\Debug,C:\Program Files\dotnet\sdk\9.0.305\TestHostNetFramework
TpTrace Verbose: 0 : 37048, 3, 2026/01/30, 16:37:16.246, 302472754603, testhost.net48.exe, MetadataReaderExtensionsHelper: Discovering extensions inside assembly 'Microsoft.Diagnostics.NETCore.Client, Version=0.2.12.17301, Culture=neutral, PublicKeyToken=31bf3856ad364e35' file path 'C:\Program Files\dotnet\sdk\9.0.305\Extensions\Microsoft.Diagnostics.NETCore.Client.dll'
TpTrace Warning: 0 : 37048, 3, 2026/01/30, 16:37:16.255, 302472845782, testhost.net48.exe, TestPluginDiscoverer: Failed to get types from assembly 'Microsoft.Diagnostics.NETCore.Client, Version=0.2.12.17301, Culture=neutral, PublicKeyToken=31bf3856ad364e35'. Error: System.Reflection.ReflectionTypeLoadException: No se pueden cargar uno o varios tipos requeridos. Recupere la propiedad LoaderExceptions para obtener más información.
   en System.Reflection.RuntimeModule.GetTypes(RuntimeModule module)
   en System.Reflection.RuntimeModule.GetTypes()
   en System.Reflection.Assembly.GetTypes()
   en Microsoft.VisualStudio.TestPlatform.Common.ExtensionFramework.TestPluginDiscoverer.GetTestExtensionsFromAssembly[TPluginInfo,TExtension](Assembly assembly, Dictionary`2 pluginInfos, String filePath) en /_/src/Microsoft.TestPlatform.Common/ExtensionFramework/TestPluginDiscoverer.cs:línea 159
TpTrace Warning: 0 : 37048, 3, 2026/01/30, 16:37:16.255, 302472847574, testhost.net48.exe, LoaderExceptions: System.IO.FileNotFoundException: No se puede cargar el archivo o ensamblado 'Microsoft.Bcl.AsyncInterfaces, Version=6.0.0.0, Culture=neutral, PublicKeyToken=cc7b13ffcd2ddd51' ni una de sus dependencias. El sistema no puede encontrar el archivo especificado.
Nombre de archivo: 'Microsoft.Bcl.AsyncInterfaces, Version=6.0.0.0, Culture=neutral, PublicKeyToken=cc7b13ffcd2ddd51'
   en System.Reflection.RuntimeAssembly._nLoad(AssemblyName fileName, String codeBase, Evidence assemblySecurity, RuntimeAssembly locationHint, StackCrawlMark& stackMark, IntPtr pPrivHostBinder, Boolean throwOnFileNotFound, Boolean forIntrospection, Boolean suppressSecurityChecks)
   en System.Reflection.RuntimeAssembly.InternalLoadAssemblyName(AssemblyName assemblyRef, Evidence assemblySecurity, RuntimeAssembly reqAssembly, StackCrawlMark& stackMark, IntPtr pPrivHostBinder, Boolean throwOnFileNotFound, Boolean forIntrospection, Boolean suppressSecurityChecks)
   en System.Reflection.Assembly.Load(AssemblyName assemblyRef)
   en Microsoft.VisualStudio.TestPlatform.Common.ExtensionFramework.TestPluginCache.CurrentDomainAssemblyResolve(Object sender, AssemblyResolveEventArgs args) en /_/src/Microsoft.TestPlatform.Common/ExtensionFramework/TestPluginCache.cs:línea 514
   en System.AppDomain.OnAssemblyResolveEvent(RuntimeAssembly assembly, String assemblyFullName)

El administrador de ensamblados se cargó desde:  C:\Windows\Microsoft.NET\Framework64\v4.0.30319\clr.dll
Ejecución bajo archivo ejecutable  C:\Program Files\dotnet\sdk\9.0.305\TestHostNetFramework\testhost.net48.exe
--- Registro de errores detallado. 

=== Información de estado anterior al enlace ===
LOG: DisplayName = Microsoft.Bcl.AsyncInterfaces, Version=6.0.0.0, Culture=neutral, PublicKeyToken=cc7b13ffcd2ddd51
 (Fully-specified)
LOG: Appbase = file:///C:/Program Files/dotnet/sdk/9.0.305/TestHostNetFramework/
LOG: PrivatePath inicial = NULL
Ensamblado de llamada : Microsoft.VisualStudio.TestPlatform.Common, Version=15.0.0.0, Culture=neutral, PublicKeyToken=b03f5f7f11d50a3a.
===
LOG: Este enlace empieza en el contexto de carga default.
LOG: Utilización del archivo de configuración de la aplicación: C:\Program Files\dotnet\sdk\9.0.305\TestHostNetFramework\testhost.net48.exe.Config
LOG: Utilizando el archivo de configuración de host: 
LOG: Utilizando el archivo de configuración del equipo en C:\Windows\Microsoft.NET\Framework64\v4.0.30319\config\machine.config.
LOG: Referencia posterior a la directiva: Microsoft.Bcl.AsyncInterfaces, Version=6.0.0.0, Culture=neutral, PublicKeyToken=cc7b13ffcd2ddd51
LOG: Intento de descarga de la nueva dirección URL file:///C:/Program Files/dotnet/sdk/9.0.305/TestHostNetFramework/Microsoft.Bcl.AsyncInterfaces.DLL.
LOG: Intento de descarga de la nueva dirección URL file:///C:/Program Files/dotnet/sdk/9.0.305/TestHostNetFramework/Microsoft.Bcl.AsyncInterfaces/Microsoft.Bcl.AsyncInterfaces.DLL.
LOG: Intento de descarga de la nueva dirección URL file:///C:/Program Files/dotnet/sdk/9.0.305/TestHostNetFramework/Extensions/Microsoft.Bcl.AsyncInterfaces.DLL.
LOG: Intento de descarga de la nueva dirección URL file:///C:/Program Files/dotnet/sdk/9.0.305/TestHostNetFramework/Extensions/Microsoft.Bcl.AsyncInterfaces/Microsoft.Bcl.AsyncInterfaces.DLL.
LOG: Intento de descarga de la nueva dirección URL file:///C:/Program Files/dotnet/sdk/9.0.305/TestHostNetFramework/Microsoft.Bcl.AsyncInterfaces.EXE.
LOG: Intento de descarga de la nueva dirección URL file:///C:/Program Files/dotnet/sdk/9.0.305/TestHostNetFramework/Microsoft.Bcl.AsyncInterfaces/Microsoft.Bcl.AsyncInterfaces.EXE.
LOG: Intento de descarga de la nueva dirección URL file:///C:/Program Files/dotnet/sdk/9.0.305/TestHostNetFramework/Extensions/Microsoft.Bcl.AsyncInterfaces.EXE.
LOG: Intento de descarga de la nueva dirección URL file:///C:/Program Files/dotnet/sdk/9.0.305/TestHostNetFramework/Extensions/Microsoft.Bcl.AsyncInterfaces/Microsoft.Bcl.AsyncInterfaces.EXE.

TpTrace Warning: 0 : 37048, 3, 2026/01/30, 16:37:16.255, 302472848273, testhost.net48.exe, LoaderExceptions: System.IO.FileNotFoundException: No se puede cargar el archivo o ensamblado 'Microsoft.Bcl.AsyncInterfaces, Version=6.0.0.0, Culture=neutral, PublicKeyToken=cc7b13ffcd2ddd51' ni una de sus dependencias. El sistema no puede encontrar el archivo especificado.
Nombre de archivo: 'Microsoft.Bcl.AsyncInterfaces, Version=6.0.0.0, Culture=neutral, PublicKeyToken=cc7b13ffcd2ddd51'
   en System.Reflection.RuntimeAssembly._nLoad(AssemblyName fileName, String codeBase, Evidence assemblySecurity, RuntimeAssembly locationHint, StackCrawlMark& stackMark, IntPtr pPrivHostBinder, Boolean throwOnFileNotFound, Boolean forIntrospection, Boolean suppressSecurityChecks)
   en System.Reflection.RuntimeAssembly.InternalLoadAssemblyName(AssemblyName assemblyRef, Evidence assemblySecurity, RuntimeAssembly reqAssembly, StackCrawlMark& stackMark, IntPtr pPrivHostBinder, Boolean throwOnFileNotFound, Boolean forIntrospection, Boolean suppressSecurityChecks)
   en System.Reflection.Assembly.Load(AssemblyName assemblyRef)
   en Microsoft.VisualStudio.TestPlatform.Common.ExtensionFramework.TestPluginCache.CurrentDomainAssemblyResolve(Object sender, AssemblyResolveEventArgs args) en /_/src/Microsoft.TestPlatform.Common/ExtensionFramework/TestPluginCache.cs:línea 514
   en System.AppDomain.OnAssemblyResolveEvent(RuntimeAssembly assembly, String assemblyFullName)

El administrador de ensamblados se cargó desde:  C:\Windows\Microsoft.NET\Framework64\v4.0.30319\clr.dll
Ejecución bajo archivo ejecutable  C:\Program Files\dotnet\sdk\9.0.305\TestHostNetFramework\testhost.net48.exe
--- Registro de errores detallado. 

=== Información de estado anterior al enlace ===
LOG: DisplayName = Microsoft.Bcl.AsyncInterfaces, Version=6.0.0.0, Culture=neutral, PublicKeyToken=cc7b13ffcd2ddd51
 (Fully-specified)
LOG: Appbase = file:///C:/Program Files/dotnet/sdk/9.0.305/TestHostNetFramework/
LOG: PrivatePath inicial = NULL
Ensamblado de llamada : Microsoft.VisualStudio.TestPlatform.Common, Version=15.0.0.0, Culture=neutral, PublicKeyToken=b03f5f7f11d50a3a.
===
LOG: Este enlace empieza en el contexto de carga default.
LOG: Utilización del archivo de configuración de la aplicación: C:\Program Files\dotnet\sdk\9.0.305\TestHostNetFramework\testhost.net48.exe.Config
LOG: Utilizando el archivo de configuración de host: 
LOG: Utilizando el archivo de configuración del equipo en C:\Windows\Microsoft.NET\Framework64\v4.0.30319\config\machine.config.
LOG: Referencia posterior a la directiva: Microsoft.Bcl.AsyncInterfaces, Version=6.0.0.0, Culture=neutral, PublicKeyToken=cc7b13ffcd2ddd51
LOG: Intento de descarga de la nueva dirección URL file:///C:/Program Files/dotnet/sdk/9.0.305/TestHostNetFramework/Microsoft.Bcl.AsyncInterfaces.DLL.
LOG: Intento de descarga de la nueva dirección URL file:///C:/Program Files/dotnet/sdk/9.0.305/TestHostNetFramework/Microsoft.Bcl.AsyncInterfaces/Microsoft.Bcl.AsyncInterfaces.DLL.
LOG: Intento de descarga de la nueva dirección URL file:///C:/Program Files/dotnet/sdk/9.0.305/TestHostNetFramework/Extensions/Microsoft.Bcl.AsyncInterfaces.DLL.
LOG: Intento de descarga de la nueva dirección URL file:///C:/Program Files/dotnet/sdk/9.0.305/TestHostNetFramework/Extensions/Microsoft.Bcl.AsyncInterfaces/Microsoft.Bcl.AsyncInterfaces.DLL.
LOG: Intento de descarga de la nueva dirección URL file:///C:/Program Files/dotnet/sdk/9.0.305/TestHostNetFramework/Microsoft.Bcl.AsyncInterfaces.EXE.
LOG: Intento de descarga de la nueva dirección URL file:///C:/Program Files/dotnet/sdk/9.0.305/TestHostNetFramework/Microsoft.Bcl.AsyncInterfaces/Microsoft.Bcl.AsyncInterfaces.EXE.
LOG: Intento de descarga de la nueva dirección URL file:///C:/Program Files/dotnet/sdk/9.0.305/TestHostNetFramework/Extensions/Microsoft.Bcl.AsyncInterfaces.EXE.
LOG: Intento de descarga de la nueva dirección URL file:///C:/Program Files/dotnet/sdk/9.0.305/TestHostNetFramework/Extensions/Microsoft.Bcl.AsyncInterfaces/Microsoft.Bcl.AsyncInterfaces.EXE.

TpTrace Warning: 0 : 37048, 3, 2026/01/30, 16:37:16.255, 302472848766, testhost.net48.exe, LoaderExceptions: System.IO.FileNotFoundException: No se puede cargar el archivo o ensamblado 'System.Threading.Tasks.Extensions, Version=4.2.0.1, Culture=neutral, PublicKeyToken=cc7b13ffcd2ddd51' ni una de sus dependencias. El sistema no puede encontrar el archivo especificado.
Nombre de archivo: 'System.Threading.Tasks.Extensions, Version=4.2.0.1, Culture=neutral, PublicKeyToken=cc7b13ffcd2ddd51'
   en System.Reflection.RuntimeAssembly._nLoad(AssemblyName fileName, String codeBase, Evidence assemblySecurity, RuntimeAssembly locationHint, StackCrawlMark& stackMark, IntPtr pPrivHostBinder, Boolean throwOnFileNotFound, Boolean forIntrospection, Boolean suppressSecurityChecks)
   en System.Reflection.RuntimeAssembly.InternalLoadAssemblyName(AssemblyName assemblyRef, Evidence assemblySecurity, RuntimeAssembly reqAssembly, StackCrawlMark& stackMark, IntPtr pPrivHostBinder, Boolean throwOnFileNotFound, Boolean forIntrospection, Boolean suppressSecurityChecks)
   en System.Reflection.Assembly.Load(AssemblyName assemblyRef)
   en Microsoft.VisualStudio.TestPlatform.Common.ExtensionFramework.TestPluginCache.CurrentDomainAssemblyResolve(Object sender, AssemblyResolveEventArgs args) en /_/src/Microsoft.TestPlatform.Common/ExtensionFramework/TestPluginCache.cs:línea 514
   en System.AppDomain.OnAssemblyResolveEvent(RuntimeAssembly assembly, String assemblyFullName)

El administrador de ensamblados se cargó desde:  C:\Windows\Microsoft.NET\Framework64\v4.0.30319\clr.dll
Ejecución bajo archivo ejecutable  C:\Program Files\dotnet\sdk\9.0.305\TestHostNetFramework\testhost.net48.exe
--- Registro de errores detallado. 

=== Información de estado anterior al enlace ===
LOG: DisplayName = System.Threading.Tasks.Extensions, Version=4.2.0.1, Culture=neutral, PublicKeyToken=cc7b13ffcd2ddd51
 (Fully-specified)
LOG: Appbase = file:///C:/Program Files/dotnet/sdk/9.0.305/TestHostNetFramework/
LOG: PrivatePath inicial = NULL
Ensamblado de llamada : Microsoft.VisualStudio.TestPlatform.Common, Version=15.0.0.0, Culture=neutral, PublicKeyToken=b03f5f7f11d50a3a.
===
LOG: Este enlace empieza en el contexto de carga default.
LOG: Utilización del archivo de configuración de la aplicación: C:\Program Files\dotnet\sdk\9.0.305\TestHostNetFramework\testhost.net48.exe.Config
LOG: Utilizando el archivo de configuración de host: 
LOG: Utilizando el archivo de configuración del equipo en C:\Windows\Microsoft.NET\Framework64\v4.0.30319\config\machine.config.
LOG: Referencia posterior a la directiva: System.Threading.Tasks.Extensions, Version=4.2.0.1, Culture=neutral, PublicKeyToken=cc7b13ffcd2ddd51
LOG: Intento de descarga de la nueva dirección URL file:///C:/Program Files/dotnet/sdk/9.0.305/TestHostNetFramework/System.Threading.Tasks.Extensions.DLL.
LOG: Intento de descarga de la nueva dirección URL file:///C:/Program Files/dotnet/sdk/9.0.305/TestHostNetFramework/System.Threading.Tasks.Extensions/System.Threading.Tasks.Extensions.DLL.
LOG: Intento de descarga de la nueva dirección URL file:///C:/Program Files/dotnet/sdk/9.0.305/TestHostNetFramework/Extensions/System.Threading.Tasks.Extensions.DLL.
LOG: Intento de descarga de la nueva dirección URL file:///C:/Program Files/dotnet/sdk/9.0.305/TestHostNetFramework/Extensions/System.Threading.Tasks.Extensions/System.Threading.Tasks.Extensions.DLL.
LOG: Intento de descarga de la nueva dirección URL file:///C:/Program Files/dotnet/sdk/9.0.305/TestHostNetFramework/System.Threading.Tasks.Extensions.EXE.
LOG: Intento de descarga de la nueva dirección URL file:///C:/Program Files/dotnet/sdk/9.0.305/TestHostNetFramework/System.Threading.Tasks.Extensions/System.Threading.Tasks.Extensions.EXE.
LOG: Intento de descarga de la nueva dirección URL file:///C:/Program Files/dotnet/sdk/9.0.305/TestHostNetFramework/Extensions/System.Threading.Tasks.Extensions.EXE.
LOG: Intento de descarga de la nueva dirección URL file:///C:/Program Files/dotnet/sdk/9.0.305/TestHostNetFramework/Extensions/System.Threading.Tasks.Extensions/System.Threading.Tasks.Extensions.EXE.

TpTrace Warning: 0 : 37048, 3, 2026/01/30, 16:37:16.255, 302472849230, testhost.net48.exe, LoaderExceptions: System.IO.FileNotFoundException: No se puede cargar el archivo o ensamblado 'System.Threading.Tasks.Extensions, Version=4.2.0.1, Culture=neutral, PublicKeyToken=cc7b13ffcd2ddd51' ni una de sus dependencias. El sistema no puede encontrar el archivo especificado.
Nombre de archivo: 'System.Threading.Tasks.Extensions, Version=4.2.0.1, Culture=neutral, PublicKeyToken=cc7b13ffcd2ddd51'
   en System.Reflection.RuntimeAssembly._nLoad(AssemblyName fileName, String codeBase, Evidence assemblySecurity, RuntimeAssembly locationHint, StackCrawlMark& stackMark, IntPtr pPrivHostBinder, Boolean throwOnFileNotFound, Boolean forIntrospection, Boolean suppressSecurityChecks)
   en System.Reflection.RuntimeAssembly.InternalLoadAssemblyName(AssemblyName assemblyRef, Evidence assemblySecurity, RuntimeAssembly reqAssembly, StackCrawlMark& stackMark, IntPtr pPrivHostBinder, Boolean throwOnFileNotFound, Boolean forIntrospection, Boolean suppressSecurityChecks)
   en System.Reflection.Assembly.Load(AssemblyName assemblyRef)
   en Microsoft.VisualStudio.TestPlatform.Common.ExtensionFramework.TestPluginCache.CurrentDomainAssemblyResolve(Object sender, AssemblyResolveEventArgs args) en /_/src/Microsoft.TestPlatform.Common/ExtensionFramework/TestPluginCache.cs:línea 514
   en System.AppDomain.OnAssemblyResolveEvent(RuntimeAssembly assembly, String assemblyFullName)

El administrador de ensamblados se cargó desde:  C:\Windows\Microsoft.NET\Framework64\v4.0.30319\clr.dll
Ejecución bajo archivo ejecutable  C:\Program Files\dotnet\sdk\9.0.305\TestHostNetFramework\testhost.net48.exe
--- Registro de errores detallado. 

=== Información de estado anterior al enlace ===
LOG: DisplayName = System.Threading.Tasks.Extensions, Version=4.2.0.1, Culture=neutral, PublicKeyToken=cc7b13ffcd2ddd51
 (Fully-specified)
LOG: Appbase = file:///C:/Program Files/dotnet/sdk/9.0.305/TestHostNetFramework/
LOG: PrivatePath inicial = NULL
Ensamblado de llamada : Microsoft.VisualStudio.TestPlatform.Common, Version=15.0.0.0, Culture=neutral, PublicKeyToken=b03f5f7f11d50a3a.
===
LOG: Este enlace empieza en el contexto de carga default.
LOG: Utilización del archivo de configuración de la aplicación: C:\Program Files\dotnet\sdk\9.0.305\TestHostNetFramework\testhost.net48.exe.Config
LOG: Utilizando el archivo de configuración de host: 
LOG: Utilizando el archivo de configuración del equipo en C:\Windows\Microsoft.NET\Framework64\v4.0.30319\config\machine.config.
LOG: Referencia posterior a la directiva: System.Threading.Tasks.Extensions, Version=4.2.0.1, Culture=neutral, PublicKeyToken=cc7b13ffcd2ddd51
LOG: Intento de descarga de la nueva dirección URL file:///C:/Program Files/dotnet/sdk/9.0.305/TestHostNetFramework/System.Threading.Tasks.Extensions.DLL.
LOG: Intento de descarga de la nueva dirección URL file:///C:/Program Files/dotnet/sdk/9.0.305/TestHostNetFramework/System.Threading.Tasks.Extensions/System.Threading.Tasks.Extensions.DLL.
LOG: Intento de descarga de la nueva dirección URL file:///C:/Program Files/dotnet/sdk/9.0.305/TestHostNetFramework/Extensions/System.Threading.Tasks.Extensions.DLL.
LOG: Intento de descarga de la nueva dirección URL file:///C:/Program Files/dotnet/sdk/9.0.305/TestHostNetFramework/Extensions/System.Threading.Tasks.Extensions/System.Threading.Tasks.Extensions.DLL.
LOG: Intento de descarga de la nueva dirección URL file:///C:/Program Files/dotnet/sdk/9.0.305/TestHostNetFramework/System.Threading.Tasks.Extensions.EXE.
LOG: Intento de descarga de la nueva dirección URL file:///C:/Program Files/dotnet/sdk/9.0.305/TestHostNetFramework/System.Threading.Tasks.Extensions/System.Threading.Tasks.Extensions.EXE.
LOG: Intento de descarga de la nueva dirección URL file:///C:/Program Files/dotnet/sdk/9.0.305/TestHostNetFramework/Extensions/System.Threading.Tasks.Extensions.EXE.
LOG: Intento de descarga de la nueva dirección URL file:///C:/Program Files/dotnet/sdk/9.0.305/TestHostNetFramework/Extensions/System.Threading.Tasks.Extensions/System.Threading.Tasks.Extensions.EXE.

TpTrace Warning: 0 : 37048, 3, 2026/01/30, 16:37:16.255, 302472849688, testhost.net48.exe, LoaderExceptions: System.IO.FileNotFoundException: No se puede cargar el archivo o ensamblado 'System.Threading.Tasks.Extensions, Version=4.2.0.1, Culture=neutral, PublicKeyToken=cc7b13ffcd2ddd51' ni una de sus dependencias. El sistema no puede encontrar el archivo especificado.
Nombre de archivo: 'System.Threading.Tasks.Extensions, Version=4.2.0.1, Culture=neutral, PublicKeyToken=cc7b13ffcd2ddd51'
   en System.Reflection.RuntimeAssembly._nLoad(AssemblyName fileName, String codeBase, Evidence assemblySecurity, RuntimeAssembly locationHint, StackCrawlMark& stackMark, IntPtr pPrivHostBinder, Boolean throwOnFileNotFound, Boolean forIntrospection, Boolean suppressSecurityChecks)
   en System.Reflection.RuntimeAssembly.InternalLoadAssemblyName(AssemblyName assemblyRef, Evidence assemblySecurity, RuntimeAssembly reqAssembly, StackCrawlMark& stackMark, IntPtr pPrivHostBinder, Boolean throwOnFileNotFound, Boolean forIntrospection, Boolean suppressSecurityChecks)
   en System.Reflection.Assembly.Load(AssemblyName assemblyRef)
   en Microsoft.VisualStudio.TestPlatform.Common.ExtensionFramework.TestPluginCache.CurrentDomainAssemblyResolve(Object sender, AssemblyResolveEventArgs args) en /_/src/Microsoft.TestPlatform.Common/ExtensionFramework/TestPluginCache.cs:línea 514
   en System.AppDomain.OnAssemblyResolveEvent(RuntimeAssembly assembly, String assemblyFullName)

El administrador de ensamblados se cargó desde:  C:\Windows\Microsoft.NET\Framework64\v4.0.30319\clr.dll
Ejecución bajo archivo ejecutable  C:\Program Files\dotnet\sdk\9.0.305\TestHostNetFramework\testhost.net48.exe
--- Registro de errores detallado. 

=== Información de estado anterior al enlace ===
LOG: DisplayName = System.Threading.Tasks.Extensions, Version=4.2.0.1, Culture=neutral, PublicKeyToken=cc7b13ffcd2ddd51
 (Fully-specified)
LOG: Appbase = file:///C:/Program Files/dotnet/sdk/9.0.305/TestHostNetFramework/
LOG: PrivatePath inicial = NULL
Ensamblado de llamada : Microsoft.VisualStudio.TestPlatform.Common, Version=15.0.0.0, Culture=neutral, PublicKeyToken=b03f5f7f11d50a3a.
===
LOG: Este enlace empieza en el contexto de carga default.
LOG: Utilización del archivo de configuración de la aplicación: C:\Program Files\dotnet\sdk\9.0.305\TestHostNetFramework\testhost.net48.exe.Config
LOG: Utilizando el archivo de configuración de host: 
LOG: Utilizando el archivo de configuración del equipo en C:\Windows\Microsoft.NET\Framework64\v4.0.30319\config\machine.config.
LOG: Referencia posterior a la directiva: System.Threading.Tasks.Extensions, Version=4.2.0.1, Culture=neutral, PublicKeyToken=cc7b13ffcd2ddd51
LOG: Intento de descarga de la nueva dirección URL file:///C:/Program Files/dotnet/sdk/9.0.305/TestHostNetFramework/System.Threading.Tasks.Extensions.DLL.
LOG: Intento de descarga de la nueva dirección URL file:///C:/Program Files/dotnet/sdk/9.0.305/TestHostNetFramework/System.Threading.Tasks.Extensions/System.Threading.Tasks.Extensions.DLL.
LOG: Intento de descarga de la nueva dirección URL file:///C:/Program Files/dotnet/sdk/9.0.305/TestHostNetFramework/Extensions/System.Threading.Tasks.Extensions.DLL.
LOG: Intento de descarga de la nueva dirección URL file:///C:/Program Files/dotnet/sdk/9.0.305/TestHostNetFramework/Extensions/System.Threading.Tasks.Extensions/System.Threading.Tasks.Extensions.DLL.
LOG: Intento de descarga de la nueva dirección URL file:///C:/Program Files/dotnet/sdk/9.0.305/TestHostNetFramework/System.Threading.Tasks.Extensions.EXE.
LOG: Intento de descarga de la nueva dirección URL file:///C:/Program Files/dotnet/sdk/9.0.305/TestHostNetFramework/System.Threading.Tasks.Extensions/System.Threading.Tasks.Extensions.EXE.
LOG: Intento de descarga de la nueva dirección URL file:///C:/Program Files/dotnet/sdk/9.0.305/TestHostNetFramework/Extensions/System.Threading.Tasks.Extensions.EXE.
LOG: Intento de descarga de la nueva dirección URL file:///C:/Program Files/dotnet/sdk/9.0.305/TestHostNetFramework/Extensions/System.Threading.Tasks.Extensions/System.Threading.Tasks.Extensions.EXE.

TpTrace Warning: 0 : 37048, 3, 2026/01/30, 16:37:16.255, 302472850140, testhost.net48.exe, LoaderExceptions: System.IO.FileNotFoundException: No se puede cargar el archivo o ensamblado 'System.Threading.Tasks.Extensions, Version=4.2.0.1, Culture=neutral, PublicKeyToken=cc7b13ffcd2ddd51' ni una de sus dependencias. El sistema no puede encontrar el archivo especificado.
Nombre de archivo: 'System.Threading.Tasks.Extensions, Version=4.2.0.1, Culture=neutral, PublicKeyToken=cc7b13ffcd2ddd51'
   en System.Reflection.RuntimeAssembly._nLoad(AssemblyName fileName, String codeBase, Evidence assemblySecurity, RuntimeAssembly locationHint, StackCrawlMark& stackMark, IntPtr pPrivHostBinder, Boolean throwOnFileNotFound, Boolean forIntrospection, Boolean suppressSecurityChecks)
   en System.Reflection.RuntimeAssembly.InternalLoadAssemblyName(AssemblyName assemblyRef, Evidence assemblySecurity, RuntimeAssembly reqAssembly, StackCrawlMark& stackMark, IntPtr pPrivHostBinder, Boolean throwOnFileNotFound, Boolean forIntrospection, Boolean suppressSecurityChecks)
   en System.Reflection.Assembly.Load(AssemblyName assemblyRef)
   en Microsoft.VisualStudio.TestPlatform.Common.ExtensionFramework.TestPluginCache.CurrentDomainAssemblyResolve(Object sender, AssemblyResolveEventArgs args) en /_/src/Microsoft.TestPlatform.Common/ExtensionFramework/TestPluginCache.cs:línea 514
   en System.AppDomain.OnAssemblyResolveEvent(RuntimeAssembly assembly, String assemblyFullName)

El administrador de ensamblados se cargó desde:  C:\Windows\Microsoft.NET\Framework64\v4.0.30319\clr.dll
Ejecución bajo archivo ejecutable  C:\Program Files\dotnet\sdk\9.0.305\TestHostNetFramework\testhost.net48.exe
--- Registro de errores detallado. 

=== Información de estado anterior al enlace ===
LOG: DisplayName = System.Threading.Tasks.Extensions, Version=4.2.0.1, Culture=neutral, PublicKeyToken=cc7b13ffcd2ddd51
 (Fully-specified)
LOG: Appbase = file:///C:/Program Files/dotnet/sdk/9.0.305/TestHostNetFramework/
LOG: PrivatePath inicial = NULL
Ensamblado de llamada : Microsoft.VisualStudio.TestPlatform.Common, Version=15.0.0.0, Culture=neutral, PublicKeyToken=b03f5f7f11d50a3a.
===
LOG: Este enlace empieza en el contexto de carga default.
LOG: Utilización del archivo de configuración de la aplicación: C:\Program Files\dotnet\sdk\9.0.305\TestHostNetFramework\testhost.net48.exe.Config
LOG: Utilizando el archivo de configuración de host: 
LOG: Utilizando el archivo de configuración del equipo en C:\Windows\Microsoft.NET\Framework64\v4.0.30319\config\machine.config.
LOG: Referencia posterior a la directiva: System.Threading.Tasks.Extensions, Version=4.2.0.1, Culture=neutral, PublicKeyToken=cc7b13ffcd2ddd51
LOG: Intento de descarga de la nueva dirección URL file:///C:/Program Files/dotnet/sdk/9.0.305/TestHostNetFramework/System.Threading.Tasks.Extensions.DLL.
LOG: Intento de descarga de la nueva dirección URL file:///C:/Program Files/dotnet/sdk/9.0.305/TestHostNetFramework/System.Threading.Tasks.Extensions/System.Threading.Tasks.Extensions.DLL.
LOG: Intento de descarga de la nueva dirección URL file:///C:/Program Files/dotnet/sdk/9.0.305/TestHostNetFramework/Extensions/System.Threading.Tasks.Extensions.DLL.
LOG: Intento de descarga de la nueva dirección URL file:///C:/Program Files/dotnet/sdk/9.0.305/TestHostNetFramework/Extensions/System.Threading.Tasks.Extensions/System.Threading.Tasks.Extensions.DLL.
LOG: Intento de descarga de la nueva dirección URL file:///C:/Program Files/dotnet/sdk/9.0.305/TestHostNetFramework/System.Threading.Tasks.Extensions.EXE.
LOG: Intento de descarga de la nueva dirección URL file:///C:/Program Files/dotnet/sdk/9.0.305/TestHostNetFramework/System.Threading.Tasks.Extensions/System.Threading.Tasks.Extensions.EXE.
LOG: Intento de descarga de la nueva dirección URL file:///C:/Program Files/dotnet/sdk/9.0.305/TestHostNetFramework/Extensions/System.Threading.Tasks.Extensions.EXE.
LOG: Intento de descarga de la nueva dirección URL file:///C:/Program Files/dotnet/sdk/9.0.305/TestHostNetFramework/Extensions/System.Threading.Tasks.Extensions/System.Threading.Tasks.Extensions.EXE.

TpTrace Warning: 0 : 37048, 3, 2026/01/30, 16:37:16.255, 302472850591, testhost.net48.exe, LoaderExceptions: System.IO.FileNotFoundException: No se puede cargar el archivo o ensamblado 'System.Threading.Tasks.Extensions, Version=4.2.0.1, Culture=neutral, PublicKeyToken=cc7b13ffcd2ddd51' ni una de sus dependencias. El sistema no puede encontrar el archivo especificado.
Nombre de archivo: 'System.Threading.Tasks.Extensions, Version=4.2.0.1, Culture=neutral, PublicKeyToken=cc7b13ffcd2ddd51'
   en System.Reflection.RuntimeAssembly._nLoad(AssemblyName fileName, String codeBase, Evidence assemblySecurity, RuntimeAssembly locationHint, StackCrawlMark& stackMark, IntPtr pPrivHostBinder, Boolean throwOnFileNotFound, Boolean forIntrospection, Boolean suppressSecurityChecks)
   en System.Reflection.RuntimeAssembly.InternalLoadAssemblyName(AssemblyName assemblyRef, Evidence assemblySecurity, RuntimeAssembly reqAssembly, StackCrawlMark& stackMark, IntPtr pPrivHostBinder, Boolean throwOnFileNotFound, Boolean forIntrospection, Boolean suppressSecurityChecks)
   en System.Reflection.Assembly.Load(AssemblyName assemblyRef)
   en Microsoft.VisualStudio.TestPlatform.Common.ExtensionFramework.TestPluginCache.CurrentDomainAssemblyResolve(Object sender, AssemblyResolveEventArgs args) en /_/src/Microsoft.TestPlatform.Common/ExtensionFramework/TestPluginCache.cs:línea 514
   en System.AppDomain.OnAssemblyResolveEvent(RuntimeAssembly assembly, String assemblyFullName)

El administrador de ensamblados se cargó desde:  C:\Windows\Microsoft.NET\Framework64\v4.0.30319\clr.dll
Ejecución bajo archivo ejecutable  C:\Program Files\dotnet\sdk\9.0.305\TestHostNetFramework\testhost.net48.exe
--- Registro de errores detallado. 

=== Información de estado anterior al enlace ===
LOG: DisplayName = System.Threading.Tasks.Extensions, Version=4.2.0.1, Culture=neutral, PublicKeyToken=cc7b13ffcd2ddd51
 (Fully-specified)
LOG: Appbase = file:///C:/Program Files/dotnet/sdk/9.0.305/TestHostNetFramework/
LOG: PrivatePath inicial = NULL
Ensamblado de llamada : Microsoft.VisualStudio.TestPlatform.Common, Version=15.0.0.0, Culture=neutral, PublicKeyToken=b03f5f7f11d50a3a.
===
LOG: Este enlace empieza en el contexto de carga default.
LOG: Utilización del archivo de configuración de la aplicación: C:\Program Files\dotnet\sdk\9.0.305\TestHostNetFramework\testhost.net48.exe.Config
LOG: Utilizando el archivo de configuración de host: 
LOG: Utilizando el archivo de configuración del equipo en C:\Windows\Microsoft.NET\Framework64\v4.0.30319\config\machine.config.
LOG: Referencia posterior a la directiva: System.Threading.Tasks.Extensions, Version=4.2.0.1, Culture=neutral, PublicKeyToken=cc7b13ffcd2ddd51
LOG: Intento de descarga de la nueva dirección URL file:///C:/Program Files/dotnet/sdk/9.0.305/TestHostNetFramework/System.Threading.Tasks.Extensions.DLL.
LOG: Intento de descarga de la nueva dirección URL file:///C:/Program Files/dotnet/sdk/9.0.305/TestHostNetFramework/System.Threading.Tasks.Extensions/System.Threading.Tasks.Extensions.DLL.
LOG: Intento de descarga de la nueva dirección URL file:///C:/Program Files/dotnet/sdk/9.0.305/TestHostNetFramework/Extensions/System.Threading.Tasks.Extensions.DLL.
LOG: Intento de descarga de la nueva dirección URL file:///C:/Program Files/dotnet/sdk/9.0.305/TestHostNetFramework/Extensions/System.Threading.Tasks.Extensions/System.Threading.Tasks.Extensions.DLL.
LOG: Intento de descarga de la nueva dirección URL file:///C:/Program Files/dotnet/sdk/9.0.305/TestHostNetFramework/System.Threading.Tasks.Extensions.EXE.
LOG: Intento de descarga de la nueva dirección URL file:///C:/Program Files/dotnet/sdk/9.0.305/TestHostNetFramework/System.Threading.Tasks.Extensions/System.Threading.Tasks.Extensions.EXE.
LOG: Intento de descarga de la nueva dirección URL file:///C:/Program Files/dotnet/sdk/9.0.305/TestHostNetFramework/Extensions/System.Threading.Tasks.Extensions.EXE.
LOG: Intento de descarga de la nueva dirección URL file:///C:/Program Files/dotnet/sdk/9.0.305/TestHostNetFramework/Extensions/System.Threading.Tasks.Extensions/System.Threading.Tasks.Extensions.EXE.

TpTrace Verbose: 0 : 37048, 3, 2026/01/30, 16:37:16.255, 302472851456, testhost.net48.exe, MetadataReaderExtensionsHelper: Discovering extensions inside assembly 'Microsoft.TestPlatform.Extensions.BlameDataCollector, Version=15.0.0.0, Culture=neutral, PublicKeyToken=b03f5f7f11d50a3a' file path 'C:\Program Files\dotnet\sdk\9.0.305\Extensions\Microsoft.TestPlatform.Extensions.BlameDataCollector.dll'
TpTrace Verbose: 0 : 37048, 3, 2026/01/30, 16:37:16.270, 302473013354, testhost.net48.exe, MetadataReaderExtensionsHelper: Discovering extensions inside assembly 'Microsoft.TestPlatform.Extensions.EventLogCollector, Version=15.0.0.0, Culture=neutral, PublicKeyToken=b03f5f7f11d50a3a' file path 'C:\Program Files\dotnet\sdk\9.0.305\Extensions\Microsoft.TestPlatform.Extensions.EventLogCollector.dll'
TpTrace Verbose: 0 : 37048, 3, 2026/01/30, 16:37:16.283, 302473121055, testhost.net48.exe, MetadataReaderExtensionsHelper: Discovering extensions inside assembly 'Microsoft.TestPlatform.TestHostRuntimeProvider, Version=15.0.0.0, Culture=neutral, PublicKeyToken=b03f5f7f11d50a3a' file path 'C:\Program Files\dotnet\sdk\9.0.305\Extensions\Microsoft.TestPlatform.TestHostRuntimeProvider.dll'
TpTrace Verbose: 0 : 37048, 3, 2026/01/30, 16:37:16.287, 302473170618, testhost.net48.exe, MetadataReaderExtensionsHelper: Discovering extensions inside assembly 'Microsoft.VisualStudio.TestPlatform.Extensions.Html.TestLogger, Version=15.0.0.0, Culture=neutral, PublicKeyToken=b03f5f7f11d50a3a' file path 'C:\Program Files\dotnet\sdk\9.0.305\Extensions\Microsoft.VisualStudio.TestPlatform.Extensions.Html.TestLogger.dll'
TpTrace Verbose: 0 : 37048, 3, 2026/01/30, 16:37:16.292, 302473220346, testhost.net48.exe, MetadataReaderExtensionsHelper: Discovering extensions inside assembly 'Microsoft.VisualStudio.TestPlatform.Extensions.Trx.TestLogger, Version=15.0.0.0, Culture=neutral, PublicKeyToken=b03f5f7f11d50a3a' file path 'C:\Program Files\dotnet\sdk\9.0.305\Extensions\Microsoft.VisualStudio.TestPlatform.Extensions.Trx.TestLogger.dll'
TpTrace Verbose: 0 : 37048, 3, 2026/01/30, 16:37:16.297, 302473265271, testhost.net48.exe, TestPluginCache: Discovered the extensions using extension path ''.
TpTrace Verbose: 0 : 37048, 3, 2026/01/30, 16:37:16.297, 302473265975, testhost.net48.exe, TestPluginCache: Discoverers are ''.
TpTrace Verbose: 0 : 37048, 3, 2026/01/30, 16:37:16.297, 302473266137, testhost.net48.exe, TestPluginCache: Executors are ''.
TpTrace Verbose: 0 : 37048, 3, 2026/01/30, 16:37:16.297, 302473266280, testhost.net48.exe, TestPluginCache: Executors2 are ''.
TpTrace Verbose: 0 : 37048, 3, 2026/01/30, 16:37:16.297, 302473266415, testhost.net48.exe, TestPluginCache: Setting providers are ''.
TpTrace Verbose: 0 : 37048, 3, 2026/01/30, 16:37:16.297, 302473266546, testhost.net48.exe, TestPluginCache: Loggers are ''.
TpTrace Verbose: 0 : 37048, 3, 2026/01/30, 16:37:16.297, 302473266687, testhost.net48.exe, TestPluginCache: TestHosts are ''.
TpTrace Verbose: 0 : 37048, 3, 2026/01/30, 16:37:16.297, 302473266820, testhost.net48.exe, TestPluginCache: DataCollectors are ''.
TpTrace Warning: 0 : 37048, 3, 2026/01/30, 16:37:16.298, 302473273623, testhost.net48.exe, No hay ninguna prueba disponible en C:\Proyectos\Code - Logger\ModularisTestUnitTests\bin\Debug\ModularisTestUnitTests.dll. Asegúrese de que los detectores y ejecutores de pruebas están registrados y de que la configuración de versión de la plataforma y de Framework es correcta y vuelva a intentarlo.
TpTrace Verbose: 0 : 37048, 3, 2026/01/30, 16:37:16.298, 302473274426, testhost.net48.exe, TestRequestHandler.SendData: sending data from testhost: {"Version":7,"MessageType":"TestSession.Message","Payload":{"MessageLevel":1,"Message":"No hay ninguna prueba disponible en C:\\Proyectos\\Code - Logger\\ModularisTestUnitTests\\bin\\Debug\\ModularisTestUnitTests.dll. Asegúrese de que los detectores y ejecutores de pruebas están registrados y de que la configuración de versión de la plataforma y de Framework es correcta y vuelva a intentarlo."}}
TpTrace Verbose: 0 : 37048, 3, 2026/01/30, 16:37:16.298, 302473275306, testhost.net48.exe, MulticastDelegateUtilities.SafeInvoke: TestRunMessageLoggerProxy.SendMessage: Invoking callback 1/1 for Microsoft.VisualStudio.TestPlatform.CrossPlatEngine.Execution.RunTestsWithSources., took 0 ms.
TpTrace Information: 0 : 37048, 3, 2026/01/30, 16:37:16.307, 302473376540, testhost.net48.exe, Sending test run complete
TpTrace Verbose: 0 : 37048, 3, 2026/01/30, 16:37:16.321, 302473509399, testhost.net48.exe, TestRequestHandler.SendData: sending data from testhost: {"Version":7,"MessageType":"TestExecution.Completed","Payload":{"TestRunCompleteArgs":{"TestRunStatistics":{"ExecutedTests":0,"Stats":{}},"IsCanceled":false,"IsAborted":false,"Error":null,"AttachmentSets":[],"InvokedDataCollectors":[],"ElapsedTimeInRunningTests":"00:00:00.0039903","Metrics":{},"DiscoveredExtensions":{"TestDiscoverers":[],"TestExecutors":[],"TestExecutors2":[],"TestSettingsProviders":[]}},"LastRunTests":{"NewTestResults":[],"TestRunStatistics":{"ExecutedTests":0,"Stats":{}},"ActiveTests":[]},"RunAttachments":[],"ExecutorUris":[]}}
TpTrace Verbose: 0 : 37048, 3, 2026/01/30, 16:37:16.321, 302473512657, testhost.net48.exe, BaseRunTests.RunTests: Run is complete.
TpTrace Verbose: 0 : 37048, 8, 2026/01/30, 16:37:16.322, 302473516945, testhost.net48.exe, TcpClientExtensions.MessageLoopAsync: NotifyDataAvailable remoteEndPoint: 127.0.0.1:62234 localEndPoint: 127.0.0.1:62235
TpTrace Information: 0 : 37048, 8, 2026/01/30, 16:37:16.322, 302473517769, testhost.net48.exe, TestRequestHandler.OnMessageReceived: received message: (TestSession.Terminate) -> {"MessageType":"TestSession.Terminate","Payload":null}
TpTrace Information: 0 : 37048, 8, 2026/01/30, 16:37:16.322, 302473517948, testhost.net48.exe, Session End message received from server. Closing the connection.
TpTrace Information: 0 : 37048, 8, 2026/01/30, 16:37:16.322, 302473521958, testhost.net48.exe, SocketClient.Stop: Stop communication from server endpoint: 127.0.0.1:062234
TpTrace Information: 0 : 37048, 8, 2026/01/30, 16:37:16.322, 302473522402, testhost.net48.exe, SocketClient: Stop: Cancellation requested. Stopping message loop.
TpTrace Information: 0 : 37048, 1, 2026/01/30, 16:37:16.322, 302473522817, testhost.net48.exe, SocketClient.Stop: Stop communication from server endpoint: 127.0.0.1:062234
TpTrace Information: 0 : 37048, 1, 2026/01/30, 16:37:16.322, 302473523317, testhost.net48.exe, SocketClient: Stop: Cancellation requested. Stopping message loop.
TpTrace Verbose: 0 : 37048, 1, 2026/01/30, 16:37:16.322, 302473523785, testhost.net48.exe, LengthPrefixCommunicationChannel.Dispose: Dispose reader and writer.
TpTrace Verbose: 0 : 37048, 8, 2026/01/30, 16:37:16.322, 302473523778, testhost.net48.exe, LengthPrefixCommunicationChannel.Dispose: Dispose reader and writer.
TpTrace Information: 0 : 37048, 8, 2026/01/30, 16:37:16.322, 302473524343, testhost.net48.exe, Closing the connection !
TpTrace Information: 0 : 37048, 1, 2026/01/30, 16:37:16.322, 302473524427, testhost.net48.exe, Testhost process exiting.
TpTrace Verbose: 0 : 37048, 8, 2026/01/30, 16:37:16.322, 302473524549, testhost.net48.exe, MulticastDelegateUtilities.SafeInvoke: LengthPrefixCommunicationChannel: MessageReceived: Invoking callback 1/1 for Microsoft.VisualStudio.TestPlatform.CommunicationUtilities.TestRequestHandler., took 0 ms.
