TpTrace Verbose: 0 : 30080, 2, 2026/01/30, 16:37:14.870, 302458996550, vstest.console.dll, Version: 17.14.1-release-25411-02 Current process architecture: X64
TpTrace Verbose: 0 : 30080, 2, 2026/01/30, 16:37:14.874, 302459035743, vstest.console.dll, Runtime location: C:\Program Files\dotnet\shared\Microsoft.NETCore.App\9.0.9
TpTrace Information: 0 : 30080, 2, 2026/01/30, 16:37:14.876, 302459053252, vstest.console.dll, Using .Net Framework version:.NETFramework,Version=v4.8
TpTrace Verbose: 0 : 30080, 2, 2026/01/30, 16:37:14.876, 302459054765, vstest.console.dll, ArtifactProcessingPostProcessModeProcessorExecutor.Initialize: ArtifactProcessingMode.Collect
TpTrace Verbose: 0 : 30080, 2, 2026/01/30, 16:37:14.876, 302459055372, vstest.console.dll, TestSessionCorrelationIdProcessorModeProcessorExecutor.Initialize: TestSessionCorrelationId '34464_b9502def-e062-49c5-9047-5edd044a628a'
TpTrace Information: 0 : 30080, 2, 2026/01/30, 16:37:14.879, 302459080219, vstest.console.dll, FilePatternParser: The given file C:\Proyectos\Code - Logger\ModularisTestUnitTests\bin\Debug\ModularisTestUnitTests.dll is a full path.
TpTrace Verbose: 0 : 30080, 2, 2026/01/30, 16:37:14.882, 302459118583, vstest.console.dll, TestPluginCache.DiscoverTestExtensions: finding test extensions in assemblies ends with: RuntimeProvider.dll TPluginInfo: Microsoft.VisualStudio.TestPlatform.Common.ExtensionFramework.Utilities.TestRuntimePluginInformation TExtension: Microsoft.VisualStudio.TestPlatform.ObjectModel.Host.ITestRuntimeProvider
TpTrace Verbose: 0 : 30080, 2, 2026/01/30, 16:37:14.884, 302459131579, vstest.console.dll, TestPluginCache.GetExtensionPaths: Filtered extension paths: 
TpTrace Verbose: 0 : 30080, 2, 2026/01/30, 16:37:14.884, 302459133207, vstest.console.dll, TestPluginCache.GetExtensionPaths: Added default extension paths: C:\Program Files\dotnet\sdk\9.0.305\Extensions\Microsoft.Diagnostics.NETCore.Client.dll
C:\Program Files\dotnet\sdk\9.0.305\Extensions\Microsoft.TestPlatform.Extensions.BlameDataCollector.dll
C:\Program Files\dotnet\sdk\9.0.305\Extensions\Microsoft.TestPlatform.Extensions.EventLogCollector.dll
C:\Program Files\dotnet\sdk\9.0.305\Extensions\Microsoft.TestPlatform.TestHostRuntimeProvider.dll
C:\Program Files\dotnet\sdk\9.0.305\Extensions\Microsoft.VisualStudio.TestPlatform.Extensions.Html.TestLogger.dll
C:\Program Files\dotnet\sdk\9.0.305\Extensions\Microsoft.VisualStudio.TestPlatform.Extensions.Trx.TestLogger.dll
TpTrace Verbose: 0 : 30080, 2, 2026/01/30, 16:37:14.884, 302459133505, vstest.console.dll, TestPluginCache.GetExtensionPaths: Added unfilterableExtensionPaths: 
TpTrace Information: 0 : 30080, 2, 2026/01/30, 16:37:14.885, 302459140075, vstest.console.dll, AssemblyResolver.ctor: Creating AssemblyResolver with searchDirectories C:\Program Files\dotnet\sdk\9.0.305\Extensions,C:\Program Files\dotnet\sdk\9.0.305
TpTrace Verbose: 0 : 30080, 2, 2026/01/30, 16:37:14.885, 302459148589, vstest.console.dll, TestPluginCache.DiscoverTestExtensions: Discovering the extensions using extension path.
TpTrace Verbose: 0 : 30080, 2, 2026/01/30, 16:37:14.886, 302459149793, vstest.console.dll, TestPluginCache.GetExtensionPaths: Filtered extension paths: 
TpTrace Verbose: 0 : 30080, 2, 2026/01/30, 16:37:14.886, 302459150106, vstest.console.dll, TestPluginCache.GetExtensionPaths: Added default extension paths: C:\Program Files\dotnet\sdk\9.0.305\Extensions\Microsoft.Diagnostics.NETCore.Client.dll
C:\Program Files\dotnet\sdk\9.0.305\Extensions\Microsoft.TestPlatform.Extensions.BlameDataCollector.dll
C:\Program Files\dotnet\sdk\9.0.305\Extensions\Microsoft.TestPlatform.Extensions.EventLogCollector.dll
C:\Program Files\dotnet\sdk\9.0.305\Extensions\Microsoft.TestPlatform.TestHostRuntimeProvider.dll
C:\Program Files\dotnet\sdk\9.0.305\Extensions\Microsoft.VisualStudio.TestPlatform.Extensions.Html.TestLogger.dll
C:\Program Files\dotnet\sdk\9.0.305\Extensions\Microsoft.VisualStudio.TestPlatform.Extensions.Trx.TestLogger.dll
TpTrace Verbose: 0 : 30080, 2, 2026/01/30, 16:37:14.886, 302459150249, vstest.console.dll, TestPluginCache.GetExtensionPaths: Added unfilterableExtensionPaths: 
TpTrace Verbose: 0 : 30080, 2, 2026/01/30, 16:37:14.886, 302459151096, vstest.console.dll, TestPluginCache.DiscoverTestExtensions: Discovering the extensions using allExtensionPaths: C:\Program Files\dotnet\sdk\9.0.305\Extensions\Microsoft.Diagnostics.NETCore.Client.dll
C:\Program Files\dotnet\sdk\9.0.305\Extensions\Microsoft.TestPlatform.Extensions.BlameDataCollector.dll
C:\Program Files\dotnet\sdk\9.0.305\Extensions\Microsoft.TestPlatform.Extensions.EventLogCollector.dll
C:\Program Files\dotnet\sdk\9.0.305\Extensions\Microsoft.TestPlatform.TestHostRuntimeProvider.dll
C:\Program Files\dotnet\sdk\9.0.305\Extensions\Microsoft.VisualStudio.TestPlatform.Extensions.Html.TestLogger.dll
C:\Program Files\dotnet\sdk\9.0.305\Extensions\Microsoft.VisualStudio.TestPlatform.Extensions.Trx.TestLogger.dll
TpTrace Information: 0 : 30080, 2, 2026/01/30, 16:37:14.886, 302459151901, vstest.console.dll, AssemblyResolver.AddSearchDirectories: Adding more searchDirectories C:\Program Files\dotnet\sdk\9.0.305\Extensions,C:\Program Files\dotnet\sdk\9.0.305
TpTrace Information: 0 : 30080, 2, 2026/01/30, 16:37:14.886, 302459152190, vstest.console.dll, AssemblyResolver.AddSearchDirectories: Adding more searchDirectories C:\Program Files\dotnet\sdk\9.0.305\Extensions,C:\Program Files\dotnet\sdk\9.0.305
TpTrace Information: 0 : 30080, 2, 2026/01/30, 16:37:14.886, 302459152379, vstest.console.dll, AssemblyResolver.AddSearchDirectories: Adding more searchDirectories C:\Program Files\dotnet\sdk\9.0.305\Extensions,C:\Program Files\dotnet\sdk\9.0.305
TpTrace Information: 0 : 30080, 2, 2026/01/30, 16:37:14.886, 302459152506, vstest.console.dll, AssemblyResolver.AddSearchDirectories: Adding more searchDirectories C:\Program Files\dotnet\sdk\9.0.305\Extensions,C:\Program Files\dotnet\sdk\9.0.305
TpTrace Information: 0 : 30080, 2, 2026/01/30, 16:37:14.886, 302459152695, vstest.console.dll, AssemblyResolver.AddSearchDirectories: Adding more searchDirectories C:\Program Files\dotnet\sdk\9.0.305\Extensions,C:\Program Files\dotnet\sdk\9.0.305
TpTrace Information: 0 : 30080, 2, 2026/01/30, 16:37:14.886, 302459152823, vstest.console.dll, AssemblyResolver.AddSearchDirectories: Adding more searchDirectories C:\Program Files\dotnet\sdk\9.0.305\Extensions,C:\Program Files\dotnet\sdk\9.0.305
TpTrace Information: 0 : 30080, 2, 2026/01/30, 16:37:14.886, 302459155462, vstest.console.dll, AssemblyResolver.OnResolve: Microsoft.Diagnostics.NETCore.Client: Resolving assembly.
TpTrace Information: 0 : 30080, 2, 2026/01/30, 16:37:14.886, 302459156084, vstest.console.dll, AssemblyResolver.OnResolve: Microsoft.Diagnostics.NETCore.Client: Searching in: 'C:\Program Files\dotnet\sdk\9.0.305\Extensions'.
TpTrace Information: 0 : 30080, 2, 2026/01/30, 16:37:14.896, 302459250546, vstest.console.dll, AssemblyResolver.OnResolve: Microsoft.Diagnostics.NETCore.Client: Loading assembly 'C:\Program Files\dotnet\sdk\9.0.305\Extensions\Microsoft.Diagnostics.NETCore.Client.dll'.
TpTrace Information: 0 : 30080, 2, 2026/01/30, 16:37:14.896, 302459256567, vstest.console.dll, AssemblyResolver.OnResolve: Resolved assembly: Microsoft.Diagnostics.NETCore.Client, from path: C:\Program Files\dotnet\sdk\9.0.305\Extensions\Microsoft.Diagnostics.NETCore.Client.dll
TpTrace Verbose: 0 : 30080, 2, 2026/01/30, 16:37:14.897, 302459264008, vstest.console.dll, MetadataReaderExtensionsHelper: Discovering extensions inside assembly 'Microsoft.Diagnostics.NETCore.Client, Version=0.2.12.17301, Culture=neutral, PublicKeyToken=31bf3856ad364e35' file path 'C:\Program Files\dotnet\sdk\9.0.305\Extensions\Microsoft.Diagnostics.NETCore.Client.dll'
TpTrace Information: 0 : 30080, 2, 2026/01/30, 16:37:14.898, 302459276676, vstest.console.dll, AssemblyResolver.OnResolve: Microsoft.Bcl.AsyncInterfaces: Resolving assembly.
TpTrace Information: 0 : 30080, 2, 2026/01/30, 16:37:14.898, 302459277697, vstest.console.dll, AssemblyResolver.OnResolve: Microsoft.Bcl.AsyncInterfaces: Searching in: 'C:\Program Files\dotnet\sdk\9.0.305\Extensions'.
TpTrace Information: 0 : 30080, 2, 2026/01/30, 16:37:14.898, 302459278432, vstest.console.dll, AssemblyResolver.OnResolve: Microsoft.Bcl.AsyncInterfaces: Assembly path does not exist: 'C:\Program Files\dotnet\sdk\9.0.305\Extensions\Microsoft.Bcl.AsyncInterfaces.dll', returning.
TpTrace Information: 0 : 30080, 2, 2026/01/30, 16:37:14.898, 302459279302, vstest.console.dll, AssemblyResolver.OnResolve: Microsoft.Bcl.AsyncInterfaces: Assembly path does not exist: 'C:\Program Files\dotnet\sdk\9.0.305\Extensions\Microsoft.Bcl.AsyncInterfaces.exe', returning.
TpTrace Information: 0 : 30080, 2, 2026/01/30, 16:37:14.898, 302459279488, vstest.console.dll, AssemblyResolver.OnResolve: Microsoft.Bcl.AsyncInterfaces: Searching in: 'C:\Program Files\dotnet\sdk\9.0.305'.
TpTrace Information: 0 : 30080, 2, 2026/01/30, 16:37:14.899, 302459279884, vstest.console.dll, AssemblyResolver.OnResolve: Microsoft.Bcl.AsyncInterfaces: Assembly path does not exist: 'C:\Program Files\dotnet\sdk\9.0.305\Microsoft.Bcl.AsyncInterfaces.dll', returning.
TpTrace Information: 0 : 30080, 2, 2026/01/30, 16:37:14.899, 302459280133, vstest.console.dll, AssemblyResolver.OnResolve: Microsoft.Bcl.AsyncInterfaces: Assembly path does not exist: 'C:\Program Files\dotnet\sdk\9.0.305\Microsoft.Bcl.AsyncInterfaces.exe', returning.
TpTrace Information: 0 : 30080, 2, 2026/01/30, 16:37:14.899, 302459280259, vstest.console.dll, AssemblyResolver.OnResolve: Microsoft.Bcl.AsyncInterfaces: Failed to load assembly.
TpTrace Verbose: 0 : 30080, 2, 2026/01/30, 16:37:14.899, 302459280653, vstest.console.dll, CurrentDomainAssemblyResolve: Resolving assembly 'Microsoft.Bcl.AsyncInterfaces'.
TpTrace Information: 0 : 30080, 2, 2026/01/30, 16:37:14.899, 302459281077, vstest.console.dll, AssemblyResolver.OnResolve: Microsoft.Bcl.AsyncInterfaces: Resolving assembly.
TpTrace Information: 0 : 30080, 2, 2026/01/30, 16:37:14.899, 302459281269, vstest.console.dll, AssemblyResolver.OnResolve: Microsoft.Bcl.AsyncInterfaces: Resolved from cache.
TpTrace Verbose: 0 : 30080, 2, 2026/01/30, 16:37:14.899, 302459281404, vstest.console.dll, CurrentDomainAssemblyResolve: Resolving assembly 'Microsoft.Bcl.AsyncInterfaces'.
TpTrace Verbose: 0 : 30080, 2, 2026/01/30, 16:37:14.899, 302459281561, vstest.console.dll, CurrentDomainAssemblyResolve: Failed to resolve assembly 'Microsoft.Bcl.AsyncInterfaces'.
TpTrace Verbose: 0 : 30080, 2, 2026/01/30, 16:37:14.899, 302459286894, vstest.console.dll, CurrentDomainAssemblyResolve: Failed to resolve assembly 'Microsoft.Bcl.AsyncInterfaces'.
TpTrace Information: 0 : 30080, 2, 2026/01/30, 16:37:14.901, 302459304134, vstest.console.dll, AssemblyResolver.OnResolve: Microsoft.Bcl.AsyncInterfaces: Resolving assembly.
TpTrace Information: 0 : 30080, 2, 2026/01/30, 16:37:14.901, 302459304883, vstest.console.dll, AssemblyResolver.OnResolve: Microsoft.Bcl.AsyncInterfaces: Resolved from cache.
TpTrace Verbose: 0 : 30080, 2, 2026/01/30, 16:37:14.901, 302459305083, vstest.console.dll, CurrentDomainAssemblyResolve: Resolving assembly 'Microsoft.Bcl.AsyncInterfaces'.
TpTrace Verbose: 0 : 30080, 2, 2026/01/30, 16:37:14.901, 302459305206, vstest.console.dll, CurrentDomainAssemblyResolve: Failed to resolve assembly 'Microsoft.Bcl.AsyncInterfaces'.
TpTrace Warning: 0 : 30080, 2, 2026/01/30, 16:37:14.909, 302459382177, vstest.console.dll, TestPluginDiscoverer: Failed to get types from assembly 'Microsoft.Diagnostics.NETCore.Client, Version=0.2.12.17301, Culture=neutral, PublicKeyToken=31bf3856ad364e35'. Error: System.Reflection.ReflectionTypeLoadException: Unable to load one or more of the requested types.
Could not load file or assembly 'Microsoft.Bcl.AsyncInterfaces, Version=6.0.0.0, Culture=neutral, PublicKeyToken=cc7b13ffcd2ddd51'. El sistema no puede encontrar el archivo especificado.
Could not load file or assembly 'Microsoft.Bcl.AsyncInterfaces, Version=6.0.0.0, Culture=neutral, PublicKeyToken=cc7b13ffcd2ddd51'. El sistema no puede encontrar el archivo especificado.
   at System.Reflection.RuntimeModule.GetDefinedTypes()
   at System.Reflection.RuntimeModule.GetTypes()
   at Microsoft.VisualStudio.TestPlatform.Common.ExtensionFramework.TestPluginDiscoverer.GetTestExtensionsFromAssembly[TPluginInfo,TExtension](Assembly assembly, Dictionary`2 pluginInfos, String filePath) in /_/src/Microsoft.TestPlatform.Common/ExtensionFramework/TestPluginDiscoverer.cs:line 159
System.IO.FileNotFoundException: Could not load file or assembly 'Microsoft.Bcl.AsyncInterfaces, Version=6.0.0.0, Culture=neutral, PublicKeyToken=cc7b13ffcd2ddd51'. El sistema no puede encontrar el archivo especificado.
File name: 'Microsoft.Bcl.AsyncInterfaces, Version=6.0.0.0, Culture=neutral, PublicKeyToken=cc7b13ffcd2ddd51'
 ---> System.IO.FileNotFoundException: Could not load file or assembly 'Microsoft.Bcl.AsyncInterfaces, Culture=neutral, PublicKeyToken=null'. El sistema no puede encontrar el archivo especificado.
File name: 'Microsoft.Bcl.AsyncInterfaces, Culture=neutral, PublicKeyToken=null'
   at System.Reflection.RuntimeAssembly.InternalLoad(AssemblyName assemblyName, StackCrawlMark& stackMark, AssemblyLoadContext assemblyLoadContext, RuntimeAssembly requestingAssembly, Boolean throwOnFileNotFound)
   at System.Reflection.Assembly.Load(AssemblyName assemblyRef)
   at Microsoft.VisualStudio.TestPlatform.Common.ExtensionFramework.TestPluginCache.CurrentDomainAssemblyResolve(Object sender, AssemblyResolveEventArgs args) in /_/src/Microsoft.TestPlatform.Common/ExtensionFramework/TestPluginCache.cs:line 514
   at System.Runtime.Loader.AssemblyLoadContext.GetFirstResolvedAssemblyFromResolvingEvent(AssemblyName assemblyName)
   at System.Runtime.Loader.AssemblyLoadContext.ResolveUsingEvent(AssemblyName assemblyName)
   at System.Runtime.Loader.AssemblyLoadContext.ResolveUsingResolvingEvent(IntPtr gchManagedAssemblyLoadContext, AssemblyName assemblyName)
System.IO.FileNotFoundException: Could not load file or assembly 'Microsoft.Bcl.AsyncInterfaces, Version=6.0.0.0, Culture=neutral, PublicKeyToken=cc7b13ffcd2ddd51'. El sistema no puede encontrar el archivo especificado.
File name: 'Microsoft.Bcl.AsyncInterfaces, Version=6.0.0.0, Culture=neutral, PublicKeyToken=cc7b13ffcd2ddd51'
TpTrace Warning: 0 : 30080, 2, 2026/01/30, 16:37:14.909, 302459385590, vstest.console.dll, LoaderExceptions: System.IO.FileNotFoundException: Could not load file or assembly 'Microsoft.Bcl.AsyncInterfaces, Version=6.0.0.0, Culture=neutral, PublicKeyToken=cc7b13ffcd2ddd51'. El sistema no puede encontrar el archivo especificado.
File name: 'Microsoft.Bcl.AsyncInterfaces, Version=6.0.0.0, Culture=neutral, PublicKeyToken=cc7b13ffcd2ddd51'
 ---> System.IO.FileNotFoundException: Could not load file or assembly 'Microsoft.Bcl.AsyncInterfaces, Culture=neutral, PublicKeyToken=null'. El sistema no puede encontrar el archivo especificado.
File name: 'Microsoft.Bcl.AsyncInterfaces, Culture=neutral, PublicKeyToken=null'
   at System.Reflection.RuntimeAssembly.InternalLoad(AssemblyName assemblyName, StackCrawlMark& stackMark, AssemblyLoadContext assemblyLoadContext, RuntimeAssembly requestingAssembly, Boolean throwOnFileNotFound)
   at System.Reflection.Assembly.Load(AssemblyName assemblyRef)
   at Microsoft.VisualStudio.TestPlatform.Common.ExtensionFramework.TestPluginCache.CurrentDomainAssemblyResolve(Object sender, AssemblyResolveEventArgs args) in /_/src/Microsoft.TestPlatform.Common/ExtensionFramework/TestPluginCache.cs:line 514
   at System.Runtime.Loader.AssemblyLoadContext.GetFirstResolvedAssemblyFromResolvingEvent(AssemblyName assemblyName)
   at System.Runtime.Loader.AssemblyLoadContext.ResolveUsingEvent(AssemblyName assemblyName)
   at System.Runtime.Loader.AssemblyLoadContext.ResolveUsingResolvingEvent(IntPtr gchManagedAssemblyLoadContext, AssemblyName assemblyName)
TpTrace Warning: 0 : 30080, 2, 2026/01/30, 16:37:14.909, 302459386200, vstest.console.dll, LoaderExceptions: System.IO.FileNotFoundException: Could not load file or assembly 'Microsoft.Bcl.AsyncInterfaces, Version=6.0.0.0, Culture=neutral, PublicKeyToken=cc7b13ffcd2ddd51'. El sistema no puede encontrar el archivo especificado.
File name: 'Microsoft.Bcl.AsyncInterfaces, Version=6.0.0.0, Culture=neutral, PublicKeyToken=cc7b13ffcd2ddd51'
TpTrace Information: 0 : 30080, 2, 2026/01/30, 16:37:14.909, 302459387732, vstest.console.dll, AssemblyResolver.OnResolve: Microsoft.TestPlatform.Extensions.BlameDataCollector: Resolving assembly.
TpTrace Information: 0 : 30080, 2, 2026/01/30, 16:37:14.909, 302459388151, vstest.console.dll, AssemblyResolver.OnResolve: Microsoft.TestPlatform.Extensions.BlameDataCollector: Searching in: 'C:\Program Files\dotnet\sdk\9.0.305\Extensions'.
TpTrace Information: 0 : 30080, 2, 2026/01/30, 16:37:14.910, 302459391783, vstest.console.dll, AssemblyResolver.OnResolve: Microsoft.TestPlatform.Extensions.BlameDataCollector: Loading assembly 'C:\Program Files\dotnet\sdk\9.0.305\Extensions\Microsoft.TestPlatform.Extensions.BlameDataCollector.dll'.
TpTrace Information: 0 : 30080, 2, 2026/01/30, 16:37:14.910, 302459397570, vstest.console.dll, AssemblyResolver.OnResolve: Resolved assembly: Microsoft.TestPlatform.Extensions.BlameDataCollector, from path: C:\Program Files\dotnet\sdk\9.0.305\Extensions\Microsoft.TestPlatform.Extensions.BlameDataCollector.dll
TpTrace Verbose: 0 : 30080, 2, 2026/01/30, 16:37:14.910, 302459398574, vstest.console.dll, MetadataReaderExtensionsHelper: Discovering extensions inside assembly 'Microsoft.TestPlatform.Extensions.BlameDataCollector, Version=15.0.0.0, Culture=neutral, PublicKeyToken=b03f5f7f11d50a3a' file path 'C:\Program Files\dotnet\sdk\9.0.305\Extensions\Microsoft.TestPlatform.Extensions.BlameDataCollector.dll'
TpTrace Information: 0 : 30080, 2, 2026/01/30, 16:37:14.912, 302459410503, vstest.console.dll, AssemblyResolver.OnResolve: Microsoft.TestPlatform.Extensions.EventLogCollector: Resolving assembly.
TpTrace Information: 0 : 30080, 2, 2026/01/30, 16:37:14.912, 302459411951, vstest.console.dll, AssemblyResolver.OnResolve: Microsoft.TestPlatform.Extensions.EventLogCollector: Searching in: 'C:\Program Files\dotnet\sdk\9.0.305\Extensions'.
TpTrace Information: 0 : 30080, 2, 2026/01/30, 16:37:14.912, 302459415048, vstest.console.dll, AssemblyResolver.OnResolve: Microsoft.TestPlatform.Extensions.EventLogCollector: Loading assembly 'C:\Program Files\dotnet\sdk\9.0.305\Extensions\Microsoft.TestPlatform.Extensions.EventLogCollector.dll'.
TpTrace Information: 0 : 30080, 2, 2026/01/30, 16:37:14.912, 302459419270, vstest.console.dll, AssemblyResolver.OnResolve: Resolved assembly: Microsoft.TestPlatform.Extensions.EventLogCollector, from path: C:\Program Files\dotnet\sdk\9.0.305\Extensions\Microsoft.TestPlatform.Extensions.EventLogCollector.dll
TpTrace Verbose: 0 : 30080, 2, 2026/01/30, 16:37:14.913, 302459419955, vstest.console.dll, MetadataReaderExtensionsHelper: Discovering extensions inside assembly 'Microsoft.TestPlatform.Extensions.EventLogCollector, Version=15.0.0.0, Culture=neutral, PublicKeyToken=b03f5f7f11d50a3a' file path 'C:\Program Files\dotnet\sdk\9.0.305\Extensions\Microsoft.TestPlatform.Extensions.EventLogCollector.dll'
TpTrace Information: 0 : 30080, 2, 2026/01/30, 16:37:14.914, 302459435629, vstest.console.dll, AssemblyResolver.OnResolve: Microsoft.TestPlatform.TestHostRuntimeProvider: Resolving assembly.
TpTrace Information: 0 : 30080, 2, 2026/01/30, 16:37:14.914, 302459436507, vstest.console.dll, AssemblyResolver.OnResolve: Microsoft.TestPlatform.TestHostRuntimeProvider: Searching in: 'C:\Program Files\dotnet\sdk\9.0.305\Extensions'.
TpTrace Information: 0 : 30080, 2, 2026/01/30, 16:37:14.914, 302459438825, vstest.console.dll, AssemblyResolver.OnResolve: Microsoft.TestPlatform.TestHostRuntimeProvider: Loading assembly 'C:\Program Files\dotnet\sdk\9.0.305\Extensions\Microsoft.TestPlatform.TestHostRuntimeProvider.dll'.
TpTrace Information: 0 : 30080, 2, 2026/01/30, 16:37:14.915, 302459442991, vstest.console.dll, AssemblyResolver.OnResolve: Resolved assembly: Microsoft.TestPlatform.TestHostRuntimeProvider, from path: C:\Program Files\dotnet\sdk\9.0.305\Extensions\Microsoft.TestPlatform.TestHostRuntimeProvider.dll
TpTrace Verbose: 0 : 30080, 2, 2026/01/30, 16:37:14.915, 302459443574, vstest.console.dll, MetadataReaderExtensionsHelper: Discovering extensions inside assembly 'Microsoft.TestPlatform.TestHostRuntimeProvider, Version=15.0.0.0, Culture=neutral, PublicKeyToken=b03f5f7f11d50a3a' file path 'C:\Program Files\dotnet\sdk\9.0.305\Extensions\Microsoft.TestPlatform.TestHostRuntimeProvider.dll'
TpTrace Information: 0 : 30080, 2, 2026/01/30, 16:37:14.916, 302459454579, vstest.console.dll, GetTestExtensionFromType: Register extension with identifier data 'HostProvider://DefaultTestHost' and type 'Microsoft.VisualStudio.TestPlatform.CrossPlatEngine.Hosting.DefaultTestHostManager, Microsoft.TestPlatform.TestHostRuntimeProvider, Version=15.0.0.0, Culture=neutral, PublicKeyToken=b03f5f7f11d50a3a' inside file 'C:\Program Files\dotnet\sdk\9.0.305\Extensions\Microsoft.TestPlatform.TestHostRuntimeProvider.dll'
TpTrace Information: 0 : 30080, 2, 2026/01/30, 16:37:14.916, 302459457001, vstest.console.dll, GetTestExtensionFromType: Register extension with identifier data 'HostProvider://DotnetTestHost' and type 'Microsoft.VisualStudio.TestPlatform.CrossPlatEngine.Hosting.DotnetTestHostManager, Microsoft.TestPlatform.TestHostRuntimeProvider, Version=15.0.0.0, Culture=neutral, PublicKeyToken=b03f5f7f11d50a3a' inside file 'C:\Program Files\dotnet\sdk\9.0.305\Extensions\Microsoft.TestPlatform.TestHostRuntimeProvider.dll'
TpTrace Information: 0 : 30080, 2, 2026/01/30, 16:37:14.916, 302459457690, vstest.console.dll, AssemblyResolver.OnResolve: Microsoft.VisualStudio.TestPlatform.Extensions.Html.TestLogger: Resolving assembly.
TpTrace Information: 0 : 30080, 2, 2026/01/30, 16:37:14.916, 302459457958, vstest.console.dll, AssemblyResolver.OnResolve: Microsoft.VisualStudio.TestPlatform.Extensions.Html.TestLogger: Searching in: 'C:\Program Files\dotnet\sdk\9.0.305\Extensions'.
TpTrace Information: 0 : 30080, 2, 2026/01/30, 16:37:14.917, 302459460837, vstest.console.dll, AssemblyResolver.OnResolve: Microsoft.VisualStudio.TestPlatform.Extensions.Html.TestLogger: Loading assembly 'C:\Program Files\dotnet\sdk\9.0.305\Extensions\Microsoft.VisualStudio.TestPlatform.Extensions.Html.TestLogger.dll'.
TpTrace Information: 0 : 30080, 2, 2026/01/30, 16:37:14.917, 302459465997, vstest.console.dll, AssemblyResolver.OnResolve: Resolved assembly: Microsoft.VisualStudio.TestPlatform.Extensions.Html.TestLogger, from path: C:\Program Files\dotnet\sdk\9.0.305\Extensions\Microsoft.VisualStudio.TestPlatform.Extensions.Html.TestLogger.dll
TpTrace Verbose: 0 : 30080, 2, 2026/01/30, 16:37:14.917, 302459466769, vstest.console.dll, MetadataReaderExtensionsHelper: Discovering extensions inside assembly 'Microsoft.VisualStudio.TestPlatform.Extensions.Html.TestLogger, Version=15.0.0.0, Culture=neutral, PublicKeyToken=b03f5f7f11d50a3a' file path 'C:\Program Files\dotnet\sdk\9.0.305\Extensions\Microsoft.VisualStudio.TestPlatform.Extensions.Html.TestLogger.dll'
TpTrace Information: 0 : 30080, 2, 2026/01/30, 16:37:14.918, 302459476797, vstest.console.dll, AssemblyResolver.OnResolve: Microsoft.VisualStudio.TestPlatform.Extensions.Trx.TestLogger: Resolving assembly.
TpTrace Information: 0 : 30080, 2, 2026/01/30, 16:37:14.918, 302459478007, vstest.console.dll, AssemblyResolver.OnResolve: Microsoft.VisualStudio.TestPlatform.Extensions.Trx.TestLogger: Searching in: 'C:\Program Files\dotnet\sdk\9.0.305\Extensions'.
TpTrace Information: 0 : 30080, 2, 2026/01/30, 16:37:14.919, 302459482902, vstest.console.dll, AssemblyResolver.OnResolve: Microsoft.VisualStudio.TestPlatform.Extensions.Trx.TestLogger: Loading assembly 'C:\Program Files\dotnet\sdk\9.0.305\Extensions\Microsoft.VisualStudio.TestPlatform.Extensions.Trx.TestLogger.dll'.
TpTrace Information: 0 : 30080, 2, 2026/01/30, 16:37:14.920, 302459491859, vstest.console.dll, AssemblyResolver.OnResolve: Resolved assembly: Microsoft.VisualStudio.TestPlatform.Extensions.Trx.TestLogger, from path: C:\Program Files\dotnet\sdk\9.0.305\Extensions\Microsoft.VisualStudio.TestPlatform.Extensions.Trx.TestLogger.dll
TpTrace Verbose: 0 : 30080, 2, 2026/01/30, 16:37:14.920, 302459493103, vstest.console.dll, MetadataReaderExtensionsHelper: Discovering extensions inside assembly 'Microsoft.VisualStudio.TestPlatform.Extensions.Trx.TestLogger, Version=15.0.0.0, Culture=neutral, PublicKeyToken=b03f5f7f11d50a3a' file path 'C:\Program Files\dotnet\sdk\9.0.305\Extensions\Microsoft.VisualStudio.TestPlatform.Extensions.Trx.TestLogger.dll'
TpTrace Verbose: 0 : 30080, 2, 2026/01/30, 16:37:14.921, 302459504184, vstest.console.dll, TestPluginCache: Discovered the extensions using extension path ''.
TpTrace Verbose: 0 : 30080, 2, 2026/01/30, 16:37:14.921, 302459504921, vstest.console.dll, TestPluginCache: Discoverers are ''.
TpTrace Verbose: 0 : 30080, 2, 2026/01/30, 16:37:14.921, 302459505072, vstest.console.dll, TestPluginCache: Executors are ''.
TpTrace Verbose: 0 : 30080, 2, 2026/01/30, 16:37:14.921, 302459505188, vstest.console.dll, TestPluginCache: Executors2 are ''.
TpTrace Verbose: 0 : 30080, 2, 2026/01/30, 16:37:14.921, 302459505298, vstest.console.dll, TestPluginCache: Setting providers are ''.
TpTrace Verbose: 0 : 30080, 2, 2026/01/30, 16:37:14.921, 302459505411, vstest.console.dll, TestPluginCache: Loggers are ''.
TpTrace Verbose: 0 : 30080, 2, 2026/01/30, 16:37:14.921, 302459506611, vstest.console.dll, TestPluginCache: TestHosts are 'HostProvider://DefaultTestHost,HostProvider://DotnetTestHost'.
TpTrace Verbose: 0 : 30080, 2, 2026/01/30, 16:37:14.921, 302459506876, vstest.console.dll, TestPluginCache: DataCollectors are ''.
TpTrace Information: 0 : 30080, 2, 2026/01/30, 16:37:14.932, 302459610831, vstest.console.dll, RunTestsArgumentProcessor:Execute: Test run is starting.
TpTrace Verbose: 0 : 30080, 2, 2026/01/30, 16:37:14.932, 302459613464, vstest.console.dll, RunTestsArgumentProcessor:Execute: Queuing Test run.
TpTrace Information: 0 : 30080, 2, 2026/01/30, 16:37:14.933, 302459619687, vstest.console.dll, TestRequestManager.RunTests: run tests started.
TpTrace Information: 0 : 30080, 2, 2026/01/30, 16:37:14.935, 302459644212, vstest.console.dll, AssemblyMetadataProvider.GetFrameworkName: Determined framework:'.NETFramework,Version=v4.8' for source: 'C:\Proyectos\Code - Logger\ModularisTestUnitTests\bin\Debug\ModularisTestUnitTests.dll'
TpTrace Information: 0 : 30080, 2, 2026/01/30, 16:37:14.935, 302459646517, vstest.console.dll, Determined framework for all sources: .NETFramework,Version=v4.8
TpTrace Verbose: 0 : 30080, 2, 2026/01/30, 16:37:14.936, 302459656775, vstest.console.dll, TestRequestManager.UpdateRunSettingsIfRequired: Default architecture: X64 IsDefaultTargetArchitecture: True, Current process architecture: X64 OperatingSystem: Windows.
TpTrace Information: 0 : 30080, 2, 2026/01/30, 16:37:14.938, 302459670241, vstest.console.dll, AssemblyMetadataProvider.GetArchitecture: Determined architecture:AnyCPU info for assembly: C:\Proyectos\Code - Logger\ModularisTestUnitTests\bin\Debug\ModularisTestUnitTests.dll
TpTrace Information: 0 : 30080, 2, 2026/01/30, 16:37:14.938, 302459671157, vstest.console.dll, Determined platform for source 'C:\Proyectos\Code - Logger\ModularisTestUnitTests\bin\Debug\ModularisTestUnitTests.dll' was AnyCPU and it will use the default plaform X64.
TpTrace Information: 0 : 30080, 2, 2026/01/30, 16:37:14.938, 302459671327, vstest.console.dll, None of the sources provided any runnable platform, using the default platform: X64
TpTrace Information: 0 : 30080, 2, 2026/01/30, 16:37:14.938, 302459672502, vstest.console.dll, Platform was updated to 'X64'.
TpTrace Information: 0 : 30080, 2, 2026/01/30, 16:37:14.939, 302459684339, vstest.console.dll, Compatible sources list: 
TpTrace Information: 0 : 30080, 2, 2026/01/30, 16:37:14.939, 302459685366, vstest.console.dll, C:\Proyectos\Code - Logger\ModularisTestUnitTests\bin\Debug\ModularisTestUnitTests.dll
TpTrace Information: 0 : 30080, 2, 2026/01/30, 16:37:14.941, 302459707785, vstest.console.dll, InferRunSettingsHelper.IsTestSettingsEnabled: Unable to navigate to RunSettings/MSTest. Current node: RunSettings
TpTrace Information: 0 : 30080, 2, 2026/01/30, 16:37:14.942, 302459714822, vstest.console.dll, AssemblyResolver.OnResolve: Microsoft.VisualStudio.TestPlatform.Fakes: Resolving assembly.
TpTrace Information: 0 : 30080, 2, 2026/01/30, 16:37:14.942, 302459715790, vstest.console.dll, AssemblyResolver.OnResolve: Microsoft.VisualStudio.TestPlatform.Fakes: Searching in: 'C:\Program Files\dotnet\sdk\9.0.305\Extensions'.
TpTrace Information: 0 : 30080, 2, 2026/01/30, 16:37:14.942, 302459716837, vstest.console.dll, AssemblyResolver.OnResolve: Microsoft.VisualStudio.TestPlatform.Fakes: Assembly path does not exist: 'C:\Program Files\dotnet\sdk\9.0.305\Extensions\Microsoft.VisualStudio.TestPlatform.Fakes.dll', returning.
TpTrace Information: 0 : 30080, 2, 2026/01/30, 16:37:14.942, 302459717319, vstest.console.dll, AssemblyResolver.OnResolve: Microsoft.VisualStudio.TestPlatform.Fakes: Assembly path does not exist: 'C:\Program Files\dotnet\sdk\9.0.305\Extensions\Microsoft.VisualStudio.TestPlatform.Fakes.exe', returning.
TpTrace Information: 0 : 30080, 2, 2026/01/30, 16:37:14.942, 302459717506, vstest.console.dll, AssemblyResolver.OnResolve: Microsoft.VisualStudio.TestPlatform.Fakes: Searching in: 'C:\Program Files\dotnet\sdk\9.0.305'.
TpTrace Information: 0 : 30080, 2, 2026/01/30, 16:37:14.942, 302459717916, vstest.console.dll, AssemblyResolver.OnResolve: Microsoft.VisualStudio.TestPlatform.Fakes: Assembly path does not exist: 'C:\Program Files\dotnet\sdk\9.0.305\Microsoft.VisualStudio.TestPlatform.Fakes.dll', returning.
TpTrace Information: 0 : 30080, 2, 2026/01/30, 16:37:14.942, 302459718305, vstest.console.dll, AssemblyResolver.OnResolve: Microsoft.VisualStudio.TestPlatform.Fakes: Assembly path does not exist: 'C:\Program Files\dotnet\sdk\9.0.305\Microsoft.VisualStudio.TestPlatform.Fakes.exe', returning.
TpTrace Information: 0 : 30080, 2, 2026/01/30, 16:37:14.942, 302459718544, vstest.console.dll, AssemblyResolver.OnResolve: Microsoft.VisualStudio.TestPlatform.Fakes: Failed to load assembly.
TpTrace Information: 0 : 30080, 2, 2026/01/30, 16:37:14.943, 302459720861, vstest.console.dll, Failed to load assembly Microsoft.VisualStudio.TestPlatform.Fakes, Version=17.0.0.0, Culture=neutral. Reason:System.IO.FileNotFoundException: Could not load file or assembly 'Microsoft.VisualStudio.TestPlatform.Fakes, Version=17.0.0.0, Culture=neutral, PublicKeyToken=null'. El sistema no puede encontrar el archivo especificado.
File name: 'Microsoft.VisualStudio.TestPlatform.Fakes, Version=17.0.0.0, Culture=neutral, PublicKeyToken=null'
   at System.Reflection.RuntimeAssembly.InternalLoad(AssemblyName assemblyName, StackCrawlMark& stackMark, AssemblyLoadContext assemblyLoadContext, RuntimeAssembly requestingAssembly, Boolean throwOnFileNotFound)
   at System.Reflection.Assembly.Load(AssemblyName assemblyRef)
   at Microsoft.VisualStudio.TestPlatform.Common.Utilities.FakesUtilities.LoadTestPlatformAssembly() in /_/src/Microsoft.TestPlatform.Common/Utilities/FakesUtilities.cs:line 273
TpTrace Verbose: 0 : 30080, 2, 2026/01/30, 16:37:14.947, 302459767446, vstest.console.dll, TestEngine: Initializing Parallel Execution as MaxCpuCount is set to: 1
TpTrace Information: 0 : 30080, 2, 2026/01/30, 16:37:14.948, 302459776980, vstest.console.dll, TestPluginManager.CreateTestExtension: Attempting to load test extension: Microsoft.VisualStudio.TestPlatform.CrossPlatEngine.Hosting.DefaultTestHostManager
TpTrace Verbose: 0 : 30080, 2, 2026/01/30, 16:37:14.949, 302459785970, vstest.console.dll, TestHostManagerCallbacks.ctor: Forwarding output is enabled.
TpTrace Information: 0 : 30080, 2, 2026/01/30, 16:37:14.949, 302459789160, vstest.console.dll, InferRunSettingsHelper.IsTestSettingsEnabled: Unable to navigate to RunSettings/MSTest. Current node: RunSettings
TpTrace Verbose: 0 : 30080, 2, 2026/01/30, 16:37:14.950, 302459792765, vstest.console.dll, ParallelOperationManager.ClearSlots: Clearing all slots. Slots should accept more work: True
TpTrace Verbose: 0 : 30080, 2, 2026/01/30, 16:37:14.950, 302459796797, vstest.console.dll, ParallelOperationManager.SetOccupiedSlotCount: Setting slot counts AvailableSlotCount = 1, OccupiedSlotCount = 0.
TpTrace Verbose: 0 : 30080, 2, 2026/01/30, 16:37:14.950, 302459799342, vstest.console.dll, Occupied slots:

TpTrace Verbose: 0 : 30080, 2, 2026/01/30, 16:37:14.953, 302459821828, vstest.console.dll, TestEngine.GetExecutionManager: Chosen execution manager 'Microsoft.VisualStudio.TestPlatform.CrossPlatEngine.Client.Parallel.ParallelProxyExecutionManager, Microsoft.TestPlatform.CrossPlatEngine, Version=15.0.0.0, Culture=neutral, PublicKeyToken=b03f5f7f11d50a3a' ParallelLevel '1'.
TpTrace Verbose: 0 : 30080, 2, 2026/01/30, 16:37:14.953, 302459824170, vstest.console.dll, TestPlatform.GetSkipDefaultAdapters: Not skipping default adapters SkipDefaultAdapters was false.
TpTrace Verbose: 0 : 30080, 2, 2026/01/30, 16:37:14.953, 302459825031, vstest.console.dll, TestRunRequest.ExecuteAsync: Creating test run request.
TpTrace Verbose: 0 : 30080, 2, 2026/01/30, 16:37:14.953, 302459829136, vstest.console.dll, TestRunRequest.ExecuteAsync: Starting.
TpTrace Information: 0 : 30080, 2, 2026/01/30, 16:37:14.954, 302459836003, vstest.console.dll, TestRunRequest.ExecuteAsync: Starting run with settings:TestRunCriteria:
   KeepAlive=False,FrequencyOfRunStatsChangeEvent=10,RunStatsChangeEventTimeout=00:00:01.5000000,TestCaseFilter=,TestExecutorLauncher=
   Settingsxml=<RunSettings>
  <RunConfiguration>
    <ResultsDirectory>C:\Proyectos\Code - Logger\ModularisTestUnitTests\TestResults</ResultsDirectory>
    <TargetPlatform>X64</TargetPlatform>
    <TargetFrameworkVersion>.NETFramework,Version=v4.8</TargetFrameworkVersion>
    <DesignMode>False</DesignMode>
    <CollectSourceInformation>False</CollectSourceInformation>
  </RunConfiguration>
  <LoggerRunSettings>
    <Loggers>
      <Logger friendlyName="Microsoft.TestPlatform.MSBuildLogger" assemblyQualifiedName="Microsoft.VisualStudio.TestPlatform.CommandLine.Internal.MSBuildLogger, vstest.console, Version=15.0.0.0, Culture=neutral, PublicKeyToken=b03f5f7f11d50a3a" codeBase="C:\Program Files\dotnet\sdk\9.0.305\vstest.console.dll" enabled="True">
        <Configuration>
          <Verbosity>minimal</Verbosity>
        </Configuration>
      </Logger>
    </Loggers>
  </LoggerRunSettings>
</RunSettings>

TpTrace Verbose: 0 : 30080, 2, 2026/01/30, 16:37:14.954, 302459836500, vstest.console.dll, TestRunRequest.ExecuteAsync: Wait for the first run request is over.
TpTrace Verbose: 0 : 30080, 2, 2026/01/30, 16:37:14.954, 302459838742, vstest.console.dll, MulticastDelegateUtilities.SafeInvoke: TestRun.TestRunStart: Invoking callbacks was skipped because there are no subscribers.
TpTrace Verbose: 0 : 30080, 2, 2026/01/30, 16:37:14.955, 302459846348, vstest.console.dll, ParallelProxyExecutionManager: Start execution. Total sources: 1
TpTrace Verbose: 0 : 30080, 2, 2026/01/30, 16:37:14.955, 302459848560, vstest.console.dll, ParallelOperationManager.StartWork: Starting adding 1 workloads.
TpTrace Verbose: 0 : 30080, 2, 2026/01/30, 16:37:14.955, 302459849026, vstest.console.dll, ParallelOperationManager.ClearSlots: Clearing all slots. Slots should accept more work: True
TpTrace Verbose: 0 : 30080, 2, 2026/01/30, 16:37:14.955, 302459849439, vstest.console.dll, ParallelOperationManager.SetOccupiedSlotCount: Setting slot counts AvailableSlotCount = 1, OccupiedSlotCount = 0.
TpTrace Verbose: 0 : 30080, 2, 2026/01/30, 16:37:14.956, 302459849629, vstest.console.dll, Occupied slots:

TpTrace Verbose: 0 : 30080, 2, 2026/01/30, 16:37:14.956, 302459858650, vstest.console.dll, TestHostManagerCallbacks.ctor: Forwarding output is enabled.
TpTrace Verbose: 0 : 30080, 2, 2026/01/30, 16:37:14.957, 302459861215, vstest.console.dll, TestRequestSender is acting as server.
TpTrace Verbose: 0 : 30080, 2, 2026/01/30, 16:37:14.957, 302459864454, vstest.console.dll, ParallelOperationManager.RunWorkInParallel: Adding 1 workload to slot, remaining workloads 0.
TpTrace Verbose: 0 : 30080, 2, 2026/01/30, 16:37:14.957, 302459865299, vstest.console.dll, ParallelOperationManager.SetOccupiedSlotCount: Setting slot counts AvailableSlotCount = 0, OccupiedSlotCount = 1.
TpTrace Verbose: 0 : 30080, 2, 2026/01/30, 16:37:14.957, 302459866176, vstest.console.dll, Occupied slots:
0: C:\Proyectos\Code - Logger\ModularisTestUnitTests\bin\Debug\ModularisTestUnitTests.dll
TpTrace Verbose: 0 : 30080, 2, 2026/01/30, 16:37:14.958, 302459876206, vstest.console.dll, ParallelOperationManager.RunWorkInParallel: Started host in slot number 0 for work (source): C:\Proyectos\Code - Logger\ModularisTestUnitTests\bin\Debug\ModularisTestUnitTests.dll.
TpTrace Verbose: 0 : 30080, 5, 2026/01/30, 16:37:14.959, 302459884311, vstest.console.dll, ParallelProxyExecutionManager.StartTestRunOnConcurrentManager: Initializing uninitialized client. Started clients: 0
TpTrace Verbose: 0 : 30080, 5, 2026/01/30, 16:37:14.959, 302459885359, vstest.console.dll, ParallelProxyExecutionManager.StartTestRunOnConcurrentManager: Initializing test run. Started clients: 0
TpTrace Verbose: 0 : 30080, 5, 2026/01/30, 16:37:14.959, 302459886033, vstest.console.dll, ProxyExecutionManager: Test host is always Lazy initialize.
TpTrace Verbose: 0 : 30080, 2, 2026/01/30, 16:37:14.959, 302459886868, vstest.console.dll, ParallelOperationManager.RunWorkInParallel: We started 1 work items, which is the max parallel level. Won't start more work.
TpTrace Verbose: 0 : 30080, 2, 2026/01/30, 16:37:14.959, 302459887625, vstest.console.dll, ParallelOperationManager.RunWorkInParallel: We started 1 work items in here, returning True.
TpTrace Information: 0 : 30080, 2, 2026/01/30, 16:37:14.959, 302459887853, vstest.console.dll, TestRunRequest.ExecuteAsync: Started.
TpTrace Verbose: 0 : 30080, 5, 2026/01/30, 16:37:14.959, 302459888037, vstest.console.dll, TestRequestSender.InitializeCommunication: initialize communication. 
TpTrace Verbose: 0 : 30080, 2, 2026/01/30, 16:37:14.960, 302459892171, vstest.console.dll, TestRunRequest.WaitForCompletion: Waiting with timeout -1.
TpTrace Information: 0 : 30080, 5, 2026/01/30, 16:37:14.965, 302459949110, vstest.console.dll, SocketServer.Start: Listening on endpoint : 127.0.0.1:62234
TpTrace Verbose: 0 : 30080, 5, 2026/01/30, 16:37:14.971, 302460002930, vstest.console.dll, DefaultTestHostmanager.GetTestHostProcessStartInfo: Trying to use testhost.net48.exe from C:\Program Files\dotnet\sdk\9.0.305\Extensions\..\TestHostNetFramework\testhost.net48.exe
TpTrace Verbose: 0 : 30080, 5, 2026/01/30, 16:37:14.971, 302460005700, vstest.console.dll, Launching default test Host Process C:\Program Files\dotnet\sdk\9.0.305\Extensions\..\TestHostNetFramework\testhost.net48.exe with arguments  --port 62234 --endpoint 127.0.0.1:062234 --role client --parentprocessid 30080 --diag "C:\Proyectos\Code - Logger\ModularisTest\diag.host.26-01-30_16-37-14_97076_5.log" --tracelevel 4 --telemetryoptedin false
TpTrace Verbose: 0 : 30080, 5, 2026/01/30, 16:37:14.971, 302460006032, vstest.console.dll, DefaultTestHostManager: Starting process 'C:\Program Files\dotnet\sdk\9.0.305\Extensions\..\TestHostNetFramework\testhost.net48.exe' with command line ' --port 62234 --endpoint 127.0.0.1:062234 --role client --parentprocessid 30080 --diag "C:\Proyectos\Code - Logger\ModularisTest\diag.host.26-01-30_16-37-14_97076_5.log" --tracelevel 4 --telemetryoptedin false'
TpTrace Verbose: 0 : 30080, 5, 2026/01/30, 16:37:15.010, 302460398879, vstest.console.dll, Test Runtime launched
TpTrace Verbose: 0 : 30080, 5, 2026/01/30, 16:37:15.011, 302460400654, vstest.console.dll, MulticastDelegateUtilities.SafeInvoke: HostProviderEvents.OnHostLaunched: Invoking callback 1/1 for Microsoft.VisualStudio.TestPlatform.CrossPlatEngine.Client.ProxyOperationManager., took 0 ms.
TpTrace Verbose: 0 : 30080, 5, 2026/01/30, 16:37:15.011, 302460404386, vstest.console.dll, TestRequestSender.WaitForRequestHandlerConnection: waiting for connection with timeout: 90000.
TpTrace Verbose: 0 : 30080, 9, 2026/01/30, 16:37:15.449, 302464785231, vstest.console.dll, MulticastDelegateUtilities.SafeInvoke: SocketServer: ClientConnected: Invoking callback 1/1 for Microsoft.VisualStudio.TestPlatform.CommunicationUtilities.TestRequestSender., took 0 ms.
TpTrace Verbose: 0 : 30080, 5, 2026/01/30, 16:37:15.449, 302464785877, vstest.console.dll, TestRequestSender.WaitForRequestHandlerConnection: waiting took 438 ms, with timeout 90000 ms, and result 0, which is success.
TpTrace Verbose: 0 : 30080, 9, 2026/01/30, 16:37:15.449, 302464786044, vstest.console.dll, SocketServer.OnClientConnected: Client connected for endPoint: 127.0.0.1:62234, starting MessageLoopAsync:
TpTrace Verbose: 0 : 30080, 9, 2026/01/30, 16:37:15.450, 302464790740, vstest.console.dll, TcpClientExtensions.MessageLoopAsync: Polling on remoteEndPoint: 127.0.0.1:62235 localEndPoint: 127.0.0.1:62234 after 0 ms
TpTrace Verbose: 0 : 30080, 5, 2026/01/30, 16:37:15.476, 302465058120, vstest.console.dll, TestRequestSender.CheckVersionWithTestHost: Sending check version message: {"MessageType":"ProtocolVersion","Payload":7}
TpTrace Verbose: 0 : 30080, 9, 2026/01/30, 16:37:15.559, 302465883336, vstest.console.dll, TcpClientExtensions.MessageLoopAsync: NotifyDataAvailable remoteEndPoint: 127.0.0.1:62235 localEndPoint: 127.0.0.1:62234
TpTrace Verbose: 0 : 30080, 9, 2026/01/30, 16:37:15.559, 302465886737, vstest.console.dll, TestRequestSender.CheckVersionWithTestHost: onMessageReceived received message: (ProtocolVersion) -> {"MessageType":"ProtocolVersion","Payload":7}
TpTrace Verbose: 0 : 30080, 9, 2026/01/30, 16:37:15.562, 302465912906, vstest.console.dll, MulticastDelegateUtilities.SafeInvoke: LengthPrefixCommunicationChannel: MessageReceived: Invoking callback 1/1 for Microsoft.VisualStudio.TestPlatform.CommunicationUtilities.TestRequestSender+<>c__DisplayClass29_0., took 2 ms.
TpTrace Verbose: 0 : 30080, 9, 2026/01/30, 16:37:15.562, 302465913999, vstest.console.dll, TcpClientExtensions.MessageLoopAsync: Polling on remoteEndPoint: 127.0.0.1:62235 localEndPoint: 127.0.0.1:62234 after 112 ms
TpTrace Verbose: 0 : 30080, 5, 2026/01/30, 16:37:15.562, 302465914664, vstest.console.dll, TestPluginCache.GetExtensionPaths: Filtered extension paths: 
TpTrace Verbose: 0 : 30080, 5, 2026/01/30, 16:37:15.562, 302465915378, vstest.console.dll, TestPluginCache.GetExtensionPaths: Added default extension paths: C:\Program Files\dotnet\sdk\9.0.305\Extensions\Microsoft.Diagnostics.NETCore.Client.dll
C:\Program Files\dotnet\sdk\9.0.305\Extensions\Microsoft.TestPlatform.Extensions.BlameDataCollector.dll
C:\Program Files\dotnet\sdk\9.0.305\Extensions\Microsoft.TestPlatform.Extensions.EventLogCollector.dll
C:\Program Files\dotnet\sdk\9.0.305\Extensions\Microsoft.TestPlatform.TestHostRuntimeProvider.dll
C:\Program Files\dotnet\sdk\9.0.305\Extensions\Microsoft.VisualStudio.TestPlatform.Extensions.Html.TestLogger.dll
C:\Program Files\dotnet\sdk\9.0.305\Extensions\Microsoft.VisualStudio.TestPlatform.Extensions.Trx.TestLogger.dll
TpTrace Verbose: 0 : 30080, 5, 2026/01/30, 16:37:15.562, 302465915557, vstest.console.dll, TestPluginCache.GetExtensionPaths: Added unfilterableExtensionPaths: 
TpTrace Verbose: 0 : 30080, 5, 2026/01/30, 16:37:15.565, 302465948602, vstest.console.dll, TestRequestSender.InitializeExecution: Sending initialize execution with message: {"Version":7,"MessageType":"TestExecution.Initialize","Payload":["C:\\Program Files\\dotnet\\sdk\\9.0.305\\Extensions\\Microsoft.Diagnostics.NETCore.Client.dll","C:\\Program Files\\dotnet\\sdk\\9.0.305\\Extensions\\Microsoft.TestPlatform.Extensions.BlameDataCollector.dll","C:\\Program Files\\dotnet\\sdk\\9.0.305\\Extensions\\Microsoft.TestPlatform.Extensions.EventLogCollector.dll","C:\\Program Files\\dotnet\\sdk\\9.0.305\\Extensions\\Microsoft.TestPlatform.TestHostRuntimeProvider.dll","C:\\Program Files\\dotnet\\sdk\\9.0.305\\Extensions\\Microsoft.VisualStudio.TestPlatform.Extensions.Html.TestLogger.dll","C:\\Program Files\\dotnet\\sdk\\9.0.305\\Extensions\\Microsoft.VisualStudio.TestPlatform.Extensions.Trx.TestLogger.dll","C:\\Proyectos\\Code - Logger\\ModularisTestUnitTests\\bin\\Debug\\Microsoft.VisualStudio.TestPlatform.MSTest.TestAdapter.dll"]}
TpTrace Verbose: 0 : 30080, 5, 2026/01/30, 16:37:15.566, 302465951385, vstest.console.dll, ParallelProxyExecutionManager.StartTestRunOnConcurrentManager: Execution starting. Started clients: 1
TpTrace Warning: 0 : 30080, 5, 2026/01/30, 16:37:15.566, 302465954823, vstest.console.dll, InferRunSettingsHelper.MakeRunsettingsCompatible: Removing the following settings: TargetPlatform from RunSettings file. To use those settings please move to latest version of Microsoft.NET.Test.Sdk
TpTrace Verbose: 0 : 30080, 5, 2026/01/30, 16:37:15.574, 302466033796, vstest.console.dll, TestRequestSender.StartTestRun: Sending test run with message: {"Version":7,"MessageType":"TestExecution.StartWithSources","Payload":{"AdapterSourceMap":{"_none_":["C:\\Proyectos\\Code - Logger\\ModularisTestUnitTests\\bin\\Debug\\ModularisTestUnitTests.dll"]},"RunSettings":"<RunSettings>\r\n  <RunConfiguration>\r\n    <ResultsDirectory>C:\\Proyectos\\Code - Logger\\ModularisTestUnitTests\\TestResults</ResultsDirectory>\r\n    <TargetFrameworkVersion>.NETFramework,Version=v4.8</TargetFrameworkVersion>\r\n    <DesignMode>False</DesignMode>\r\n    <CollectSourceInformation>False</CollectSourceInformation>\r\n  </RunConfiguration>\r\n  <LoggerRunSettings>\r\n    <Loggers>\r\n      <Logger friendlyName=\"Microsoft.TestPlatform.MSBuildLogger\" assemblyQualifiedName=\"Microsoft.VisualStudio.TestPlatform.CommandLine.Internal.MSBuildLogger, vstest.console, Version=15.0.0.0, Culture=neutral, PublicKeyToken=b03f5f7f11d50a3a\" codeBase=\"C:\\Program Files\\dotnet\\sdk\\9.0.305\\vstest.console.dll\" enabled=\"True\">\r\n        <Configuration>\r\n          <Verbosity>minimal</Verbosity>\r\n        </Configuration>\r\n      </Logger>\r\n    </Loggers>\r\n  </LoggerRunSettings>\r\n</RunSettings>","TestExecutionContext":{"FrequencyOfRunStatsChangeEvent":10,"RunStatsChangeEventTimeout":"00:00:01.5000000","InIsolation":false,"KeepAlive":false,"AreTestCaseLevelEventsRequired":false,"IsDebug":false,"TestCaseFilter":null,"FilterOptions":null},"Package":null}}
TpTrace Verbose: 0 : 30080, 5, 2026/01/30, 16:37:15.574, 302466035523, vstest.console.dll, ParallelProxyExecutionManager.StartTestRunOnConcurrentManager: Execution started. Started clients: 1
TpTrace Verbose: 0 : 30080, 9, 2026/01/30, 16:37:15.581, 302466106042, vstest.console.dll, TcpClientExtensions.MessageLoopAsync: NotifyDataAvailable remoteEndPoint: 127.0.0.1:62235 localEndPoint: 127.0.0.1:62234
TpTrace Verbose: 0 : 30080, 9, 2026/01/30, 16:37:15.582, 302466110342, vstest.console.dll, TestRequestSender.OnExecutionMessageReceived: Received message: {"Version":7,"MessageType":"TestSession.Message","Payload":{"MessageLevel":0,"Message":"Registrando diagnóstico de TestHost en el archivo: C:\\Proyectos\\Code - Logger\\ModularisTest\\diag.host.26-01-30_16-37-14_97076_5.log"}}
TpTrace Verbose: 0 : 30080, 9, 2026/01/30, 16:37:15.584, 302466135468, vstest.console.dll, TestRunRequest:SendTestRunMessage: Starting.
TpTrace Verbose: 0 : 30080, 9, 2026/01/30, 16:37:15.584, 302466137867, vstest.console.dll, MulticastDelegateUtilities.SafeInvoke: TestRun.LogMessages: Invoking callback 1/1 for Microsoft.VisualStudio.TestPlatform.CommandLine.TestRunResultAggregator., took 0 ms.
TpTrace Information: 0 : 30080, 9, 2026/01/30, 16:37:15.584, 302466138219, vstest.console.dll, TestRunRequest:SendTestRunMessage: Completed.
TpTrace Verbose: 0 : 30080, 9, 2026/01/30, 16:37:15.584, 302466138428, vstest.console.dll, MulticastDelegateUtilities.SafeInvoke: LengthPrefixCommunicationChannel: MessageReceived: Invoking callback 1/1 for Microsoft.VisualStudio.TestPlatform.CommunicationUtilities.TestRequestSender+<>c__DisplayClass34_0., took 3 ms.
TpTrace Verbose: 0 : 30080, 9, 2026/01/30, 16:37:15.584, 302466138625, vstest.console.dll, TcpClientExtensions.MessageLoopAsync: Polling on remoteEndPoint: 127.0.0.1:62235 localEndPoint: 127.0.0.1:62234 after 22 ms
TpTrace Verbose: 0 : 30080, 4, 2026/01/30, 16:37:15.585, 302466141677, vstest.console.dll, MulticastDelegateUtilities.SafeInvoke: InternalTestLoggerEvents.SendTestRunMessage: Invoking callback 1/1 for Microsoft.VisualStudio.TestPlatform.CommandLine.Internal.MSBuildLogger., took 0 ms.
TpTrace Verbose: 0 : 30080, 9, 2026/01/30, 16:37:16.056, 302470850434, vstest.console.dll, TcpClientExtensions.MessageLoopAsync: NotifyDataAvailable remoteEndPoint: 127.0.0.1:62235 localEndPoint: 127.0.0.1:62234
TpTrace Verbose: 0 : 30080, 9, 2026/01/30, 16:37:16.056, 302470852646, vstest.console.dll, TestRequestSender.OnExecutionMessageReceived: Received message: {"Version":7,"MessageType":"TestSession.Message","Payload":{"MessageLevel":1,"Message":"No se pudieron cargar las extensiones del archivo \"C:\\Proyectos\\Code - Logger\\ModularisTestUnitTests\\bin\\Debug\\Microsoft.VisualStudio.TestPlatform.MSTest.TestAdapter.dll\". Use /diag para obtener más información."}}
TpTrace Verbose: 0 : 30080, 9, 2026/01/30, 16:37:16.056, 302470854435, vstest.console.dll, TestRunRequest:SendTestRunMessage: Starting.
TpTrace Verbose: 0 : 30080, 9, 2026/01/30, 16:37:16.056, 302470855140, vstest.console.dll, MulticastDelegateUtilities.SafeInvoke: TestRun.LogMessages: Invoking callback 1/1 for Microsoft.VisualStudio.TestPlatform.CommandLine.TestRunResultAggregator., took 0 ms.
TpTrace Information: 0 : 30080, 9, 2026/01/30, 16:37:16.056, 302470855391, vstest.console.dll, TestRunRequest:SendTestRunMessage: Completed.
TpTrace Verbose: 0 : 30080, 9, 2026/01/30, 16:37:16.056, 302470855606, vstest.console.dll, MulticastDelegateUtilities.SafeInvoke: LengthPrefixCommunicationChannel: MessageReceived: Invoking callback 1/1 for Microsoft.VisualStudio.TestPlatform.CommunicationUtilities.TestRequestSender+<>c__DisplayClass34_0., took 0 ms.
TpTrace Verbose: 0 : 30080, 9, 2026/01/30, 16:37:16.056, 302470855795, vstest.console.dll, TcpClientExtensions.MessageLoopAsync: Polling on remoteEndPoint: 127.0.0.1:62235 localEndPoint: 127.0.0.1:62234 after 471 ms
TpTrace Verbose: 0 : 30080, 4, 2026/01/30, 16:37:16.056, 302470856304, vstest.console.dll, MulticastDelegateUtilities.SafeInvoke: InternalTestLoggerEvents.SendTestRunMessage: Invoking callback 1/1 for Microsoft.VisualStudio.TestPlatform.CommandLine.Internal.MSBuildLogger., took 0 ms.
TpTrace Verbose: 0 : 30080, 9, 2026/01/30, 16:37:16.298, 302473275653, vstest.console.dll, TcpClientExtensions.MessageLoopAsync: NotifyDataAvailable remoteEndPoint: 127.0.0.1:62235 localEndPoint: 127.0.0.1:62234
TpTrace Verbose: 0 : 30080, 9, 2026/01/30, 16:37:16.298, 302473277128, vstest.console.dll, TestRequestSender.OnExecutionMessageReceived: Received message: {"Version":7,"MessageType":"TestSession.Message","Payload":{"MessageLevel":1,"Message":"No hay ninguna prueba disponible en C:\\Proyectos\\Code - Logger\\ModularisTestUnitTests\\bin\\Debug\\ModularisTestUnitTests.dll. Asegúrese de que los detectores y ejecutores de pruebas están registrados y de que la configuración de versión de la plataforma y de Framework es correcta y vuelva a intentarlo."}}
TpTrace Verbose: 0 : 30080, 9, 2026/01/30, 16:37:16.298, 302473278048, vstest.console.dll, TestRunRequest:SendTestRunMessage: Starting.
TpTrace Verbose: 0 : 30080, 9, 2026/01/30, 16:37:16.298, 302473278410, vstest.console.dll, MulticastDelegateUtilities.SafeInvoke: TestRun.LogMessages: Invoking callback 1/1 for Microsoft.VisualStudio.TestPlatform.CommandLine.TestRunResultAggregator., took 0 ms.
TpTrace Information: 0 : 30080, 9, 2026/01/30, 16:37:16.298, 302473278593, vstest.console.dll, TestRunRequest:SendTestRunMessage: Completed.
TpTrace Verbose: 0 : 30080, 9, 2026/01/30, 16:37:16.298, 302473278776, vstest.console.dll, MulticastDelegateUtilities.SafeInvoke: LengthPrefixCommunicationChannel: MessageReceived: Invoking callback 1/1 for Microsoft.VisualStudio.TestPlatform.CommunicationUtilities.TestRequestSender+<>c__DisplayClass34_0., took 0 ms.
TpTrace Verbose: 0 : 30080, 9, 2026/01/30, 16:37:16.298, 302473278943, vstest.console.dll, TcpClientExtensions.MessageLoopAsync: Polling on remoteEndPoint: 127.0.0.1:62235 localEndPoint: 127.0.0.1:62234 after 242 ms
TpTrace Verbose: 0 : 30080, 4, 2026/01/30, 16:37:16.299, 302473282109, vstest.console.dll, MulticastDelegateUtilities.SafeInvoke: InternalTestLoggerEvents.SendTestRunMessage: Invoking callback 1/1 for Microsoft.VisualStudio.TestPlatform.CommandLine.Internal.MSBuildLogger., took 0 ms.
TpTrace Verbose: 0 : 30080, 9, 2026/01/30, 16:37:16.322, 302473511886, vstest.console.dll, TcpClientExtensions.MessageLoopAsync: NotifyDataAvailable remoteEndPoint: 127.0.0.1:62235 localEndPoint: 127.0.0.1:62234
TpTrace Verbose: 0 : 30080, 9, 2026/01/30, 16:37:16.322, 302473514391, vstest.console.dll, TestRequestSender.OnExecutionMessageReceived: Received message: {"Version":7,"MessageType":"TestExecution.Completed","Payload":{"TestRunCompleteArgs":{"TestRunStatistics":{"ExecutedTests":0,"Stats":{}},"IsCanceled":false,"IsAborted":false,"Error":null,"AttachmentSets":[],"InvokedDataCollectors":[],"ElapsedTimeInRunningTests":"00:00:00.0039903","Metrics":{},"DiscoveredExtensions":{"TestDiscoverers":[],"TestExecutors":[],"TestExecutors2":[],"TestSettingsProviders":[]}},"LastRunTests":{"NewTestResults":[],"TestRunStatistics":{"ExecutedTests":0,"Stats":{}},"ActiveTests":[]},"RunAttachments":[],"ExecutorUris":[]}}
TpTrace Verbose: 0 : 30080, 9, 2026/01/30, 16:37:16.322, 302473515170, vstest.console.dll, TestRequestSender.EndSession: Sending end session.
TpTrace Verbose: 0 : 30080, 9, 2026/01/30, 16:37:16.322, 302473516504, vstest.console.dll, ProxyOperationManager.Close: waiting for test host to exit for 100 ms
TpTrace Verbose: 0 : 30080, 12, 2026/01/30, 16:37:16.335, 302473646031, vstest.console.dll, TestHostManagerCallbacks.StandardOutputReceivedCallback Test host standard output line: 
TpTrace Warning: 0 : 30080, 11, 2026/01/30, 16:37:16.335, 302473646029, vstest.console.dll, TestHostManagerCallbacks.ErrorReceivedCallback Test host standard error line: 
TpTrace Verbose: 0 : 30080, 11, 2026/01/30, 16:37:16.344, 302473739059, vstest.console.dll, TestHostProvider.ExitCallBack: Host exited starting callback.
TpTrace Information: 0 : 30080, 11, 2026/01/30, 16:37:16.345, 302473740359, vstest.console.dll, TestHostManagerCallbacks.ExitCallBack: Testhost processId: 37048 exited with exitcode: 0 error: ''
TpTrace Verbose: 0 : 30080, 11, 2026/01/30, 16:37:16.345, 302473742420, vstest.console.dll, CrossPlatEngine.TestHostManagerHostExited: calling on client process exit callback.
TpTrace Information: 0 : 30080, 11, 2026/01/30, 16:37:16.345, 302473743146, vstest.console.dll, TestRequestSender.OnClientProcessExit: Test host process exited. Standard error: 
TpTrace Information: 0 : 30080, 11, 2026/01/30, 16:37:16.345, 302473743480, vstest.console.dll, SocketServer.Stop: Stop server endPoint: 127.0.0.1:62234
TpTrace Information: 0 : 30080, 11, 2026/01/30, 16:37:16.345, 302473743630, vstest.console.dll, SocketServer.Stop: Cancellation requested. Stopping message loop.
TpTrace Verbose: 0 : 30080, 11, 2026/01/30, 16:37:16.345, 302473744256, vstest.console.dll, MulticastDelegateUtilities.SafeInvoke: HostProviderEvents.OnHostExited: Invoking callback 1/1 for Microsoft.VisualStudio.TestPlatform.CrossPlatEngine.Client.ProxyOperationManager., took 0 ms.
TpTrace Information: 0 : 30080, 9, 2026/01/30, 16:37:16.345, 302473744355, vstest.console.dll, SocketServer.Stop: Stop server endPoint: 127.0.0.1:62234
TpTrace Information: 0 : 30080, 9, 2026/01/30, 16:37:16.345, 302473745102, vstest.console.dll, SocketServer.Stop: Cancellation requested. Stopping message loop.
TpTrace Information: 0 : 30080, 9, 2026/01/30, 16:37:16.345, 302473745420, vstest.console.dll, Closing the connection
TpTrace Verbose: 0 : 30080, 9, 2026/01/30, 16:37:16.358, 302473873484, vstest.console.dll, ParallelRunEventsHandler.HandleTestRunComplete: Handling a run completion, this can be either one part of parallel run completing, or the whole parallel run completing.
TpTrace Verbose: 0 : 30080, 9, 2026/01/30, 16:37:16.359, 302473889225, vstest.console.dll, TestRunRequest:SendTestRunStatsChange: Starting.
TpTrace Verbose: 0 : 30080, 9, 2026/01/30, 16:37:16.360, 302473890408, vstest.console.dll, MulticastDelegateUtilities.SafeInvoke: TestRun.RunStatsChanged: Invoking callbacks was skipped because there are no subscribers.
TpTrace Information: 0 : 30080, 9, 2026/01/30, 16:37:16.360, 302473890760, vstest.console.dll, TestRunRequest:SendTestRunStatsChange: Completed.
TpTrace Verbose: 0 : 30080, 9, 2026/01/30, 16:37:16.360, 302473893765, vstest.console.dll, ParallelProxyExecutionManager: HandlePartialRunComplete: Total workloads = 1, Total started clients = 1 Total completed clients = 1, Run complete = True, Run canceled: False.
TpTrace Verbose: 0 : 30080, 9, 2026/01/30, 16:37:16.360, 302473894438, vstest.console.dll, ParallelProxyExecutionManager: HandlePartialRunComplete: All runs completed stopping all managers.
TpTrace Verbose: 0 : 30080, 9, 2026/01/30, 16:37:16.360, 302473894798, vstest.console.dll, ParallelOperationManager.StopAllManagers: Stopping all managers.
TpTrace Verbose: 0 : 30080, 9, 2026/01/30, 16:37:16.360, 302473895076, vstest.console.dll, ParallelOperationManager.ClearSlots: Clearing all slots. Slots should accept more work: False
TpTrace Verbose: 0 : 30080, 9, 2026/01/30, 16:37:16.360, 302473895412, vstest.console.dll, ParallelOperationManager.SetOccupiedSlotCount: Setting slot counts AvailableSlotCount = 1, OccupiedSlotCount = 0.
TpTrace Verbose: 0 : 30080, 9, 2026/01/30, 16:37:16.360, 302473895704, vstest.console.dll, Occupied slots:

TpTrace Verbose: 0 : 30080, 9, 2026/01/30, 16:37:16.360, 302473895916, vstest.console.dll, ParallelRunEventsHandler.HandleTestRunComplete: Whole parallel run completed.
TpTrace Verbose: 0 : 30080, 4, 2026/01/30, 16:37:16.367, 302473969002, vstest.console.dll, MulticastDelegateUtilities.SafeInvoke: InternalTestLoggerEvents.SendTestRunComplete: Invoking callback 1/1 for Microsoft.VisualStudio.TestPlatform.CommandLine.Internal.MSBuildLogger., took 4 ms.
TpTrace Verbose: 0 : 30080, 9, 2026/01/30, 16:37:16.368, 302473973120, vstest.console.dll, TestRunRequest:TestRunComplete: Starting. IsAborted:False IsCanceled:False.
TpTrace Verbose: 0 : 30080, 9, 2026/01/30, 16:37:16.368, 302473974295, vstest.console.dll, ParallelOperationManager.DoActionOnAllManagers: Calling an action on all managers.
TpTrace Verbose: 0 : 30080, 9, 2026/01/30, 16:37:16.370, 302473993723, vstest.console.dll, TestLoggerManager.HandleTestRunComplete: Ignoring as the object is disposed.
TpTrace Verbose: 0 : 30080, 9, 2026/01/30, 16:37:16.370, 302473998985, vstest.console.dll, MulticastDelegateUtilities.SafeInvoke: TestRun.TestRunComplete: Invoking callback 1/2 for Microsoft.VisualStudio.TestPlatform.CommandLine.TestRunResultAggregator., took 0 ms.
TpTrace Verbose: 0 : 30080, 9, 2026/01/30, 16:37:16.371, 302474002860, vstest.console.dll, MulticastDelegateUtilities.SafeInvoke: TestRun.TestRunComplete: Invoking callback 2/2 for Microsoft.VisualStudio.TestPlatform.CommandLine.Processors.RunTestsArgumentExecutor+TestRunRequestEventsRegistrar., took 0 ms.
TpTrace Information: 0 : 30080, 9, 2026/01/30, 16:37:16.371, 302474004725, vstest.console.dll, TestRunRequest:TestRunComplete: Completed.
TpTrace Verbose: 0 : 30080, 9, 2026/01/30, 16:37:16.371, 302474005401, vstest.console.dll, TestRequestSender.SetOperationComplete: Setting operation complete.
TpTrace Information: 0 : 30080, 9, 2026/01/30, 16:37:16.371, 302474005746, vstest.console.dll, SocketServer.Stop: Stop server endPoint: 127.0.0.1:62234
TpTrace Information: 0 : 30080, 9, 2026/01/30, 16:37:16.371, 302474006047, vstest.console.dll, SocketServer.Stop: Cancellation requested. Stopping message loop.
TpTrace Verbose: 0 : 30080, 2, 2026/01/30, 16:37:16.371, 302474006131, vstest.console.dll, TestRunRequest.Dispose: Starting.
TpTrace Information: 0 : 30080, 2, 2026/01/30, 16:37:16.371, 302474007719, vstest.console.dll, TestRunRequest.Dispose: Completed.
TpTrace Information: 0 : 30080, 2, 2026/01/30, 16:37:16.371, 302474008341, vstest.console.dll, TestRequestManager.RunTests: run tests completed.
TpTrace Information: 0 : 30080, 2, 2026/01/30, 16:37:16.371, 302474009250, vstest.console.dll, RunTestsArgumentProcessor:Execute: Test run is completed.
TpTrace Verbose: 0 : 30080, 9, 2026/01/30, 16:37:16.371, 302474006406, vstest.console.dll, MulticastDelegateUtilities.SafeInvoke: LengthPrefixCommunicationChannel: MessageReceived: Invoking callback 1/1 for Microsoft.VisualStudio.TestPlatform.CommunicationUtilities.TestRequestSender+<>c__DisplayClass34_0., took 49 ms.
TpTrace Information: 0 : 30080, 9, 2026/01/30, 16:37:16.372, 302474010267, vstest.console.dll, SocketServer.PrivateStop: Stopping server endPoint: 127.0.0.1:62234 error: 
TpTrace Verbose: 0 : 30080, 2, 2026/01/30, 16:37:16.372, 302474010665, vstest.console.dll, Executor.Execute: Exiting with exit code of 0
TpTrace Verbose: 0 : 30080, 9, 2026/01/30, 16:37:16.372, 302474013032, vstest.console.dll, LengthPrefixCommunicationChannel.Dispose: Dispose reader and writer.
TpTrace Information: 0 : 30080, 9, 2026/01/30, 16:37:16.372, 302474013572, vstest.console.dll, SocketServer.Stop: Raise disconnected event endPoint: 127.0.0.1:62234 error: 
TpTrace Verbose: 0 : 30080, 9, 2026/01/30, 16:37:16.372, 302474014031, vstest.console.dll, TestRequestSender: OnTestRunAbort: Operation is already complete. Skip error message.
TpTrace Verbose: 0 : 30080, 9, 2026/01/30, 16:37:16.372, 302474014218, vstest.console.dll, MulticastDelegateUtilities.SafeInvoke: SocketServer: ClientDisconnected: Invoking callback 1/1 for Microsoft.VisualStudio.TestPlatform.CommunicationUtilities.TestRequestSender., took 0 ms.
TpTrace Verbose: 0 : 30080, 9, 2026/01/30, 16:37:16.372, 302474014364, vstest.console.dll, TcpClientExtensions.MessageLoopAsync: exiting MessageLoopAsync remoteEndPoint: 127.0.0.1:62235 localEndPoint: 127.0.0.1:62234
